10:53:20: Creating resource group General
10:53:20: Creating resource group Internal
10:53:20: Creating resource group Autodetect
10:53:20: SceneManagerFactory for type 'DefaultSceneManager' registered.
10:53:20: Registering ResourceManager for type Material
10:53:20: Registering ResourceManager for type Mesh
10:53:20: Registering ResourceManager for type Skeleton
10:53:20: MovableObjectFactory for type 'ParticleSystem' registered.
10:53:20: ArchiveFactory for archive type FileSystem registered.
10:53:20: ArchiveFactory for archive type Zip registered.
10:53:20: ArchiveFactory for archive type EmbeddedZip registered.
10:53:20: DDS codec registering
10:53:20: FreeImage version: 3.15.4
10:53:20: This program uses FreeImage, a free, open source image library supporting all common bitmap formats. See http://freeimage.sourceforge.net for details
10:53:20: Supported formats: bmp,ico,jpg,jif,jpeg,jpe,jng,koa,iff,lbm,mng,pbm,pbm,pcd,pcx,pgm,pgm,png,ppm,ppm,ras,tga,targa,tif,tiff,wap,wbmp,wbm,psd,cut,xbm,xpm,gif,hdr,g3,sgi,exr,j2k,j2c,jp2,pfm,pct,pict,pic,3fr,arw,bay,bmq,cap,cine,cr2,crw,cs1,dc2,dcr,drf,dsc,dng,erf,fff,ia,iiq,k25,kc2,kdc,mdc,mef,mos,mrw,nef,nrw,orf,pef,ptx,pxn,qtk,raf,raw,rdc,rw2,rwl,rwz,sr2,srf,srw,sti
10:53:20: Registering ResourceManager for type HighLevelGpuProgram
10:53:20: Registering ResourceManager for type Compositor
10:53:20: MovableObjectFactory for type 'Entity' registered.
10:53:20: MovableObjectFactory for type 'Light' registered.
10:53:20: MovableObjectFactory for type 'BillboardSet' registered.
10:53:20: MovableObjectFactory for type 'ManualObject' registered.
10:53:20: MovableObjectFactory for type 'BillboardChain' registered.
10:53:20: MovableObjectFactory for type 'RibbonTrail' registered.
10:53:20: Loading library /usr/lib/x86_64-linux-gnu/OGRE-1.9.0/RenderSystem_GL
10:53:20: Installing plugin: GL RenderSystem
10:53:20: OpenGL Rendering Subsystem created.
10:53:20: Plugin successfully installed
10:53:20: Loading library /usr/lib/x86_64-linux-gnu/OGRE-1.9.0/Plugin_ParticleFX
10:53:20: Installing plugin: ParticleFX
10:53:20: Particle Emitter Type 'Point' registered
10:53:20: Particle Emitter Type 'Box' registered
10:53:20: Particle Emitter Type 'Ellipsoid' registered
10:53:20: Particle Emitter Type 'Cylinder' registered
10:53:20: Particle Emitter Type 'Ring' registered
10:53:20: Particle Emitter Type 'HollowEllipsoid' registered
10:53:20: Particle Affector Type 'LinearForce' registered
10:53:20: Particle Affector Type 'ColourFader' registered
10:53:20: Particle Affector Type 'ColourFader2' registered
10:53:20: Particle Affector Type 'ColourImage' registered
10:53:20: Particle Affector Type 'ColourInterpolator' registered
10:53:20: Particle Affector Type 'Scaler' registered
10:53:20: Particle Affector Type 'Rotator' registered
10:53:20: Particle Affector Type 'DirectionRandomiser' registered
10:53:20: Particle Affector Type 'DeflectorPlane' registered
10:53:20: Plugin successfully installed
10:53:20: Loading library /usr/lib/x86_64-linux-gnu/OGRE-1.9.0/Plugin_BSPSceneManager
10:53:20: Installing plugin: BSP Scene Manager
10:53:20: Plugin successfully installed
10:53:20: Loading library /usr/lib/x86_64-linux-gnu/OGRE-1.9.0/Plugin_PCZSceneManager
10:53:20: Installing plugin: Portal Connected Zone Scene Manager
10:53:20: PCZone Factory Type 'ZoneType_Default' registered
10:53:20: Plugin successfully installed
10:53:20: Loading library /usr/lib/x86_64-linux-gnu/OGRE-1.9.0/Plugin_OctreeZone
10:53:20: Installing plugin: Octree Zone Factory
10:53:20: Plugin successfully installed
10:53:20: Loading library /usr/lib/x86_64-linux-gnu/OGRE-1.9.0/Plugin_OctreeSceneManager
10:53:20: Installing plugin: Octree Scene Manager
10:53:20: Plugin successfully installed
10:53:20: *-*-* OGRE Initialising
10:53:20: *-*-* Version 1.9.0 (Ghadamon)
10:53:20: Creating resource group Essential
10:53:20: Added resource location '/lusr/opt/ogre-1.9/share/OGRE/Media/thumbnails' of type 'FileSystem' to resource group 'Essential'
10:53:20: Added resource location '/lusr/opt/ogre-1.9/share/OGRE/Media/packs/SdkTrays.zip' of type 'Zip' to resource group 'Essential'
10:53:20: Added resource location '/lusr/opt/ogre-1.9/share/OGRE/Media/packs/profiler.zip' of type 'Zip' to resource group 'Essential'
10:53:20: Added resource location '/lusr/opt/ogre-1.9/share/OGRE/Media' of type 'FileSystem' to resource group 'General'
10:53:20: Creating resource group Popular
10:53:20: Added resource location '/lusr/opt/ogre-1.9/share/OGRE/Media/fonts' of type 'FileSystem' to resource group 'Popular'
10:53:20: Added resource location '/lusr/opt/ogre-1.9/share/OGRE/Media/materials/programs/GLSL' of type 'FileSystem' to resource group 'Popular'
10:53:20: Added resource location '/lusr/opt/ogre-1.9/share/OGRE/Media/materials/scripts' of type 'FileSystem' to resource group 'Popular'
10:53:20: Added resource location '/lusr/opt/ogre-1.9/share/OGRE/Media/materials/textures' of type 'FileSystem' to resource group 'Popular'
10:53:20: Added resource location '/lusr/opt/ogre-1.9/share/OGRE/Media/materials/textures/nvidia' of type 'FileSystem' to resource group 'Popular'
10:53:20: Added resource location '/lusr/opt/ogre-1.9/share/OGRE/Media/models' of type 'FileSystem' to resource group 'Popular'
10:53:20: Added resource location '/lusr/opt/ogre-1.9/share/OGRE/Media/particle' of type 'FileSystem' to resource group 'Popular'
10:53:20: Added resource location '/lusr/opt/ogre-1.9/share/OGRE/Media/DeferredShadingMedia' of type 'FileSystem' to resource group 'Popular'
10:53:20: Added resource location '/lusr/opt/ogre-1.9/share/OGRE/Media/PCZAppMedia' of type 'FileSystem' to resource group 'Popular'
10:53:20: Added resource location '/lusr/opt/ogre-1.9/share/OGRE/Media/RTShaderLib' of type 'FileSystem' to resource group 'Popular'
10:53:20: Added resource location '/lusr/opt/ogre-1.9/share/OGRE/Media/RTShaderLib/materials' of type 'FileSystem' to resource group 'Popular'
10:53:20: Added resource location '/lusr/opt/ogre-1.9/share/OGRE/Media/materials/scripts/SSAO' of type 'FileSystem' to resource group 'Popular'
10:53:20: Added resource location '/lusr/opt/ogre-1.9/share/OGRE/Media/materials/textures/SSAO' of type 'FileSystem' to resource group 'Popular'
10:53:20: Added resource location '/lusr/opt/ogre-1.9/share/OGRE/Media/volumeTerrain' of type 'FileSystem' to resource group 'Popular'
10:53:20: Added resource location '/lusr/opt/ogre-1.9/share/OGRE/Media/packs/cubemap.zip' of type 'Zip' to resource group 'Popular'
10:53:20: Added resource location '/lusr/opt/ogre-1.9/share/OGRE/Media/packs/cubemapsJS.zip' of type 'Zip' to resource group 'Popular'
10:53:20: Added resource location '/lusr/opt/ogre-1.9/share/OGRE/Media/packs/dragon.zip' of type 'Zip' to resource group 'Popular'
10:53:20: Added resource location '/lusr/opt/ogre-1.9/share/OGRE/Media/packs/fresneldemo.zip' of type 'Zip' to resource group 'Popular'
10:53:20: Added resource location '/lusr/opt/ogre-1.9/share/OGRE/Media/packs/ogretestmap.zip' of type 'Zip' to resource group 'Popular'
10:53:20: Added resource location '/lusr/opt/ogre-1.9/share/OGRE/Media/packs/ogredance.zip' of type 'Zip' to resource group 'Popular'
10:53:20: Added resource location '/lusr/opt/ogre-1.9/share/OGRE/Media/packs/Sinbad.zip' of type 'Zip' to resource group 'Popular'
10:53:20: Added resource location '/lusr/opt/ogre-1.9/share/OGRE/Media/packs/skybox.zip' of type 'Zip' to resource group 'Popular'
10:53:20: Added resource location '/lusr/opt/ogre-1.9/share/OGRE/Media/volumeTerrain/volumeTerrainBig.zip' of type 'Zip' to resource group 'Popular'
10:53:20: Creating resource group Tests
10:53:20: Added resource location '/lusr/opt/ogre-1.9/Tests/Media' of type 'FileSystem' to resource group 'Tests'
10:53:25: CPU Identifier & Features
10:53:25: -------------------------
10:53:25:  *   CPU ID: GenuineIntel: Intel(R) Core(TM) i7-4702MQ CPU @ 2.20GHz
10:53:25:  *      SSE: yes
10:53:25:  *     SSE2: yes
10:53:25:  *     SSE3: yes
10:53:25:  *      MMX: yes
10:53:25:  *   MMXEXT: yes
10:53:25:  *    3DNOW: no
10:53:25:  * 3DNOWEXT: no
10:53:25:  *     CMOV: yes
10:53:25:  *      TSC: yes
10:53:25:  *      FPU: yes
10:53:25:  *      PRO: yes
10:53:25:  *       HT: no
10:53:25: -------------------------
10:53:25: ******************************
*** Starting GLX Subsystem ***
******************************
10:53:25: Registering ResourceManager for type Texture
10:53:25: GLRenderSystem::_createRenderWindow "TutorialApplication Render Window", 1600x900 fullscreen  miscParams: FSAA=0 displayFrequency=60 Hz gamma=No vsync=No 
10:53:25: GLXWindow::create used FBConfigID = 102
10:53:25: GL_VERSION = 3.0 Mesa 10.1.3
10:53:25: GL_VENDOR = Intel Open Source Technology Center
10:53:25: GL_RENDERER = Mesa DRI Intel(R) Haswell Mobile 
10:53:25: GL_EXTENSIONS = GL_ARB_multisample GL_EXT_abgr GL_EXT_bgra GL_EXT_blend_color GL_EXT_blend_minmax GL_EXT_blend_subtract GL_EXT_copy_texture GL_EXT_polygon_offset GL_EXT_subtexture GL_EXT_texture_object GL_EXT_vertex_array GL_EXT_compiled_vertex_array GL_EXT_texture GL_EXT_texture3D GL_IBM_rasterpos_clip GL_ARB_point_parameters GL_EXT_draw_range_elements GL_EXT_packed_pixels GL_EXT_point_parameters GL_EXT_rescale_normal GL_EXT_separate_specular_color GL_EXT_texture_edge_clamp GL_SGIS_generate_mipmap GL_SGIS_texture_border_clamp GL_SGIS_texture_edge_clamp GL_SGIS_texture_lod GL_ARB_framebuffer_sRGB GL_ARB_multitexture GL_EXT_framebuffer_sRGB GL_IBM_multimode_draw_arrays GL_IBM_texture_mirrored_repeat GL_3DFX_texture_compression_FXT1 GL_ARB_texture_cube_map GL_ARB_texture_env_add GL_ARB_transpose_matrix GL_EXT_blend_func_separate GL_EXT_fog_coord GL_EXT_multi_draw_arrays GL_EXT_secondary_color GL_EXT_texture_env_add GL_EXT_texture_filter_anisotropic GL_EXT_texture_lod_bias GL_INGR_blend_func_separate GL_NV_blend_square GL_NV_light_max_exponent GL_NV_texgen_reflection GL_NV_texture_env_combine4 GL_S3_s3tc GL_SUN_multi_draw_arrays GL_ARB_texture_border_clamp GL_ARB_texture_compression GL_EXT_framebuffer_object GL_EXT_texture_compression_s3tc GL_EXT_texture_env_combine GL_EXT_texture_env_dot3 GL_MESA_window_pos GL_NV_packed_depth_stencil GL_NV_texture_rectangle GL_ARB_depth_texture GL_ARB_occlusion_query GL_ARB_shadow GL_ARB_texture_env_combine GL_ARB_texture_env_crossbar GL_ARB_texture_env_dot3 GL_ARB_texture_mirrored_repeat GL_ARB_window_pos GL_ATI_envmap_bumpmap GL_EXT_stencil_two_side GL_EXT_texture_cube_map GL_NV_depth_clamp GL_APPLE_packed_pixels GL_APPLE_vertex_array_object GL_ARB_draw_buffers GL_ARB_fragment_program GL_ARB_fragment_shader GL_ARB_shader_objects GL_ARB_vertex_program GL_ARB_vertex_shader GL_ATI_draw_buffers GL_ATI_texture_env_combine3 GL_ATI_texture_float GL_EXT_shadow_funcs GL_EXT_stencil_wrap GL_MESA_pack_invert GL_NV_primitive_restart GL_ARB_depth_clamp GL_ARB_fragment_program_shadow GL_ARB_half_float_pixel GL_ARB_occlusion_query2 GL_ARB_point_sprite GL_ARB_shading_language_100 GL_ARB_sync GL_ARB_texture_non_power_of_two GL_ARB_vertex_buffer_object GL_ATI_blend_equation_separate GL_EXT_blend_equation_separate GL_OES_read_format GL_ARB_color_buffer_float GL_ARB_pixel_buffer_object GL_ARB_texture_compression_rgtc GL_ARB_texture_float GL_ARB_texture_rectangle GL_EXT_packed_float GL_EXT_pixel_buffer_object GL_EXT_texture_compression_dxt1 GL_EXT_texture_compression_rgtc GL_EXT_texture_rectangle GL_EXT_texture_sRGB GL_EXT_texture_shared_exponent GL_ARB_framebuffer_object GL_EXT_framebuffer_blit GL_EXT_framebuffer_multisample GL_EXT_packed_depth_stencil GL_APPLE_object_purgeable GL_ARB_vertex_array_object GL_ATI_separate_stencil GL_EXT_draw_buffers2 GL_EXT_draw_instanced GL_EXT_gpu_program_parameters GL_EXT_texture_array GL_EXT_texture_integer GL_EXT_texture_sRGB_decode GL_EXT_timer_query GL_OES_EGL_image GL_ARB_copy_buffer GL_ARB_depth_buffer_float GL_ARB_draw_instanced GL_ARB_half_float_vertex GL_ARB_instanced_arrays GL_ARB_map_buffer_range GL_ARB_texture_rg GL_ARB_texture_swizzle GL_ARB_vertex_array_bgra GL_EXT_separate_shader_objects GL_EXT_texture_swizzle GL_EXT_vertex_array_bgra GL_NV_conditional_render GL_AMD_conservative_depth GL_AMD_draw_buffers_blend GL_AMD_seamless_cubemap_per_texture GL_ARB_ES2_compatibility GL_ARB_blend_func_extended GL_ARB_debug_output GL_ARB_draw_buffers_blend GL_ARB_draw_elements_base_vertex GL_ARB_explicit_attrib_location GL_ARB_fragment_coord_conventions GL_ARB_provoking_vertex GL_ARB_sample_shading GL_ARB_sampler_objects GL_ARB_seamless_cube_map GL_ARB_shader_texture_lod GL_ARB_texture_cube_map_array GL_ARB_texture_gather GL_ARB_texture_multisample GL_ARB_texture_query_lod GL_ARB_texture_rgb10_a2ui GL_ARB_uniform_buffer_object GL_ARB_vertex_type_2_10_10_10_rev GL_EXT_provoking_vertex GL_EXT_texture_snorm GL_MESA_texture_signed_rgba GL_ARB_get_program_binary GL_ARB_robustness GL_ARB_shader_bit_encoding GL_ARB_timer_query GL_ANGLE_texture_compression_dxt3 GL_ANGLE_texture_compression_dxt5 GL_ARB_conservative_depth GL_ARB_internalformat_query GL_ARB_map_buffer_alignment GL_ARB_shader_atomic_counters GL_ARB_shading_language_420pack GL_ARB_shading_language_packing GL_ARB_texture_storage GL_EXT_framebuffer_multisample_blit_scaled GL_EXT_transform_feedback GL_AMD_shader_trinary_minmax GL_ARB_ES3_compatibility GL_ARB_clear_buffer_object GL_ARB_invalidate_subdata GL_ARB_texture_query_levels GL_ARB_texture_storage_multisample GL_ARB_vertex_attrib_binding GL_KHR_debug GL_ARB_texture_mirror_clamp_to_edge GL_ARB_vertex_type_10f_11f_11f_rev GL_EXT_shader_integer_mix 
10:53:25: Supported GLX extensions: GLX_ARB_create_context GLX_ARB_create_context_profile GLX_ARB_create_context_robustness GLX_ARB_fbconfig_float GLX_ARB_framebuffer_sRGB GLX_ARB_get_proc_address GLX_ARB_multisample GLX_EXT_import_context GLX_EXT_visual_info GLX_EXT_visual_rating GLX_EXT_framebuffer_sRGB GLX_EXT_create_context_es2_profile GLX_MESA_copy_sub_buffer GLX_MESA_multithread_makecurrent GLX_MESA_query_renderer GLX_MESA_swap_control GLX_OML_swap_method GLX_OML_sync_control GLX_SGI_make_current_read GLX_SGI_swap_control GLX_SGI_video_sync GLX_SGIS_multisample GLX_SGIX_fbconfig GLX_SGIX_pbuffer GLX_SGIX_visual_select_group GLX_EXT_texture_from_pixmap GLX_INTEL_swap_event 
10:53:25: ***************************
10:53:25: *** GL Renderer Started ***
10:53:25: ***************************
10:53:25: Registering ResourceManager for type GpuProgram
10:53:25: GLSL support detected
10:53:25: GL: Using GL_EXT_framebuffer_object for rendering to textures (best)
10:53:25: FBO PF_UNKNOWN depth/stencil support: D0S1 D0S4 D0S8 D0S16 D16S0 D16S1 D16S4 D16S8 D16S16 D24S0 D24S1 D24S4 D24S8 D24S16 D32S0 D32S1 D32S4 D32S8 D32S16 Packed-D24S8 
10:53:25: FBO PF_A8 depth/stencil support: D0S0 D0S1 D0S4 D0S8 D0S16 D16S0 D16S1 D16S4 D16S8 D16S16 D24S0 D24S1 D24S4 D24S8 D24S16 D32S0 D32S1 D32S4 D32S8 D32S16 Packed-D24S8 
10:53:25: FBO PF_R5G6B5 depth/stencil support: D0S0 D0S1 D0S4 D0S8 D0S16 D16S0 D16S1 D16S4 D16S8 D16S16 D24S0 D24S1 D24S4 D24S8 D24S16 D32S0 D32S1 D32S4 D32S8 D32S16 Packed-D24S8 
10:53:25: FBO PF_B5G6R5 depth/stencil support: D0S0 D0S1 D0S4 D0S8 D0S16 D16S0 D16S1 D16S4 D16S8 D16S16 D24S0 D24S1 D24S4 D24S8 D24S16 D32S0 D32S1 D32S4 D32S8 D32S16 Packed-D24S8 
10:53:25: FBO PF_A4R4G4B4 depth/stencil support: D0S0 D0S1 D0S4 D0S8 D0S16 D16S0 D16S1 D16S4 D16S8 D16S16 D24S0 D24S1 D24S4 D24S8 D24S16 D32S0 D32S1 D32S4 D32S8 D32S16 Packed-D24S8 
10:53:25: FBO PF_A1R5G5B5 depth/stencil support: D0S0 D0S1 D0S4 D0S8 D0S16 D16S0 D16S1 D16S4 D16S8 D16S16 D24S0 D24S1 D24S4 D24S8 D24S16 D32S0 D32S1 D32S4 D32S8 D32S16 Packed-D24S8 
10:53:25: FBO PF_R8G8B8 depth/stencil support: D0S0 D0S1 D0S4 D0S8 D0S16 D16S0 D16S1 D16S4 D16S8 D16S16 D24S0 D24S1 D24S4 D24S8 D24S16 D32S0 D32S1 D32S4 D32S8 D32S16 Packed-D24S8 
10:53:25: FBO PF_B8G8R8 depth/stencil support: D0S0 D0S1 D0S4 D0S8 D0S16 D16S0 D16S1 D16S4 D16S8 D16S16 D24S0 D24S1 D24S4 D24S8 D24S16 D32S0 D32S1 D32S4 D32S8 D32S16 Packed-D24S8 
10:53:25: FBO PF_A8R8G8B8 depth/stencil support: D0S0 D0S1 D0S4 D0S8 D0S16 D16S0 D16S1 D16S4 D16S8 D16S16 D24S0 D24S1 D24S4 D24S8 D24S16 D32S0 D32S1 D32S4 D32S8 D32S16 Packed-D24S8 
10:53:25: FBO PF_B8G8R8A8 depth/stencil support: D0S0 D0S1 D0S4 D0S8 D0S16 D16S0 D16S1 D16S4 D16S8 D16S16 D24S0 D24S1 D24S4 D24S8 D24S16 D32S0 D32S1 D32S4 D32S8 D32S16 Packed-D24S8 
10:53:25: FBO PF_A2R10G10B10 depth/stencil support: D0S0 D0S1 D0S4 D0S8 D0S16 D16S0 D16S1 D16S4 D16S8 D16S16 D24S0 D24S1 D24S4 D24S8 D24S16 D32S0 D32S1 D32S4 D32S8 D32S16 Packed-D24S8 
10:53:25: FBO PF_A2B10G10R10 depth/stencil support: D0S0 D0S1 D0S4 D0S8 D0S16 D16S0 D16S1 D16S4 D16S8 D16S16 D24S0 D24S1 D24S4 D24S8 D24S16 D32S0 D32S1 D32S4 D32S8 D32S16 Packed-D24S8 
10:53:25: FBO PF_FLOAT16_RGBA depth/stencil support: D0S0 D0S1 D0S4 D0S8 D0S16 D16S0 D16S1 D16S4 D16S8 D16S16 D24S0 D24S1 D24S4 D24S8 D24S16 D32S0 D32S1 D32S4 D32S8 D32S16 Packed-D24S8 
10:53:25: FBO PF_FLOAT32_RGBA depth/stencil support: D0S0 D0S1 D0S4 D0S8 D0S16 D16S0 D16S1 D16S4 D16S8 D16S16 D24S0 D24S1 D24S4 D24S8 D24S16 D32S0 D32S1 D32S4 D32S8 D32S16 Packed-D24S8 
10:53:25: FBO PF_X8R8G8B8 depth/stencil support: D0S0 D0S1 D0S4 D0S8 D0S16 D16S0 D16S1 D16S4 D16S8 D16S16 D24S0 D24S1 D24S4 D24S8 D24S16 D32S0 D32S1 D32S4 D32S8 D32S16 Packed-D24S8 
10:53:25: FBO PF_X8B8G8R8 depth/stencil support: D0S0 D0S1 D0S4 D0S8 D0S16 D16S0 D16S1 D16S4 D16S8 D16S16 D24S0 D24S1 D24S4 D24S8 D24S16 D32S0 D32S1 D32S4 D32S8 D32S16 Packed-D24S8 
10:53:25: FBO PF_SHORT_RGBA depth/stencil support: D0S0 D0S1 D0S4 D0S8 D0S16 D16S0 D16S1 D16S4 D16S8 D16S16 D24S0 D24S1 D24S4 D24S8 D24S16 D32S0 D32S1 D32S4 D32S8 D32S16 Packed-D24S8 
10:53:25: FBO PF_R3G3B2 depth/stencil support: D0S0 D0S1 D0S4 D0S8 D0S16 D16S0 D16S1 D16S4 D16S8 D16S16 D24S0 D24S1 D24S4 D24S8 D24S16 D32S0 D32S1 D32S4 D32S8 D32S16 Packed-D24S8 
10:53:25: FBO PF_FLOAT16_R depth/stencil support: D0S0 D0S1 D0S4 D0S8 D0S16 D16S0 D16S1 D16S4 D16S8 D16S16 D24S0 D24S1 D24S4 D24S8 D24S16 D32S0 D32S1 D32S4 D32S8 D32S16 Packed-D24S8 
10:53:25: FBO PF_FLOAT32_R depth/stencil support: D0S0 D0S1 D0S4 D0S8 D0S16 D16S0 D16S1 D16S4 D16S8 D16S16 D24S0 D24S1 D24S4 D24S8 D24S16 D32S0 D32S1 D32S4 D32S8 D32S16 Packed-D24S8 
10:53:25: [GL] : Valid FBO targets PF_UNKNOWN PF_A8 PF_R5G6B5 PF_B5G6R5 PF_A4R4G4B4 PF_A1R5G5B5 PF_R8G8B8 PF_B8G8R8 PF_A8R8G8B8 PF_B8G8R8A8 PF_A2R10G10B10 PF_A2B10G10R10 PF_FLOAT16_RGBA PF_FLOAT32_RGBA PF_X8R8G8B8 PF_X8B8G8R8 PF_SHORT_RGBA PF_R3G3B2 PF_FLOAT16_R PF_FLOAT32_R 
10:53:25: RenderSystem capabilities
10:53:25: -------------------------
10:53:25: RenderSystem Name: OpenGL Rendering Subsystem
10:53:25: GPU Vendor: intel
10:53:25: Device Name: Mesa DRI Intel(R) Haswell Mobile 
10:53:25: Driver Version: 3.0.0.0
10:53:25:  * Fixed function pipeline: yes
10:53:25:  * Hardware generation of mipmaps: no
10:53:25:  * Texture blending: yes
10:53:25:  * Anisotropic texture filtering: yes
10:53:25:  * Dot product texture operation: yes
10:53:25:  * Cube mapping: yes
10:53:25:  * Hardware stencil buffer: yes
10:53:25:    - Stencil depth: 8
10:53:25:    - Two sided stencil support: yes
10:53:25:    - Wrap stencil values: yes
10:53:25:  * Hardware vertex / index buffers: yes
10:53:25:  * 32-bit index buffers: yes
10:53:25:  * Vertex programs: yes
10:53:25:  * Number of floating-point constants for vertex programs: 4096
10:53:25:  * Number of integer constants for vertex programs: 0
10:53:25:  * Number of boolean constants for vertex programs: 0
10:53:25:  * Fragment programs: yes
10:53:25:  * Number of floating-point constants for fragment programs: 4096
10:53:25:  * Number of integer constants for fragment programs: 0
10:53:25:  * Number of boolean constants for fragment programs: 0
10:53:25:  * Geometry programs: no
10:53:25:  * Number of floating-point constants for geometry programs: 52396
10:53:25:  * Number of integer constants for geometry programs: 39851
10:53:25:  * Number of boolean constants for geometry programs: 17749
10:53:25:  * Tesselation Hull programs: no
10:53:25:  * Number of floating-point constants for tesselation hull programs: 25056
10:53:25:  * Number of integer constants for tesselation hull programs: 3300
10:53:25:  * Number of boolean constants for tesselation hull programs: 47928
10:53:25:  * Tesselation Domain programs: no
10:53:25:  * Number of floating-point constants for tesselation domain programs: 51643
10:53:25:  * Number of integer constants for tesselation domain programs: 19845
10:53:25:  * Number of boolean constants for tesselation domain programs: 44767
10:53:25:  * Compute programs: no
10:53:25:  * Number of floating-point constants for compute programs: 6008
10:53:25:  * Number of integer constants for compute programs: 54336
10:53:25:  * Number of boolean constants for compute programs: 7637
10:53:25:  * Supported Shader Profiles: arbfp1 arbvp1 glsl glsl100 glsl110 glsl120
10:53:25:  * Texture Compression: yes
10:53:25:    - DXT: yes
10:53:25:    - VTC: no
10:53:25:    - PVRTC: no
10:53:25:    - ATC: no
10:53:25:    - ETC1: no
10:53:25:    - ETC2: no
10:53:25:    - BC4/BC5: no
10:53:25:    - BC6H/BC7: no
10:53:25:  * Scissor Rectangle: yes
10:53:25:  * Hardware Occlusion Query: yes
10:53:25:  * User clip planes: yes
10:53:25:  * VET_UBYTE4 vertex element type: yes
10:53:25:  * Infinite far plane projection: yes
10:53:25:  * Hardware render-to-texture: yes
10:53:25:  * Floating point textures: yes
10:53:25:  * Non-power-of-two textures: yes
10:53:25:  * 1d textures: yes
10:53:25:  * Volume textures: yes
10:53:25:  * Multiple Render Targets: 8
10:53:25:    - With different bit depths: yes
10:53:25:  * Point Sprites: yes
10:53:25:  * Extended point parameters: yes
10:53:25:  * Max Point Size: 255
10:53:25:  * Vertex texture fetch: yes
10:53:25:  * Number of world matrices: 0
10:53:25:  * Number of texture units: 16
10:53:25:  * Stencil buffer depth: 8
10:53:25:  * Number of vertex blend matrices: 0
10:53:25:    - Max vertex textures: 32
10:53:25:    - Vertex textures shared: yes
10:53:25:  * Render to Vertex Buffer : no
10:53:25:  * Hardware Atomic Counters: no
10:53:25:  * GL 1.5 without VBO workaround: no
10:53:25:  * Frame Buffer objects: yes
10:53:25:  * Frame Buffer objects (ARB extension): no
10:53:25:  * Frame Buffer objects (ATI extension): no
10:53:25:  * PBuffer support: yes
10:53:25:  * GL 1.5 without HW-occlusion workaround: no
10:53:25:  * Vertex Array Objects: no
10:53:25:  * Separate shader objects: no
10:53:25: DefaultWorkQueue('Root') initialising on thread 7ff090990840.
10:53:25: DefaultWorkQueue('Root')::WorkerFunc - thread 7ff0832d8700 starting.
10:53:25: DefaultWorkQueue('Root')::WorkerFunc - thread 7ff0822d6700 starting.
10:53:25: DefaultWorkQueue('Root')::WorkerFunc - thread 7ff082ad7700 starting.
10:53:25: DefaultWorkQueue('Root')::WorkerFunc - thread 7ff071ad5700 starting.
10:53:25: DefaultWorkQueue('Root')::WorkerFunc - thread 7ff080ad3700 starting.
10:53:25: DefaultWorkQueue('Root')::WorkerFunc - thread 7ff07bfff700 starting.
10:53:25: DefaultWorkQueue('Root')::WorkerFunc - thread 7ff081ad5700 starting.
10:53:25: DefaultWorkQueue('Root')::WorkerFunc - thread 7ff0812d4700 starting.
10:53:25: Particle Renderer Type 'billboard' registered
10:53:25: SceneManagerFactory for type 'BspSceneManager' registered.
10:53:25: Registering ResourceManager for type BspLevel
10:53:25: SceneManagerFactory for type 'PCZSceneManager' registered.
10:53:25: MovableObjectFactory for type 'PCZLight' registered.
10:53:25: MovableObjectFactory for type 'Portal' registered.
10:53:25: MovableObjectFactory for type 'AntiPortal' registered.
10:53:25: PCZone Factory Type 'ZoneType_Octree' registered
10:53:25: SceneManagerFactory for type 'OctreeSceneManager' registered.
10:53:25: OverlayElementFactory for type Panel registered.
10:53:25: OverlayElementFactory for type BorderPanel registered.
10:53:25: OverlayElementFactory for type TextArea registered.
10:53:25: Registering ResourceManager for type Font
10:53:25: Parsing scripts for resource group Autodetect
10:53:25: Finished parsing scripts for resource group Autodetect
10:53:25: Creating resources for group Autodetect
10:53:25: All done
10:53:25: Parsing scripts for resource group Essential
10:53:25: Parsing script SdkTrays.material
10:53:25: Parsing script OgreProfiler.material
10:53:25: Parsing script SdkTrays.fontdef
10:53:25: Parsing script SdkTrays.overlay
10:53:25: Texture: sdk_cursor.png: Loading 1 faces(PF_A8R8G8B8,32x32x1) with 5 generated mipmaps from Image. Internal format is PF_A8R8G8B8,32x32x1.
10:53:25: Texture: sdk_tray.png: Loading 1 faces(PF_A8R8G8B8,64x64x1) with 5 generated mipmaps from Image. Internal format is PF_A8R8G8B8,64x64x1.
10:53:25: Texture: sdk_button_up.png: Loading 1 faces(PF_A8R8G8B8,128x32x1) with 5 generated mipmaps from Image. Internal format is PF_A8R8G8B8,128x32x1.
10:53:25: Texture: sdk_text_box.png: Loading 1 faces(PF_A8R8G8B8,32x32x1) with 5 generated mipmaps from Image. Internal format is PF_A8R8G8B8,32x32x1.
10:53:25: Texture: sdk_mini_tray.png: Loading 1 faces(PF_A8R8G8B8,32x32x1) with 5 generated mipmaps from Image. Internal format is PF_A8R8G8B8,32x32x1.
10:53:25: Texture: sdk_track.png: Loading 1 faces(PF_A8R8G8B8,16x32x1) with 5 generated mipmaps from Image. Internal format is PF_A8R8G8B8,16x32x1.
10:53:25: Texture: sdk_handle.png: Loading 1 faces(PF_A8R8G8B8,16x16x1) with 4 generated mipmaps from Image. Internal format is PF_A8R8G8B8,16x16x1.
10:53:25: Texture: sdk_mini_text_box.png: Loading 1 faces(PF_A8R8G8B8,32x32x1) with 5 generated mipmaps from Image. Internal format is PF_A8R8G8B8,32x32x1.
10:53:25: Texture: sdk_label.png: Loading 1 faces(PF_A8R8G8B8,32x32x1) with 5 generated mipmaps from Image. Internal format is PF_A8R8G8B8,32x32x1.
10:53:25: Texture: sdk_separator.png: Loading 1 faces(PF_A8R8G8B8,64x16x1) with 5 generated mipmaps from Image. Internal format is PF_A8R8G8B8,64x16x1.
10:53:25: Texture: sdk_logo.png: Loading 1 faces(PF_A8R8G8B8,128x64x1) with 5 generated mipmaps from Image. Internal format is PF_A8R8G8B8,128x64x1.
10:53:25: Texture: sdk_shade.png: Loading 1 faces(PF_A8R8G8B8,64x48x1) with 5 generated mipmaps from Image. Internal format is PF_A8R8G8B8,64x48x1.
10:53:25: Texture: sdk_frame.png: Loading 1 faces(PF_A8R8G8B8,32x32x1) with 5 generated mipmaps from Image. Internal format is PF_A8R8G8B8,32x32x1.
10:53:25: Texture: sdk_mini_text_box_over.png: Loading 1 faces(PF_A8R8G8B8,32x32x1) with 5 generated mipmaps from Image. Internal format is PF_A8R8G8B8,32x32x1.
10:53:25: Texture: sdk_pulse.png: Loading 1 faces(PF_R8G8B8,8x1x1) with 3 generated mipmaps from Image. Internal format is PF_X8R8G8B8,8x1x1.
10:53:25: Finished parsing scripts for resource group Essential
10:53:25: Creating resources for group Essential
10:53:25: All done
10:53:25: Parsing scripts for resource group General
10:53:25: Finished parsing scripts for resource group General
10:53:25: Creating resources for group General
10:53:25: All done
10:53:25: Parsing scripts for resource group Internal
10:53:25: Finished parsing scripts for resource group Internal
10:53:25: Creating resources for group Internal
10:53:25: All done
10:53:25: Parsing scripts for resource group Popular
10:53:25: Parsing script Instancing.program
10:53:25: Parsing script StdQuad_vp.program
10:53:25: Parsing script DualQuaternion.program
10:53:25: Parsing script Examples.program
10:53:25: Parsing script ShadowCaster.program
10:53:25: Parsing script deferred_post.program
10:53:25: Parsing script GBuffer.program
10:53:25: Parsing script triplanarReference.program
10:53:25: Parsing script CompositorDemo.material
10:53:25: Parsing script Halftone.material
10:53:25: Parsing script Embossed.material
10:53:25: Parsing script IsoSurf.material
10:53:25: Parsing script DepthShadowmap.material
10:53:25: Parsing script Ocean.material
10:53:25: Parsing script OffsetMapping.material
10:53:25: Compiler error: object unsupported by render system in OffsetMapping.material(35): , Shader name: Examples/OffsetMappingPSAsm
10:53:25: Parsing script Dither.material
10:53:25: Parsing script Bloom.material
10:53:25: Parsing script Glass.material
10:53:25: Parsing script ASMSwizzle.material
10:53:25: Compiler error: object unsupported by render system in ASMSwizzle.material(1): , Shader name: Ogre/GPTest/Swizzle_GP_ASM
10:53:25: Parsing script OldMovie.material
10:53:25: Parsing script HW_VTF_LUTInstancing.material
10:53:25: Parsing script BlackAndWhite.material
10:53:25: Parsing script HWInstancing.material
10:53:25: Parsing script InstancingMisc.material
10:53:25: Parsing script OldTV.material
10:53:25: Parsing script pssm.material
10:53:25: Parsing script Examples-DynTex.material
10:53:25: Parsing script RZR-002.material
10:53:25: Parsing script CGSwizzle.material
10:53:25: Parsing script RadialBlur.material
10:53:25: Parsing script shadows.material
10:53:25: Parsing script HeatVision.material
10:53:25: Parsing script Hurt.material
10:53:25: Parsing script instancing.material
10:53:25: Parsing script Tesselation.material
10:53:25: Parsing script Penguin.material
10:53:25: Parsing script Examples-Advanced.material
10:53:25: Compiler error: object unsupported by render system in Examples-Advanced.material(728): , Shader name: Examples/FresnelRefractReflectPS
10:53:25: Compiler error: object unsupported by render system in Examples-Advanced.material(1027): , Shader name: Examples/TextureArrayPSasm
10:53:25: Parsing script Posterize.material
10:53:25: Parsing script SharpenEdges.material
10:53:25: Parsing script MotionBlur.material
10:53:25: Parsing script hdr.material
10:53:25: Parsing script GLSLSwizzle.material
10:53:25: Parsing script NightVision.material
10:53:25: Parsing script AdaptivePNTrianglesTessellation.material
10:53:25: Parsing script ShaderSystem.material
10:53:25: Parsing script Examples.material
10:53:25: Parsing script DualQuaternion.material
10:53:25: Parsing script facial.material
10:53:25: Parsing script HW_VTFInstancing.material
10:53:25: Parsing script VarianceShadowmap.material
10:53:25: Parsing script ParticleGS.material
10:53:25: Parsing script smoke.material
10:53:25: Parsing script Example-Water.material
10:53:25: Parsing script Ogre.material
10:53:25: Parsing script Examples-Water.material
10:53:25: Parsing script Bloom2.material
10:53:25: Parsing script Invert.material
10:53:25: Parsing script RasterizationOrder.material
10:53:25: Parsing script ShaderInstancing.material
10:53:25: Parsing script Laplace.material
10:53:25: Parsing script DOF.material
10:53:25: Parsing script MRTtest.material
10:53:25: Parsing script ASCII.material
10:53:25: Parsing script Tiling.material
10:53:25: Parsing script sibenik.material
10:53:25: Parsing script VTFInstancing.material
10:53:25: Parsing script deferred_post_minilight.material
10:53:25: Parsing script deferreddemo.material
10:53:25: Parsing script ssao.material
10:53:25: Parsing script deferred_post.material
10:53:25: Parsing script ShadowCaster.material
10:53:25: Parsing script ROOM.material
10:53:25: Parsing script RTShaderSystem.material
10:53:25: Compiler error: unknown error in RTShaderSystem.material(23): token "rtshader_system" is not recognized
10:53:25: Compiler error: unknown error in RTShaderSystem.material(52): token "rtshader_system" is not recognized
10:53:25: Compiler error: unknown error in RTShaderSystem.material(81): token "rtshader_system" is not recognized
10:53:25: Compiler error: unknown error in RTShaderSystem.material(110): token "rtshader_system" is not recognized
10:53:25: Compiler error: unknown error in RTShaderSystem.material(146): token "rtshader_system" is not recognized
10:53:25: Compiler error: unknown error in RTShaderSystem.material(81): token "rtshader_system" is not recognized
10:53:25: Compiler error: unknown error in RTShaderSystem.material(162): token "rtshader_system" is not recognized
10:53:25: Compiler error: unknown error in RTShaderSystem.material(81): token "rtshader_system" is not recognized
10:53:25: Compiler error: unknown error in RTShaderSystem.material(110): token "rtshader_system" is not recognized
10:53:25: Compiler error: unknown error in RTShaderSystem.material(211): token "rtshader_system" is not recognized
10:53:25: Parsing script DualQuaternionSkinning_Shadow.material
10:53:25: OGRE EXCEPTION(6:FileNotFoundException): Cannot locate resource DualQuaternionSkinning_ShadowOneWeight.glsl in resource group Popular or any other group. in ResourceGroupManager::openResource at /home/nicolas/cs354r/ogre/OgreMain/src/OgreResourceGroupManager.cpp (line 756)
10:53:25: High-level program Ogre/RTShader/shadow_caster_dq_skinning_1weight_vs_glsl encountered an error during loading and is thus not supported.
OGRE EXCEPTION(6:FileNotFoundException): Cannot locate resource DualQuaternionSkinning_ShadowOneWeight.glsl in resource group Popular or any other group. in ResourceGroupManager::openResource at /home/nicolas/cs354r/ogre/OgreMain/src/OgreResourceGroupManager.cpp (line 756)
10:53:25: OGRE EXCEPTION(2:InvalidParametersException): Named constants have not been initialised, perhaps a compile error. in GpuProgramParameters::_findNamedConstantDefinition at /home/nicolas/cs354r/ogre/OgreMain/src/OgreGpuProgramParams.cpp (line 1709)
10:53:25: Compiler error: invalid parameters in DualQuaternionSkinning_Shadow.material(121): setting of constant failed
10:53:25: OGRE EXCEPTION(2:InvalidParametersException): Named constants have not been initialised, perhaps a compile error. in GpuProgramParameters::_findNamedConstantDefinition at /home/nicolas/cs354r/ogre/OgreMain/src/OgreGpuProgramParams.cpp (line 1709)
10:53:25: Compiler error: invalid parameters in DualQuaternionSkinning_Shadow.material(122): setting of constant failed
10:53:25: OGRE EXCEPTION(2:InvalidParametersException): Named constants have not been initialised, perhaps a compile error. in GpuProgramParameters::_findNamedConstantDefinition at /home/nicolas/cs354r/ogre/OgreMain/src/OgreGpuProgramParams.cpp (line 1709)
10:53:25: Compiler error: invalid parameters in DualQuaternionSkinning_Shadow.material(123): setting of constant failed
10:53:25: OGRE EXCEPTION(6:FileNotFoundException): Cannot locate resource DualQuaternionSkinning_ShadowTwoWeights.glsl in resource group Popular or any other group. in ResourceGroupManager::openResource at /home/nicolas/cs354r/ogre/OgreMain/src/OgreResourceGroupManager.cpp (line 756)
10:53:25: High-level program Ogre/RTShader/shadow_caster_dq_skinning_2weight_vs_glsl encountered an error during loading and is thus not supported.
OGRE EXCEPTION(6:FileNotFoundException): Cannot locate resource DualQuaternionSkinning_ShadowTwoWeights.glsl in resource group Popular or any other group. in ResourceGroupManager::openResource at /home/nicolas/cs354r/ogre/OgreMain/src/OgreResourceGroupManager.cpp (line 756)
10:53:25: OGRE EXCEPTION(2:InvalidParametersException): Named constants have not been initialised, perhaps a compile error. in GpuProgramParameters::_findNamedConstantDefinition at /home/nicolas/cs354r/ogre/OgreMain/src/OgreGpuProgramParams.cpp (line 1709)
10:53:25: Compiler error: invalid parameters in DualQuaternionSkinning_Shadow.material(135): setting of constant failed
10:53:25: OGRE EXCEPTION(2:InvalidParametersException): Named constants have not been initialised, perhaps a compile error. in GpuProgramParameters::_findNamedConstantDefinition at /home/nicolas/cs354r/ogre/OgreMain/src/OgreGpuProgramParams.cpp (line 1709)
10:53:25: Compiler error: invalid parameters in DualQuaternionSkinning_Shadow.material(136): setting of constant failed
10:53:25: OGRE EXCEPTION(2:InvalidParametersException): Named constants have not been initialised, perhaps a compile error. in GpuProgramParameters::_findNamedConstantDefinition at /home/nicolas/cs354r/ogre/OgreMain/src/OgreGpuProgramParams.cpp (line 1709)
10:53:25: Compiler error: invalid parameters in DualQuaternionSkinning_Shadow.material(137): setting of constant failed
10:53:25: OGRE EXCEPTION(6:FileNotFoundException): Cannot locate resource DualQuaternionSkinning_ShadowThreeWeights.glsl in resource group Popular or any other group. in ResourceGroupManager::openResource at /home/nicolas/cs354r/ogre/OgreMain/src/OgreResourceGroupManager.cpp (line 756)
10:53:25: High-level program Ogre/RTShader/shadow_caster_dq_skinning_3weight_vs_glsl encountered an error during loading and is thus not supported.
OGRE EXCEPTION(6:FileNotFoundException): Cannot locate resource DualQuaternionSkinning_ShadowThreeWeights.glsl in resource group Popular or any other group. in ResourceGroupManager::openResource at /home/nicolas/cs354r/ogre/OgreMain/src/OgreResourceGroupManager.cpp (line 756)
10:53:25: OGRE EXCEPTION(2:InvalidParametersException): Named constants have not been initialised, perhaps a compile error. in GpuProgramParameters::_findNamedConstantDefinition at /home/nicolas/cs354r/ogre/OgreMain/src/OgreGpuProgramParams.cpp (line 1709)
10:53:25: Compiler error: invalid parameters in DualQuaternionSkinning_Shadow.material(149): setting of constant failed
10:53:25: OGRE EXCEPTION(2:InvalidParametersException): Named constants have not been initialised, perhaps a compile error. in GpuProgramParameters::_findNamedConstantDefinition at /home/nicolas/cs354r/ogre/OgreMain/src/OgreGpuProgramParams.cpp (line 1709)
10:53:25: Compiler error: invalid parameters in DualQuaternionSkinning_Shadow.material(150): setting of constant failed
10:53:25: OGRE EXCEPTION(2:InvalidParametersException): Named constants have not been initialised, perhaps a compile error. in GpuProgramParameters::_findNamedConstantDefinition at /home/nicolas/cs354r/ogre/OgreMain/src/OgreGpuProgramParams.cpp (line 1709)
10:53:25: Compiler error: invalid parameters in DualQuaternionSkinning_Shadow.material(151): setting of constant failed
10:53:25: OGRE EXCEPTION(6:FileNotFoundException): Cannot locate resource DualQuaternionSkinning_ShadowFourWeights.glsl in resource group Popular or any other group. in ResourceGroupManager::openResource at /home/nicolas/cs354r/ogre/OgreMain/src/OgreResourceGroupManager.cpp (line 756)
10:53:25: High-level program Ogre/RTShader/shadow_caster_dq_skinning_4weight_vs_glsl encountered an error during loading and is thus not supported.
OGRE EXCEPTION(6:FileNotFoundException): Cannot locate resource DualQuaternionSkinning_ShadowFourWeights.glsl in resource group Popular or any other group. in ResourceGroupManager::openResource at /home/nicolas/cs354r/ogre/OgreMain/src/OgreResourceGroupManager.cpp (line 756)
10:53:25: OGRE EXCEPTION(2:InvalidParametersException): Named constants have not been initialised, perhaps a compile error. in GpuProgramParameters::_findNamedConstantDefinition at /home/nicolas/cs354r/ogre/OgreMain/src/OgreGpuProgramParams.cpp (line 1709)
10:53:25: Compiler error: invalid parameters in DualQuaternionSkinning_Shadow.material(163): setting of constant failed
10:53:25: OGRE EXCEPTION(2:InvalidParametersException): Named constants have not been initialised, perhaps a compile error. in GpuProgramParameters::_findNamedConstantDefinition at /home/nicolas/cs354r/ogre/OgreMain/src/OgreGpuProgramParams.cpp (line 1709)
10:53:25: Compiler error: invalid parameters in DualQuaternionSkinning_Shadow.material(164): setting of constant failed
10:53:25: OGRE EXCEPTION(2:InvalidParametersException): Named constants have not been initialised, perhaps a compile error. in GpuProgramParameters::_findNamedConstantDefinition at /home/nicolas/cs354r/ogre/OgreMain/src/OgreGpuProgramParams.cpp (line 1709)
10:53:25: Compiler error: invalid parameters in DualQuaternionSkinning_Shadow.material(165): setting of constant failed
10:53:25: OGRE EXCEPTION(6:FileNotFoundException): Cannot locate resource DualQuaternionSkinning_ShadowCasterTwoPhaseTwoWeights.glsl in resource group Popular or any other group. in ResourceGroupManager::openResource at /home/nicolas/cs354r/ogre/OgreMain/src/OgreResourceGroupManager.cpp (line 756)
10:53:25: High-level program Ogre/RTShader/shadow_caster_dq_skinning_2weight_twophase_vs_glsl encountered an error during loading and is thus not supported.
OGRE EXCEPTION(6:FileNotFoundException): Cannot locate resource DualQuaternionSkinning_ShadowCasterTwoPhaseTwoWeights.glsl in resource group Popular or any other group. in ResourceGroupManager::openResource at /home/nicolas/cs354r/ogre/OgreMain/src/OgreResourceGroupManager.cpp (line 756)
10:53:25: OGRE EXCEPTION(2:InvalidParametersException): Named constants have not been initialised, perhaps a compile error. in GpuProgramParameters::_findNamedConstantDefinition at /home/nicolas/cs354r/ogre/OgreMain/src/OgreGpuProgramParams.cpp (line 1709)
10:53:25: Compiler error: invalid parameters in DualQuaternionSkinning_Shadow.material(374): setting of constant failed
10:53:25: OGRE EXCEPTION(2:InvalidParametersException): Named constants have not been initialised, perhaps a compile error. in GpuProgramParameters::_findNamedConstantDefinition at /home/nicolas/cs354r/ogre/OgreMain/src/OgreGpuProgramParams.cpp (line 1709)
10:53:25: Compiler error: invalid parameters in DualQuaternionSkinning_Shadow.material(375): setting of constant failed
10:53:25: OGRE EXCEPTION(2:InvalidParametersException): Named constants have not been initialised, perhaps a compile error. in GpuProgramParameters::_findNamedConstantDefinition at /home/nicolas/cs354r/ogre/OgreMain/src/OgreGpuProgramParams.cpp (line 1709)
10:53:25: Compiler error: invalid parameters in DualQuaternionSkinning_Shadow.material(376): setting of constant failed
10:53:25: OGRE EXCEPTION(2:InvalidParametersException): Named constants have not been initialised, perhaps a compile error. in GpuProgramParameters::_findNamedConstantDefinition at /home/nicolas/cs354r/ogre/OgreMain/src/OgreGpuProgramParams.cpp (line 1709)
10:53:25: Compiler error: invalid parameters in DualQuaternionSkinning_Shadow.material(377): setting of constant failed
10:53:25: OGRE EXCEPTION(6:FileNotFoundException): Cannot locate resource DualQuaternionSkinning_ShadowPassThrough_ps.glsl in resource group Popular or any other group. in ResourceGroupManager::openResource at /home/nicolas/cs354r/ogre/OgreMain/src/OgreResourceGroupManager.cpp (line 756)
10:53:25: High-level program Ogre/RTShader/shadow_caster_dq_ps_glsl encountered an error during loading and is thus not supported.
OGRE EXCEPTION(6:FileNotFoundException): Cannot locate resource DualQuaternionSkinning_ShadowPassThrough_ps.glsl in resource group Popular or any other group. in ResourceGroupManager::openResource at /home/nicolas/cs354r/ogre/OgreMain/src/OgreResourceGroupManager.cpp (line 756)
10:53:25: Parsing script TriplanarTexturing.material
10:53:25: Compiler error: unknown error in TriplanarTexturing.material(9): token "rtshader_system" is not recognized
10:53:25: Parsing script HardwareSkinningShadow.material
10:53:25: OGRE EXCEPTION(6:FileNotFoundException): Cannot locate resource HardwareSkinningShadow_TwoWeights.glsl in resource group Popular or any other group. in ResourceGroupManager::openResource at /home/nicolas/cs354r/ogre/OgreMain/src/OgreResourceGroupManager.cpp (line 756)
10:53:25: High-level program Ogre/RTShader/shadow_caster_skinning_2weight_vs_glsl encountered an error during loading and is thus not supported.
OGRE EXCEPTION(6:FileNotFoundException): Cannot locate resource HardwareSkinningShadow_TwoWeights.glsl in resource group Popular or any other group. in ResourceGroupManager::openResource at /home/nicolas/cs354r/ogre/OgreMain/src/OgreResourceGroupManager.cpp (line 756)
10:53:25: OGRE EXCEPTION(2:InvalidParametersException): Named constants have not been initialised, perhaps a compile error. in GpuProgramParameters::_findNamedConstantDefinition at /home/nicolas/cs354r/ogre/OgreMain/src/OgreGpuProgramParams.cpp (line 1709)
10:53:25: Compiler error: invalid parameters in HardwareSkinningShadow.material(169): setting of constant failed
10:53:25: OGRE EXCEPTION(2:InvalidParametersException): Named constants have not been initialised, perhaps a compile error. in GpuProgramParameters::_findNamedConstantDefinition at /home/nicolas/cs354r/ogre/OgreMain/src/OgreGpuProgramParams.cpp (line 1709)
10:53:25: Compiler error: invalid parameters in HardwareSkinningShadow.material(170): setting of constant failed
10:53:25: OGRE EXCEPTION(2:InvalidParametersException): Named constants have not been initialised, perhaps a compile error. in GpuProgramParameters::_findNamedConstantDefinition at /home/nicolas/cs354r/ogre/OgreMain/src/OgreGpuProgramParams.cpp (line 1709)
10:53:25: Compiler error: invalid parameters in HardwareSkinningShadow.material(171): setting of constant failed
10:53:25: OGRE EXCEPTION(6:FileNotFoundException): Cannot locate resource HardwareSkinningShadow_Fragment.glsl in resource group Popular or any other group. in ResourceGroupManager::openResource at /home/nicolas/cs354r/ogre/OgreMain/src/OgreResourceGroupManager.cpp (line 756)
10:53:25: High-level program Ogre/RTShader/shadow_caster_ps_glsl encountered an error during loading and is thus not supported.
OGRE EXCEPTION(6:FileNotFoundException): Cannot locate resource HardwareSkinningShadow_Fragment.glsl in resource group Popular or any other group. in ResourceGroupManager::openResource at /home/nicolas/cs354r/ogre/OgreMain/src/OgreResourceGroupManager.cpp (line 756)
10:53:25: Parsing script CreaseShading.material
10:53:25: Parsing script ShowDepth.material
10:53:25: Parsing script UnsharpMask.material
10:53:25: Parsing script Volumetric.material
10:53:25: Parsing script HemisphereMC.material
10:53:25: Parsing script ShowViewPos.material
10:53:25: Parsing script Modulate.material
10:53:25: Parsing script ShowNormals.material
10:53:25: Parsing script SSAOPost.material
10:53:25: Parsing script GBuffer.material
10:53:25: Parsing script Crytek.material
10:53:25: Parsing script HorizonBased.material
10:53:25: Parsing script triplanarReference.material
10:53:25: Parsing script RomanBath.material
10:53:25: Parsing script Sinbad.material
10:53:25: Parsing script smoke.particle
10:53:25: Parsing script Examples.particle
10:53:25: Parsing script emitted_emitter.particle
10:53:25: Parsing script Examples-Water.particle
10:53:25: Parsing script Examples.compositor
10:53:25: Parsing script ssao.compositor
10:53:25: Parsing script deferred.compositor
10:53:25: Parsing script SSAOPost.compositor
10:53:25: Parsing script SSAO.compositor
10:53:25: Finished parsing scripts for resource group Popular
10:53:25: Creating resources for group Popular
10:53:25: All done
10:53:25: Parsing scripts for resource group Tests
10:53:25: Finished parsing scripts for resource group Tests
10:53:25: Creating resources for group Tests
10:53:25: All done
10:53:25: Mesh: Loading sphere.mesh.
10:53:25: Texture: rockwall.tga: Loading 1 faces(PF_R8G8B8,256x256x1) with 5 generated mipmaps from Image. Internal format is PF_X8R8G8B8,256x256x1.
10:53:25: *** Initializing OIS ***
10:53:25: OGRE EXCEPTION(7:InternalErrorException): Cannot load GL vertex program Ogre/ShadowExtrudeDirLightFiniteDebug.  Line 299:
line 12, char 5: error: syntax error, unexpected IDENTIFIER, expecting RESULT or USED_IDENTIFIER
 in Ogre/ShadowExtrudeDirLightFiniteDebug at /home/nicolas/cs354r/ogre/RenderSystems/GL/src/OgreGLGpuProgram.cpp (line 251)
10:53:25: Gpu program Ogre/ShadowExtrudeDirLightFiniteDebug encountered an error during loading and is thus not supported.
10:53:25: Texture: spot_shadow_fade.png: Loading 1 faces(PF_R8G8B8,128x128x1) with 5 generated mipmaps from Image. Internal format is PF_X8R8G8B8,128x128x1.
10:53:25: Font SdkTrays/Caption using texture size 512x256
10:53:25: Info: Freetype returned null for character 160 in font SdkTrays/Caption
10:53:25: Texture: SdkTrays/CaptionTexture: Loading 1 faces(PF_BYTE_LA,512x256x1) with 0 generated mipmaps from Image. Internal format is PF_BYTE_LA,512x256x1.
10:53:25: Font SdkTrays/Value using texture size 512x256
10:53:25: Info: Freetype returned null for character 127 in font SdkTrays/Value
10:53:25: Info: Freetype returned null for character 128 in font SdkTrays/Value
10:53:25: Info: Freetype returned null for character 129 in font SdkTrays/Value
10:53:25: Info: Freetype returned null for character 130 in font SdkTrays/Value
10:53:25: Info: Freetype returned null for character 131 in font SdkTrays/Value
10:53:25: Info: Freetype returned null for character 132 in font SdkTrays/Value
10:53:25: Info: Freetype returned null for character 133 in font SdkTrays/Value
10:53:25: Info: Freetype returned null for character 134 in font SdkTrays/Value
10:53:25: Info: Freetype returned null for character 135 in font SdkTrays/Value
10:53:25: Info: Freetype returned null for character 136 in font SdkTrays/Value
10:53:25: Info: Freetype returned null for character 137 in font SdkTrays/Value
10:53:25: Info: Freetype returned null for character 138 in font SdkTrays/Value
10:53:25: Info: Freetype returned null for character 139 in font SdkTrays/Value
10:53:25: Info: Freetype returned null for character 140 in font SdkTrays/Value
10:53:25: Info: Freetype returned null for character 141 in font SdkTrays/Value
10:53:25: Info: Freetype returned null for character 142 in font SdkTrays/Value
10:53:25: Info: Freetype returned null for character 143 in font SdkTrays/Value
10:53:25: Info: Freetype returned null for character 144 in font SdkTrays/Value
10:53:25: Info: Freetype returned null for character 145 in font SdkTrays/Value
10:53:25: Info: Freetype returned null for character 146 in font SdkTrays/Value
10:53:25: Info: Freetype returned null for character 147 in font SdkTrays/Value
10:53:25: Info: Freetype returned null for character 148 in font SdkTrays/Value
10:53:25: Info: Freetype returned null for character 149 in font SdkTrays/Value
10:53:25: Info: Freetype returned null for character 150 in font SdkTrays/Value
10:53:25: Info: Freetype returned null for character 151 in font SdkTrays/Value
10:53:25: Info: Freetype returned null for character 152 in font SdkTrays/Value
10:53:25: Info: Freetype returned null for character 153 in font SdkTrays/Value
10:53:25: Info: Freetype returned null for character 154 in font SdkTrays/Value
10:53:25: Info: Freetype returned null for character 155 in font SdkTrays/Value
10:53:25: Info: Freetype returned null for character 156 in font SdkTrays/Value
10:53:25: Info: Freetype returned null for character 157 in font SdkTrays/Value
10:53:25: Info: Freetype returned null for character 158 in font SdkTrays/Value
10:53:25: Info: Freetype returned null for character 159 in font SdkTrays/Value
10:53:25: Info: Freetype returned null for character 160 in font SdkTrays/Value
10:53:25: Texture: SdkTrays/ValueTexture: Loading 1 faces(PF_BYTE_LA,512x256x1) with 0 generated mipmaps from Image. Internal format is PF_BYTE_LA,512x256x1.
10:53:32: Unregistering ResourceManager for type Font
10:53:32: DefaultWorkQueue('Root') shutting down on thread 7ff090990840.
10:53:32: DefaultWorkQueue('Root')::WorkerFunc - thread 7ff0832d8700 stopped.
10:53:32: DefaultWorkQueue('Root')::WorkerFunc - thread 7ff071ad5700 stopped.
10:53:32: DefaultWorkQueue('Root')::WorkerFunc - thread 7ff080ad3700 stopped.
10:53:32: DefaultWorkQueue('Root')::WorkerFunc - thread 7ff0822d6700 stopped.
10:53:32: DefaultWorkQueue('Root')::WorkerFunc - thread 7ff07bfff700 stopped.
10:53:32: DefaultWorkQueue('Root')::WorkerFunc - thread 7ff082ad7700 stopped.
10:53:32: DefaultWorkQueue('Root')::WorkerFunc - thread 7ff0812d4700 stopped.
10:53:32: DefaultWorkQueue('Root')::WorkerFunc - thread 7ff081ad5700 stopped.
10:53:32: PCZone Factory Type 'ZoneType_Octree' unregistered
10:53:32: Unregistering ResourceManager for type BspLevel
10:53:32: *-*-* OGRE Shutdown
10:53:32: Unregistering ResourceManager for type Compositor
10:53:32: Unregistering ResourceManager for type Skeleton
10:53:32: Unregistering ResourceManager for type Mesh
10:53:32: Unregistering ResourceManager for type HighLevelGpuProgram
10:53:32: Uninstalling plugin: Octree Scene Manager
10:53:32: Plugin successfully uninstalled
10:53:32: Unloading library /usr/lib/x86_64-linux-gnu/OGRE-1.9.0/Plugin_OctreeSceneManager
10:53:32: Uninstalling plugin: Octree Zone Factory
10:53:32: Plugin successfully uninstalled
10:53:32: Unloading library /usr/lib/x86_64-linux-gnu/OGRE-1.9.0/Plugin_OctreeZone
10:53:32: Uninstalling plugin: Portal Connected Zone Scene Manager
10:53:32: Plugin successfully uninstalled
10:53:32: Unloading library /usr/lib/x86_64-linux-gnu/OGRE-1.9.0/Plugin_PCZSceneManager
10:53:32: Uninstalling plugin: BSP Scene Manager
10:53:32: Plugin successfully uninstalled
10:53:32: Unloading library /usr/lib/x86_64-linux-gnu/OGRE-1.9.0/Plugin_BSPSceneManager
10:53:32: Uninstalling plugin: ParticleFX
10:53:32: Plugin successfully uninstalled
10:53:32: Unloading library /usr/lib/x86_64-linux-gnu/OGRE-1.9.0/Plugin_ParticleFX
10:53:32: Uninstalling plugin: GL RenderSystem
10:53:32: Unregistering ResourceManager for type GpuProgram
10:53:32: ******************************
*** Stopping GLX Subsystem ***
******************************
10:53:32: Unregistering ResourceManager for type Texture
10:53:32: Plugin successfully uninstalled
10:53:32: Unloading library /usr/lib/x86_64-linux-gnu/OGRE-1.9.0/RenderSystem_GL
10:53:32: Unregistering ResourceManager for type Material
