14/05/2015 14:14:44 (Std) 	+-+-+-+-+-+-+-+-+-+-+-+-+-+-+-+-+-+-+-+-+-+-+-+-+-+-+-+-+-+-+-+-+-+-+-+-+-+-+-+
14/05/2015 14:14:44 (Std) 	+                     Crazy Eddie's GUI System - Event log                    +
14/05/2015 14:14:44 (Std) 	+                          (http://www.cegui.org.uk/)                         +
14/05/2015 14:14:44 (Std) 	+-+-+-+-+-+-+-+-+-+-+-+-+-+-+-+-+-+-+-+-+-+-+-+-+-+-+-+-+-+-+-+-+-+-+-+-+-+-+-+

14/05/2015 14:14:44 (Std) 	CEGUI::Logger singleton created. (0x23c4640)
14/05/2015 14:14:44 (Std) 	
14/05/2015 14:14:44 (Std) 	********************************************************************************
14/05/2015 14:14:44 (Std) 	* Important:                                                                   *
14/05/2015 14:14:44 (Std) 	*     To get support at the CEGUI forums, you must post _at least_ the section *
14/05/2015 14:14:44 (Std) 	*     of this log file indicated below.  Failure to do this will result in no  *
14/05/2015 14:14:44 (Std) 	*     support being given; please do not waste our time.                       *
14/05/2015 14:14:44 (Std) 	********************************************************************************
14/05/2015 14:14:44 (Std) 	********************************************************************************
14/05/2015 14:14:44 (Std) 	* -------- START OF ESSENTIAL SECTION TO BE POSTED ON THE FORUM       -------- *
14/05/2015 14:14:44 (Std) 	********************************************************************************
14/05/2015 14:14:44 (Std) 	---- Version: 0.8.4 (Build: Mar  2 2015 GNU/Linux g++ 4.8.2 64 bit) ----
14/05/2015 14:14:44 (Std) 	---- Renderer module is: CEGUI::OgreRenderer - Official OGRE based 2nd generation renderer module. ----
14/05/2015 14:14:44 (Std) 	---- XML Parser module is: CEGUI::ExpatParser - Official expat based parser module for CEGUI ----
14/05/2015 14:14:44 (Std) 	---- Image Codec module is: OgreImageCodec - Integrated ImageCodec using the Ogre engine. ----
14/05/2015 14:14:44 (Std) 	---- Scripting module is: None ----
14/05/2015 14:14:44 (Std) 	********************************************************************************
14/05/2015 14:14:44 (Std) 	* -------- END OF ESSENTIAL SECTION TO BE POSTED ON THE FORUM         -------- *
14/05/2015 14:14:44 (Std) 	********************************************************************************
14/05/2015 14:14:44 (Std) 	
14/05/2015 14:14:44 (Std) 	---- Begining CEGUI System initialisation ----
14/05/2015 14:14:44 (Std) 	[CEGUI::ImageManager] Singleton created (0x23c5c20)
14/05/2015 14:14:44 (Std) 	[CEGUI::ImageManager] Registered Image type: BasicImage
14/05/2015 14:14:44 (Std) 	CEGUI::FontManager singleton created. (0x23c5370)
14/05/2015 14:14:44 (Std) 	CEGUI::WindowFactoryManager singleton created
14/05/2015 14:14:44 (Std) 	CEGUI::WindowManager singleton created (0x23c4aa0)
14/05/2015 14:14:44 (Std) 	CEGUI::SchemeManager singleton created. (0x23c62e0)
14/05/2015 14:14:44 (Std) 	CEGUI::GlobalEventSet singleton created. (0x1826040)
14/05/2015 14:14:44 (Std) 	CEGUI::AnimationManager singleton created (0x23c6410)
14/05/2015 14:14:44 (Std) 	CEGUI::WidgetLookManager singleton created. (0x1ad14d0)
14/05/2015 14:14:44 (Std) 	CEGUI::WindowRendererManager singleton created (0x1831850)
14/05/2015 14:14:44 (Std) 	CEGUI::RenderEffectManager singleton created (0x23c5ca0)
14/05/2015 14:14:44 (Std) 	Created WindowFactory for 'DefaultWindow' windows.
14/05/2015 14:14:44 (Std) 	WindowFactory for 'DefaultWindow' windows added. (0x23cb710)
14/05/2015 14:14:44 (Std) 	Created WindowFactory for 'DragContainer' windows.
14/05/2015 14:14:44 (Std) 	WindowFactory for 'DragContainer' windows added. (0x23cb8b0)
14/05/2015 14:14:44 (Std) 	Created WindowFactory for 'ScrolledContainer' windows.
14/05/2015 14:14:44 (Std) 	WindowFactory for 'ScrolledContainer' windows added. (0x23cba50)
14/05/2015 14:14:44 (Std) 	Created WindowFactory for 'ClippedContainer' windows.
14/05/2015 14:14:44 (Std) 	WindowFactory for 'ClippedContainer' windows added. (0x23cbbf0)
14/05/2015 14:14:44 (Std) 	Created WindowFactory for 'CEGUI/PushButton' windows.
14/05/2015 14:14:44 (Std) 	WindowFactory for 'CEGUI/PushButton' windows added. (0x23cbd90)
14/05/2015 14:14:44 (Std) 	Created WindowFactory for 'CEGUI/RadioButton' windows.
14/05/2015 14:14:44 (Std) 	WindowFactory for 'CEGUI/RadioButton' windows added. (0x23cbf30)
14/05/2015 14:14:44 (Std) 	Created WindowFactory for 'CEGUI/Combobox' windows.
14/05/2015 14:14:44 (Std) 	WindowFactory for 'CEGUI/Combobox' windows added. (0x23cc0d0)
14/05/2015 14:14:44 (Std) 	Created WindowFactory for 'CEGUI/ComboDropList' windows.
14/05/2015 14:14:44 (Std) 	WindowFactory for 'CEGUI/ComboDropList' windows added. (0x23cc270)
14/05/2015 14:14:44 (Std) 	Created WindowFactory for 'CEGUI/Editbox' windows.
14/05/2015 14:14:44 (Std) 	WindowFactory for 'CEGUI/Editbox' windows added. (0x23cc410)
14/05/2015 14:14:44 (Std) 	Created WindowFactory for 'CEGUI/FrameWindow' windows.
14/05/2015 14:14:44 (Std) 	WindowFactory for 'CEGUI/FrameWindow' windows added. (0x23cc5b0)
14/05/2015 14:14:44 (Std) 	Created WindowFactory for 'CEGUI/ItemEntry' windows.
14/05/2015 14:14:44 (Std) 	WindowFactory for 'CEGUI/ItemEntry' windows added. (0x23cc750)
14/05/2015 14:14:44 (Std) 	Created WindowFactory for 'CEGUI/Listbox' windows.
14/05/2015 14:14:44 (Std) 	WindowFactory for 'CEGUI/Listbox' windows added. (0x23cc8f0)
14/05/2015 14:14:44 (Std) 	Created WindowFactory for 'CEGUI/ListHeader' windows.
14/05/2015 14:14:44 (Std) 	WindowFactory for 'CEGUI/ListHeader' windows added. (0x23cca90)
14/05/2015 14:14:44 (Std) 	Created WindowFactory for 'CEGUI/ListHeaderSegment' windows.
14/05/2015 14:14:44 (Std) 	WindowFactory for 'CEGUI/ListHeaderSegment' windows added. (0x23ccc30)
14/05/2015 14:14:44 (Std) 	Created WindowFactory for 'CEGUI/Menubar' windows.
14/05/2015 14:14:44 (Std) 	WindowFactory for 'CEGUI/Menubar' windows added. (0x23ccdd0)
14/05/2015 14:14:44 (Std) 	Created WindowFactory for 'CEGUI/PopupMenu' windows.
14/05/2015 14:14:44 (Std) 	WindowFactory for 'CEGUI/PopupMenu' windows added. (0x23ccf70)
14/05/2015 14:14:44 (Std) 	Created WindowFactory for 'CEGUI/MenuItem' windows.
14/05/2015 14:14:44 (Std) 	WindowFactory for 'CEGUI/MenuItem' windows added. (0x23cd110)
14/05/2015 14:14:44 (Std) 	Created WindowFactory for 'CEGUI/MultiColumnList' windows.
14/05/2015 14:14:44 (Std) 	WindowFactory for 'CEGUI/MultiColumnList' windows added. (0x23cd3c0)
14/05/2015 14:14:44 (Std) 	Created WindowFactory for 'CEGUI/MultiLineEditbox' windows.
14/05/2015 14:14:44 (Std) 	WindowFactory for 'CEGUI/MultiLineEditbox' windows added. (0x23cd560)
14/05/2015 14:14:44 (Std) 	Created WindowFactory for 'CEGUI/ProgressBar' windows.
14/05/2015 14:14:44 (Std) 	WindowFactory for 'CEGUI/ProgressBar' windows added. (0x23cd700)
14/05/2015 14:14:44 (Std) 	Created WindowFactory for 'CEGUI/ScrollablePane' windows.
14/05/2015 14:14:44 (Std) 	WindowFactory for 'CEGUI/ScrollablePane' windows added. (0x23cd8a0)
14/05/2015 14:14:44 (Std) 	Created WindowFactory for 'CEGUI/Scrollbar' windows.
14/05/2015 14:14:44 (Std) 	WindowFactory for 'CEGUI/Scrollbar' windows added. (0x23cda40)
14/05/2015 14:14:44 (Std) 	Created WindowFactory for 'CEGUI/Slider' windows.
14/05/2015 14:14:44 (Std) 	WindowFactory for 'CEGUI/Slider' windows added. (0x23cdbe0)
14/05/2015 14:14:44 (Std) 	Created WindowFactory for 'CEGUI/Spinner' windows.
14/05/2015 14:14:44 (Std) 	WindowFactory for 'CEGUI/Spinner' windows added. (0x23cdd80)
14/05/2015 14:14:44 (Std) 	Created WindowFactory for 'CEGUI/TabButton' windows.
14/05/2015 14:14:44 (Std) 	WindowFactory for 'CEGUI/TabButton' windows added. (0x23cdf20)
14/05/2015 14:14:44 (Std) 	Created WindowFactory for 'CEGUI/TabControl' windows.
14/05/2015 14:14:44 (Std) 	WindowFactory for 'CEGUI/TabControl' windows added. (0x23ce0c0)
14/05/2015 14:14:44 (Std) 	Created WindowFactory for 'CEGUI/Thumb' windows.
14/05/2015 14:14:44 (Std) 	WindowFactory for 'CEGUI/Thumb' windows added. (0x23ce260)
14/05/2015 14:14:44 (Std) 	Created WindowFactory for 'CEGUI/Titlebar' windows.
14/05/2015 14:14:44 (Std) 	WindowFactory for 'CEGUI/Titlebar' windows added. (0x23ce400)
14/05/2015 14:14:44 (Std) 	Created WindowFactory for 'CEGUI/ToggleButton' windows.
14/05/2015 14:14:44 (Std) 	WindowFactory for 'CEGUI/ToggleButton' windows added. (0x23ce5a0)
14/05/2015 14:14:44 (Std) 	Created WindowFactory for 'CEGUI/Tooltip' windows.
14/05/2015 14:14:44 (Std) 	WindowFactory for 'CEGUI/Tooltip' windows added. (0x23ce740)
14/05/2015 14:14:44 (Std) 	Created WindowFactory for 'CEGUI/ItemListbox' windows.
14/05/2015 14:14:44 (Std) 	WindowFactory for 'CEGUI/ItemListbox' windows added. (0x23ce8e0)
14/05/2015 14:14:44 (Std) 	Created WindowFactory for 'CEGUI/GroupBox' windows.
14/05/2015 14:14:44 (Std) 	WindowFactory for 'CEGUI/GroupBox' windows added. (0x23cea80)
14/05/2015 14:14:44 (Std) 	Created WindowFactory for 'CEGUI/Tree' windows.
14/05/2015 14:14:44 (Std) 	WindowFactory for 'CEGUI/Tree' windows added. (0x23cec20)
14/05/2015 14:14:44 (Std) 	Created WindowFactory for 'LayoutCell' windows.
14/05/2015 14:14:44 (Std) 	WindowFactory for 'LayoutCell' windows added. (0x23cd2b0)
14/05/2015 14:14:44 (Std) 	Created WindowFactory for 'HorizontalLayoutContainer' windows.
14/05/2015 14:14:44 (Std) 	WindowFactory for 'HorizontalLayoutContainer' windows added. (0x23cf0b0)
14/05/2015 14:14:44 (Std) 	Created WindowFactory for 'VerticalLayoutContainer' windows.
14/05/2015 14:14:44 (Std) 	WindowFactory for 'VerticalLayoutContainer' windows added. (0x23cf250)
14/05/2015 14:14:44 (Std) 	Created WindowFactory for 'GridLayoutContainer' windows.
14/05/2015 14:14:44 (Std) 	WindowFactory for 'GridLayoutContainer' windows added. (0x23cf3f0)
14/05/2015 14:14:44 (Std) 	CEGUI::System singleton created. (0x1806d40)
14/05/2015 14:14:44 (Std) 	---- CEGUI System initialisation completed ----
14/05/2015 14:14:44 (Std) 	
14/05/2015 14:14:44 (Std) 	Started creation of Scheme from XML specification:
14/05/2015 14:14:44 (Std) 	---- CEGUI GUIScheme name: TaharezLook
14/05/2015 14:14:44 (Std) 	[ImageManager] Started creation of Imageset from XML specification:
14/05/2015 14:14:44 (Std) 	[ImageManager] ---- CEGUI Imageset name: TaharezLook
14/05/2015 14:14:44 (Std) 	[ImageManager] ---- Source texture file: TaharezLook.png
14/05/2015 14:14:44 (Std) 	[ImageManager] ---- Source texture resource group: (Default)
14/05/2015 14:14:44 (Std) 	[OgreRenderer] Created texture: TaharezLook
14/05/2015 14:14:44 (Std) 	[ImageManager] Created image: 'TaharezLook/ClientBrush' (0x23e2930) of type: BasicImage
14/05/2015 14:14:44 (Std) 	[ImageManager] Created image: 'TaharezLook/GenericBrush' (0x23e22f0) of type: BasicImage
14/05/2015 14:14:44 (Std) 	[ImageManager] Created image: 'TaharezLook/WindowLeftEdge' (0x23cf8b0) of type: BasicImage
14/05/2015 14:14:44 (Std) 	[ImageManager] Created image: 'TaharezLook/WindowRightEdge' (0x23cfac0) of type: BasicImage
14/05/2015 14:14:44 (Std) 	[ImageManager] Created image: 'TaharezLook/WindowTopEdge' (0x23d4b00) of type: BasicImage
14/05/2015 14:14:44 (Std) 	[ImageManager] Created image: 'TaharezLook/WindowBottomEdge' (0x23e2e60) of type: BasicImage
14/05/2015 14:14:44 (Std) 	[ImageManager] Created image: 'TaharezLook/WindowTopLeft' (0x23e3070) of type: BasicImage
14/05/2015 14:14:44 (Std) 	[ImageManager] Created image: 'TaharezLook/WindowTopRight' (0x23cfcd0) of type: BasicImage
14/05/2015 14:14:44 (Std) 	[ImageManager] Created image: 'TaharezLook/WindowBottomLeft' (0x23cfee0) of type: BasicImage
14/05/2015 14:14:44 (Std) 	[ImageManager] Created image: 'TaharezLook/WindowBottomRight' (0x23d00f0) of type: BasicImage
14/05/2015 14:14:44 (Std) 	[ImageManager] Created image: 'TaharezLook/ButtonLeftNormal' (0x23d0300) of type: BasicImage
14/05/2015 14:14:44 (Std) 	[ImageManager] Created image: 'TaharezLook/ButtonMiddleNormal' (0x23d0510) of type: BasicImage
14/05/2015 14:14:44 (Std) 	[ImageManager] Created image: 'TaharezLook/ButtonRightNormal' (0x23d0720) of type: BasicImage
14/05/2015 14:14:44 (Std) 	[ImageManager] Created image: 'TaharezLook/ButtonLeftPushed' (0x23d0930) of type: BasicImage
14/05/2015 14:14:44 (Std) 	[ImageManager] Created image: 'TaharezLook/ButtonMiddlePushed' (0x23d0b40) of type: BasicImage
14/05/2015 14:14:44 (Std) 	[ImageManager] Created image: 'TaharezLook/ButtonRightPushed' (0x23d0d50) of type: BasicImage
14/05/2015 14:14:44 (Std) 	[ImageManager] Created image: 'TaharezLook/ButtonLeftHighlight' (0x23d0f60) of type: BasicImage
14/05/2015 14:14:44 (Std) 	[ImageManager] Created image: 'TaharezLook/ButtonMiddleHighlight' (0x23d1490) of type: BasicImage
14/05/2015 14:14:44 (Std) 	[ImageManager] Created image: 'TaharezLook/ButtonRightHighlight' (0x23e1fd0) of type: BasicImage
14/05/2015 14:14:44 (Std) 	[ImageManager] Created image: 'TaharezLook/CheckboxNormal' (0x23d1850) of type: BasicImage
14/05/2015 14:14:44 (Std) 	[ImageManager] Created image: 'TaharezLook/CheckboxHover' (0x23d1a60) of type: BasicImage
14/05/2015 14:14:44 (Std) 	[ImageManager] Created image: 'TaharezLook/CheckboxMark' (0x23d1c70) of type: BasicImage
14/05/2015 14:14:44 (Std) 	[ImageManager] Created image: 'TaharezLook/RadioButtonNormal' (0x23d1e80) of type: BasicImage
14/05/2015 14:14:44 (Std) 	[ImageManager] Created image: 'TaharezLook/RadioButtonHover' (0x23d2090) of type: BasicImage
14/05/2015 14:14:44 (Std) 	[ImageManager] Created image: 'TaharezLook/RadioButtonMark' (0x23d22a0) of type: BasicImage
14/05/2015 14:14:44 (Std) 	[ImageManager] Created image: 'TaharezLook/TitlebarLeft' (0x23d24b0) of type: BasicImage
14/05/2015 14:14:44 (Std) 	[ImageManager] Created image: 'TaharezLook/TitlebarMiddle' (0x23d26c0) of type: BasicImage
14/05/2015 14:14:44 (Std) 	[ImageManager] Created image: 'TaharezLook/TitlebarRight' (0x23d28d0) of type: BasicImage
14/05/2015 14:14:44 (Std) 	[ImageManager] Created image: 'TaharezLook/NewTitlebarLeft' (0x23d2ae0) of type: BasicImage
14/05/2015 14:14:44 (Std) 	[ImageManager] Created image: 'TaharezLook/NewTitlebarMiddle' (0x23d1300) of type: BasicImage
14/05/2015 14:14:44 (Std) 	[ImageManager] Created image: 'TaharezLook/NewTitlebarRight' (0x23d6250) of type: BasicImage
14/05/2015 14:14:44 (Std) 	[ImageManager] Created image: 'TaharezLook/SysAreaMiddle' (0x23d6460) of type: BasicImage
14/05/2015 14:14:44 (Std) 	[ImageManager] Created image: 'TaharezLook/SysAreaRight' (0x23d6670) of type: BasicImage
14/05/2015 14:14:44 (Std) 	[ImageManager] Created image: 'TaharezLook/StaticLeft' (0x23d6880) of type: BasicImage
14/05/2015 14:14:44 (Std) 	[ImageManager] Created image: 'TaharezLook/StaticRight' (0x23d6a90) of type: BasicImage
14/05/2015 14:14:44 (Std) 	[ImageManager] Created image: 'TaharezLook/StaticTop' (0x23d6ca0) of type: BasicImage
14/05/2015 14:14:44 (Std) 	[ImageManager] Created image: 'TaharezLook/StaticBottom' (0x23d6eb0) of type: BasicImage
14/05/2015 14:14:44 (Std) 	[ImageManager] Created image: 'TaharezLook/StaticTopLeft' (0x23d70c0) of type: BasicImage
14/05/2015 14:14:44 (Std) 	[ImageManager] Created image: 'TaharezLook/StaticTopRight' (0x23d72d0) of type: BasicImage
14/05/2015 14:14:44 (Std) 	[ImageManager] Created image: 'TaharezLook/StaticBottomLeft' (0x23d74e0) of type: BasicImage
14/05/2015 14:14:44 (Std) 	[ImageManager] Created image: 'TaharezLook/StaticBottomRight' (0x23d76f0) of type: BasicImage
14/05/2015 14:14:44 (Std) 	[ImageManager] Created image: 'TaharezLook/StaticBackdrop' (0x23d7900) of type: BasicImage
14/05/2015 14:14:44 (Std) 	[ImageManager] Created image: 'TaharezLook/ProgressBarLeft' (0x23d7b10) of type: BasicImage
14/05/2015 14:14:44 (Std) 	[ImageManager] Created image: 'TaharezLook/ProgressBarMiddle' (0x23d7d20) of type: BasicImage
14/05/2015 14:14:44 (Std) 	[ImageManager] Created image: 'TaharezLook/ProgressBarRight' (0x23d7f30) of type: BasicImage
14/05/2015 14:14:44 (Std) 	[ImageManager] Created image: 'TaharezLook/ProgressBarDimSegment' (0x23d8140) of type: BasicImage
14/05/2015 14:14:44 (Std) 	[ImageManager] Created image: 'TaharezLook/ProgressBarLitSegment' (0x23d8500) of type: BasicImage
14/05/2015 14:14:44 (Std) 	[ImageManager] Created image: 'TaharezLook/EditBoxLeft' (0x23d8830) of type: BasicImage
14/05/2015 14:14:44 (Std) 	[ImageManager] Created image: 'TaharezLook/EditBoxMiddle' (0x23d8a40) of type: BasicImage
14/05/2015 14:14:44 (Std) 	[ImageManager] Created image: 'TaharezLook/EditBoxRight' (0x23d8c50) of type: BasicImage
14/05/2015 14:14:44 (Std) 	[ImageManager] Created image: 'TaharezLook/EditBoxCaret' (0x23d8e60) of type: BasicImage
14/05/2015 14:14:44 (Std) 	[ImageManager] Created image: 'TaharezLook/SpinnerUpNormal' (0x23d9070) of type: BasicImage
14/05/2015 14:14:44 (Std) 	[ImageManager] Created image: 'TaharezLook/SpinnerDownNormal' (0x23d9280) of type: BasicImage
14/05/2015 14:14:44 (Std) 	[ImageManager] Created image: 'TaharezLook/SpinnerUpHover' (0x23d9490) of type: BasicImage
14/05/2015 14:14:44 (Std) 	[ImageManager] Created image: 'TaharezLook/SpinnerDownHover' (0x23d96a0) of type: BasicImage
14/05/2015 14:14:44 (Std) 	[ImageManager] Created image: 'TaharezLook/TextSelectionBrush' (0x23d98b0) of type: BasicImage
14/05/2015 14:14:44 (Std) 	[ImageManager] Created image: 'TaharezLook/VertScrollTop' (0x23d9ac0) of type: BasicImage
14/05/2015 14:14:44 (Std) 	[ImageManager] Created image: 'TaharezLook/VertScrollMiddle' (0x23d9cd0) of type: BasicImage
14/05/2015 14:14:44 (Std) 	[ImageManager] Created image: 'TaharezLook/VertScrollBottom' (0x23d9ee0) of type: BasicImage
14/05/2015 14:14:44 (Std) 	[ImageManager] Created image: 'TaharezLook/VertScrollBarSegment' (0x23da0f0) of type: BasicImage
14/05/2015 14:14:44 (Std) 	[ImageManager] Created image: 'TaharezLook/VertScrollThumbNormal' (0x23da420) of type: BasicImage
14/05/2015 14:14:44 (Std) 	[ImageManager] Created image: 'TaharezLook/VertScrollThumbHover' (0x23da750) of type: BasicImage
14/05/2015 14:14:44 (Std) 	[ImageManager] Created image: 'TaharezLook/VertScrollUpNormal' (0x23daa80) of type: BasicImage
14/05/2015 14:14:44 (Std) 	[ImageManager] Created image: 'TaharezLook/VertScrollDownNormal' (0x23dac90) of type: BasicImage
14/05/2015 14:14:44 (Std) 	[ImageManager] Created image: 'TaharezLook/VertScrollUpHover' (0x23dafc0) of type: BasicImage
14/05/2015 14:14:44 (Std) 	[ImageManager] Created image: 'TaharezLook/VertScrollDownHover' (0x23db1d0) of type: BasicImage
14/05/2015 14:14:44 (Std) 	[ImageManager] Created image: 'TaharezLook/MiniVertScrollBarSegment' (0x23db700) of type: BasicImage
14/05/2015 14:14:44 (Std) 	[ImageManager] Created image: 'TaharezLook/MiniVertScrollThumbNormal' (0x23e2cd0) of type: BasicImage
14/05/2015 14:14:44 (Std) 	[ImageManager] Created image: 'TaharezLook/MiniVertScrollThumbTopNormal' (0x23dbf50) of type: BasicImage
14/05/2015 14:14:44 (Std) 	[ImageManager] Created image: 'TaharezLook/MiniVertScrollThumbMiddleNormal' (0x23f8f60) of type: BasicImage
14/05/2015 14:14:44 (Std) 	[ImageManager] Created image: 'TaharezLook/MiniVertScrollThumbBottomNormal' (0x23dbdc0) of type: BasicImage
14/05/2015 14:14:44 (Std) 	[ImageManager] Created image: 'TaharezLook/MiniVertScrollThumbTopHover' (0x23f9620) of type: BasicImage
14/05/2015 14:14:44 (Std) 	[ImageManager] Created image: 'TaharezLook/MiniVertScrollThumbMiddleHover' (0x23f9a40) of type: BasicImage
14/05/2015 14:14:44 (Std) 	[ImageManager] Created image: 'TaharezLook/MiniVertScrollThumbBottomHover' (0x23f9dd0) of type: BasicImage
14/05/2015 14:14:44 (Std) 	[ImageManager] Created image: 'TaharezLook/MiniVertScrollThumbHover' (0x23fa160) of type: BasicImage
14/05/2015 14:14:44 (Std) 	[ImageManager] Created image: 'TaharezLook/MiniVertScrollUpNormal' (0x23fa4b0) of type: BasicImage
14/05/2015 14:14:44 (Std) 	[ImageManager] Created image: 'TaharezLook/MiniVertScrollDownNormal' (0x23fa800) of type: BasicImage
14/05/2015 14:14:44 (Std) 	[ImageManager] Created image: 'TaharezLook/MiniVertScrollUpHover' (0x23fab50) of type: BasicImage
14/05/2015 14:14:44 (Std) 	[ImageManager] Created image: 'TaharezLook/MiniVertScrollDownHover' (0x23fae80) of type: BasicImage
14/05/2015 14:14:44 (Std) 	[ImageManager] Created image: 'TaharezLook/VertSliderBody' (0x23fb1d0) of type: BasicImage
14/05/2015 14:14:44 (Std) 	[ImageManager] Created image: 'TaharezLook/VertSliderThumbNormal' (0x23fb3e0) of type: BasicImage
14/05/2015 14:14:44 (Std) 	[ImageManager] Created image: 'TaharezLook/VertSliderThumbHover' (0x23fb710) of type: BasicImage
14/05/2015 14:14:44 (Std) 	[ImageManager] Created image: 'TaharezLook/MiniHorzScrollBarSegment' (0x23fba40) of type: BasicImage
14/05/2015 14:14:44 (Std) 	[ImageManager] Created image: 'TaharezLook/MiniHorzScrollThumbNormal' (0x23fbd90) of type: BasicImage
14/05/2015 14:14:44 (Std) 	[ImageManager] Created image: 'TaharezLook/MiniHorzScrollThumbLeftNormal' (0x23fc0e0) of type: BasicImage
14/05/2015 14:14:44 (Std) 	[ImageManager] Created image: 'TaharezLook/MiniHorzScrollThumbMiddleNormal' (0x23fc500) of type: BasicImage
14/05/2015 14:14:44 (Std) 	[ImageManager] Created image: 'TaharezLook/MiniHorzScrollThumbRightNormal' (0x23fc890) of type: BasicImage
14/05/2015 14:14:44 (Std) 	[ImageManager] Created image: 'TaharezLook/MiniHorzScrollThumbHover' (0x23fcc20) of type: BasicImage
14/05/2015 14:14:44 (Std) 	[ImageManager] Created image: 'TaharezLook/MiniHorzScrollThumbLeftHover' (0x23fcf70) of type: BasicImage
14/05/2015 14:14:44 (Std) 	[ImageManager] Created image: 'TaharezLook/MiniHorzScrollThumbMiddleHover' (0x23fd390) of type: BasicImage
14/05/2015 14:14:44 (Std) 	[ImageManager] Created image: 'TaharezLook/MiniHorzScrollThumbRightHover' (0x23fd720) of type: BasicImage
14/05/2015 14:14:44 (Std) 	[ImageManager] Created image: 'TaharezLook/MiniHorzScrollLeftNormal' (0x23fda90) of type: BasicImage
14/05/2015 14:14:44 (Std) 	[ImageManager] Created image: 'TaharezLook/MiniHorzScrollRightNormal' (0x23fdde0) of type: BasicImage
14/05/2015 14:14:44 (Std) 	[ImageManager] Created image: 'TaharezLook/MiniHorzScrollLeftHover' (0x23fe130) of type: BasicImage
14/05/2015 14:14:44 (Std) 	[ImageManager] Created image: 'TaharezLook/MiniHorzScrollRightHover' (0x23fe480) of type: BasicImage
14/05/2015 14:14:44 (Std) 	[ImageManager] Created image: 'TaharezLook/ListboxLeft' (0x23fe7d0) of type: BasicImage
14/05/2015 14:14:44 (Std) 	[ImageManager] Created image: 'TaharezLook/ListboxRight' (0x23fe9e0) of type: BasicImage
14/05/2015 14:14:44 (Std) 	[ImageManager] Created image: 'TaharezLook/ListboxTop' (0x23febf0) of type: BasicImage
14/05/2015 14:14:44 (Std) 	[ImageManager] Created image: 'TaharezLook/ListboxBottom' (0x23fee00) of type: BasicImage
14/05/2015 14:14:44 (Std) 	[ImageManager] Created image: 'TaharezLook/ListboxTopLeft' (0x23ff010) of type: BasicImage
14/05/2015 14:14:44 (Std) 	[ImageManager] Created image: 'TaharezLook/ListboxTopRight' (0x23ff220) of type: BasicImage
14/05/2015 14:14:44 (Std) 	[ImageManager] Created image: 'TaharezLook/ListboxBottomLeft' (0x23ff430) of type: BasicImage
14/05/2015 14:14:44 (Std) 	[ImageManager] Created image: 'TaharezLook/ListboxBottomRight' (0x23ff640) of type: BasicImage
14/05/2015 14:14:44 (Std) 	[ImageManager] Created image: 'TaharezLook/ListboxBackdrop' (0x23ff850) of type: BasicImage
14/05/2015 14:14:44 (Std) 	[ImageManager] Created image: 'TaharezLook/ListboxSelectionBrush' (0x23ffa60) of type: BasicImage
14/05/2015 14:14:44 (Std) 	[ImageManager] Created image: 'TaharezLook/ComboboxEditLeft' (0x23ffd90) of type: BasicImage
14/05/2015 14:14:44 (Std) 	[ImageManager] Created image: 'TaharezLook/ComboboxEditMiddle' (0x23fffa0) of type: BasicImage
14/05/2015 14:14:44 (Std) 	[ImageManager] Created image: 'TaharezLook/ComboboxListButtonNormal' (0x24001b0) of type: BasicImage
14/05/2015 14:14:44 (Std) 	[ImageManager] Created image: 'TaharezLook/ComboboxListButtonHover' (0x2400500) of type: BasicImage
14/05/2015 14:14:44 (Std) 	[ImageManager] Created image: 'TaharezLook/ComboboxListLeft' (0x2400850) of type: BasicImage
14/05/2015 14:14:44 (Std) 	[ImageManager] Created image: 'TaharezLook/ComboboxListRight' (0x2400a60) of type: BasicImage
14/05/2015 14:14:44 (Std) 	[ImageManager] Created image: 'TaharezLook/ComboboxListTop' (0x2400c70) of type: BasicImage
14/05/2015 14:14:44 (Std) 	[ImageManager] Created image: 'TaharezLook/ComboboxListBottom' (0x2400e80) of type: BasicImage
14/05/2015 14:14:44 (Std) 	[ImageManager] Created image: 'TaharezLook/ComboboxListTopLeft' (0x2401090) of type: BasicImage
14/05/2015 14:14:44 (Std) 	[ImageManager] Created image: 'TaharezLook/ComboboxListTopRight' (0x24012a0) of type: BasicImage
14/05/2015 14:14:44 (Std) 	[ImageManager] Created image: 'TaharezLook/ComboboxListBottomLeft' (0x24015d0) of type: BasicImage
14/05/2015 14:14:44 (Std) 	[ImageManager] Created image: 'TaharezLook/ComboboxListBottomRight' (0x2401920) of type: BasicImage
14/05/2015 14:14:44 (Std) 	[ImageManager] Created image: 'TaharezLook/ComboboxListBackdrop' (0x2401c70) of type: BasicImage
14/05/2015 14:14:44 (Std) 	[ImageManager] Created image: 'TaharezLook/ComboboxSelectionBrush' (0x2401fa0) of type: BasicImage
14/05/2015 14:14:44 (Std) 	[ImageManager] Created image: 'TaharezLook/ComboboxDividerLeft' (0x24022f0) of type: BasicImage
14/05/2015 14:14:44 (Std) 	[ImageManager] Created image: 'TaharezLook/ComboboxDividerMiddle' (0x2402500) of type: BasicImage
14/05/2015 14:14:44 (Std) 	[ImageManager] Created image: 'TaharezLook/ComboboxDividerRight' (0x2402830) of type: BasicImage
14/05/2015 14:14:44 (Std) 	[ImageManager] Created image: 'TaharezLook/HeaderBarBackdropNormal' (0x2402b60) of type: BasicImage
14/05/2015 14:14:44 (Std) 	[ImageManager] Created image: 'TaharezLook/HeaderBarBackdropHover' (0x2402eb0) of type: BasicImage
14/05/2015 14:14:44 (Std) 	[ImageManager] Created image: 'TaharezLook/HeaderBarSplitterNormal' (0x2403200) of type: BasicImage
14/05/2015 14:14:44 (Std) 	[ImageManager] Created image: 'TaharezLook/HeaderBarSplitterHover' (0x2403550) of type: BasicImage
14/05/2015 14:14:44 (Std) 	[ImageManager] Created image: 'TaharezLook/HeaderBarSortUp' (0x24038a0) of type: BasicImage
14/05/2015 14:14:44 (Std) 	[ImageManager] Created image: 'TaharezLook/HeaderBarSortDown' (0x2403ab0) of type: BasicImage
14/05/2015 14:14:44 (Std) 	[ImageManager] Created image: 'TaharezLook/MultiListLeft' (0x2403cc0) of type: BasicImage
14/05/2015 14:14:44 (Std) 	[ImageManager] Created image: 'TaharezLook/MultiListRight' (0x2403ed0) of type: BasicImage
14/05/2015 14:14:44 (Std) 	[ImageManager] Created image: 'TaharezLook/MultiListTop' (0x24040e0) of type: BasicImage
14/05/2015 14:14:44 (Std) 	[ImageManager] Created image: 'TaharezLook/MultiListBottom' (0x24042f0) of type: BasicImage
14/05/2015 14:14:44 (Std) 	[ImageManager] Created image: 'TaharezLook/MultiListTopLeft' (0x2404500) of type: BasicImage
14/05/2015 14:14:44 (Std) 	[ImageManager] Created image: 'TaharezLook/MultiListTopRight' (0x2404710) of type: BasicImage
14/05/2015 14:14:44 (Std) 	[ImageManager] Created image: 'TaharezLook/MultiListBottomLeft' (0x2404920) of type: BasicImage
14/05/2015 14:14:44 (Std) 	[ImageManager] Created image: 'TaharezLook/MultiListBottomRight' (0x2404b30) of type: BasicImage
14/05/2015 14:14:44 (Std) 	[ImageManager] Created image: 'TaharezLook/MultiListBackdrop' (0x2404e60) of type: BasicImage
14/05/2015 14:14:44 (Std) 	[ImageManager] Created image: 'TaharezLook/MultiListSelectionBrush' (0x2405070) of type: BasicImage
14/05/2015 14:14:44 (Std) 	[ImageManager] Created image: 'TaharezLook/AltProgressLeft' (0x24053c0) of type: BasicImage
14/05/2015 14:14:44 (Std) 	[ImageManager] Created image: 'TaharezLook/AltProgressMiddle' (0x24055d0) of type: BasicImage
14/05/2015 14:14:44 (Std) 	[ImageManager] Created image: 'TaharezLook/AltProgressRight' (0x24057e0) of type: BasicImage
14/05/2015 14:14:44 (Std) 	[ImageManager] Created image: 'TaharezLook/AltProgressQuarter' (0x24059f0) of type: BasicImage
14/05/2015 14:14:44 (Std) 	[ImageManager] Created image: 'TaharezLook/AltProgressHalf' (0x2405c00) of type: BasicImage
14/05/2015 14:14:44 (Std) 	[ImageManager] Created image: 'TaharezLook/AltProgressLight1' (0x2405e10) of type: BasicImage
14/05/2015 14:14:44 (Std) 	[ImageManager] Created image: 'TaharezLook/AltProgressLight2' (0x2406020) of type: BasicImage
14/05/2015 14:14:44 (Std) 	[ImageManager] Created image: 'TaharezLook/AltProgressLight3' (0x2406230) of type: BasicImage
14/05/2015 14:14:44 (Std) 	[ImageManager] Created image: 'TaharezLook/AltProgressLight4' (0x2406440) of type: BasicImage
14/05/2015 14:14:44 (Std) 	[ImageManager] Created image: 'TaharezLook/AltProgressLight5' (0x24866e0) of type: BasicImage
14/05/2015 14:14:44 (Std) 	[ImageManager] Created image: 'TaharezLook/AltProgressLight6' (0x24868f0) of type: BasicImage
14/05/2015 14:14:44 (Std) 	[ImageManager] Created image: 'TaharezLook/AltProgressLight7' (0x2486b00) of type: BasicImage
14/05/2015 14:14:44 (Std) 	[ImageManager] Created image: 'TaharezLook/AltProgressLight8' (0x2486d10) of type: BasicImage
14/05/2015 14:14:44 (Std) 	[ImageManager] Created image: 'TaharezLook/AltProgressLight9' (0x2486f20) of type: BasicImage
14/05/2015 14:14:44 (Std) 	[ImageManager] Created image: 'TaharezLook/AltProgressLight10' (0x2487130) of type: BasicImage
14/05/2015 14:14:44 (Std) 	[ImageManager] Created image: 'TaharezLook/CloseButtonNormal' (0x2487340) of type: BasicImage
14/05/2015 14:14:44 (Std) 	[ImageManager] Created image: 'TaharezLook/CloseButtonHover' (0x2487550) of type: BasicImage
14/05/2015 14:14:44 (Std) 	[ImageManager] Created image: 'TaharezLook/CloseButtonPressed' (0x2487760) of type: BasicImage
14/05/2015 14:14:44 (Std) 	[ImageManager] Created image: 'TaharezLook/NewCloseButtonNormal' (0x2487970) of type: BasicImage
14/05/2015 14:14:44 (Std) 	[ImageManager] Created image: 'TaharezLook/NewCloseButtonHover' (0x2487b80) of type: BasicImage
14/05/2015 14:14:44 (Std) 	[ImageManager] Created image: 'TaharezLook/NewCloseButtonPressed' (0x2487d90) of type: BasicImage
14/05/2015 14:14:44 (Std) 	[ImageManager] Created image: 'TaharezLook/MultiLineEditboxLeft' (0x2487fa0) of type: BasicImage
14/05/2015 14:14:44 (Std) 	[ImageManager] Created image: 'TaharezLook/MultiLineEditboxRight' (0x24881b0) of type: BasicImage
14/05/2015 14:14:44 (Std) 	[ImageManager] Created image: 'TaharezLook/MultiLineEditboxTop' (0x24883c0) of type: BasicImage
14/05/2015 14:14:44 (Std) 	[ImageManager] Created image: 'TaharezLook/MultiLineEditboxBottom' (0x24885d0) of type: BasicImage
14/05/2015 14:14:44 (Std) 	[ImageManager] Created image: 'TaharezLook/MultiLineEditboxTopLeft' (0x2488880) of type: BasicImage
14/05/2015 14:14:44 (Std) 	[ImageManager] Created image: 'TaharezLook/MultiLineEditboxTopRight' (0x2488bd0) of type: BasicImage
14/05/2015 14:14:44 (Std) 	[ImageManager] Created image: 'TaharezLook/MultiLineEditboxBottomLeft' (0x24890b0) of type: BasicImage
14/05/2015 14:14:44 (Std) 	[ImageManager] Created image: 'TaharezLook/MultiLineEditboxBottomRight' (0x2489420) of type: BasicImage
14/05/2015 14:14:44 (Std) 	[ImageManager] Created image: 'TaharezLook/MultiLineEditboxBackdrop' (0x2489790) of type: BasicImage
14/05/2015 14:14:44 (Std) 	[ImageManager] Created image: 'TaharezLook/MultiLineEditboxSelectionBrush' (0x2489cc0) of type: BasicImage
14/05/2015 14:14:44 (Std) 	[ImageManager] Created image: 'TaharezLook/MouseTarget' (0x248a440) of type: BasicImage
14/05/2015 14:14:44 (Std) 	[ImageManager] Created image: 'TaharezLook/MouseArrow' (0x23d4970) of type: BasicImage
14/05/2015 14:14:44 (Std) 	[ImageManager] Created image: 'TaharezLook/MouseMoveCursor' (0x248a970) of type: BasicImage
14/05/2015 14:14:44 (Std) 	[ImageManager] Created image: 'TaharezLook/MouseNoSoCursor' (0x248ab80) of type: BasicImage
14/05/2015 14:14:44 (Std) 	[ImageManager] Created image: 'TaharezLook/MouseEsWeCursor' (0x248ad90) of type: BasicImage
14/05/2015 14:14:44 (Std) 	[ImageManager] Created image: 'TaharezLook/MouseNeSwCursor' (0x248afa0) of type: BasicImage
14/05/2015 14:14:44 (Std) 	[ImageManager] Created image: 'TaharezLook/MouseNwSeCursor' (0x248b1b0) of type: BasicImage
14/05/2015 14:14:44 (Std) 	[ImageManager] Created image: 'TaharezLook/MouseTextBar' (0x248b3c0) of type: BasicImage
14/05/2015 14:14:44 (Std) 	[ImageManager] Created image: 'TaharezLook/TabHorizontalFiller' (0x23db3e0) of type: BasicImage
14/05/2015 14:14:44 (Std) 	[ImageManager] Created image: 'TaharezLook/TabContentPaneUpperLeft' (0x248a080) of type: BasicImage
14/05/2015 14:14:44 (Std) 	[ImageManager] Created image: 'TaharezLook/TabContentPaneUpper' (0x248b5d0) of type: BasicImage
14/05/2015 14:14:44 (Std) 	[ImageManager] Created image: 'TaharezLook/TabContentPaneUpperRight' (0x248b6f0) of type: BasicImage
14/05/2015 14:14:44 (Std) 	[ImageManager] Created image: 'TaharezLook/TabContentPaneLeft' (0x248b9a0) of type: BasicImage
14/05/2015 14:14:44 (Std) 	[ImageManager] Created image: 'TaharezLook/TabContentPaneRight' (0x248bbb0) of type: BasicImage
14/05/2015 14:14:44 (Std) 	[ImageManager] Created image: 'TaharezLook/TabContentPaneLower' (0x248bdc0) of type: BasicImage
14/05/2015 14:14:44 (Std) 	[ImageManager] Created image: 'TaharezLook/TabContentPaneLowerLeft' (0x248bfd0) of type: BasicImage
14/05/2015 14:14:44 (Std) 	[ImageManager] Created image: 'TaharezLook/TabContentPaneLowerRight' (0x248c320) of type: BasicImage
14/05/2015 14:14:44 (Std) 	[ImageManager] Created image: 'TaharezLook/TabContentPaneMiddle' (0x248c670) of type: BasicImage
14/05/2015 14:14:44 (Std) 	[ImageManager] Created image: 'TaharezLook/TabButtonScrollLeftNormal' (0x248ca10) of type: BasicImage
14/05/2015 14:14:44 (Std) 	[ImageManager] Created image: 'TaharezLook/TabButtonScrollRightNormal' (0x248d080) of type: BasicImage
14/05/2015 14:14:44 (Std) 	[ImageManager] Created image: 'TaharezLook/TabButtonScrollLeftHover' (0x2489b30) of type: BasicImage
14/05/2015 14:14:44 (Std) 	[ImageManager] Created image: 'TaharezLook/TabButtonScrollRightHover' (0x248d4d0) of type: BasicImage
14/05/2015 14:14:44 (Std) 	[ImageManager] Created image: 'TaharezLook/TabButtonLeftNormal' (0x248d820) of type: BasicImage
14/05/2015 14:14:44 (Std) 	[ImageManager] Created image: 'TaharezLook/TabButtonRightNormal' (0x248da30) of type: BasicImage
14/05/2015 14:14:44 (Std) 	[ImageManager] Created image: 'TaharezLook/TabButtonUpperNormal' (0x248dc40) of type: BasicImage
14/05/2015 14:14:44 (Std) 	[ImageManager] Created image: 'TaharezLook/TabButtonLowerNormal' (0x248df70) of type: BasicImage
14/05/2015 14:14:44 (Std) 	[ImageManager] Created image: 'TaharezLook/TabButtonUpperLeftNormal' (0x248e5c0) of type: BasicImage
14/05/2015 14:14:44 (Std) 	[ImageManager] Created image: 'TaharezLook/TabButtonUpperLeft2Normal' (0x248e870) of type: BasicImage
14/05/2015 14:14:44 (Std) 	[ImageManager] Created image: 'TaharezLook/TabButtonUpperRightNormal' (0x248ebc0) of type: BasicImage
14/05/2015 14:14:44 (Std) 	[ImageManager] Created image: 'TaharezLook/TabButtonLowerLeftNormal' (0x248ef10) of type: BasicImage
14/05/2015 14:14:44 (Std) 	[ImageManager] Created image: 'TaharezLook/TabButtonLowerRightNormal' (0x248f260) of type: BasicImage
14/05/2015 14:14:44 (Std) 	[ImageManager] Created image: 'TaharezLook/TabButtonLowerRight2Normal' (0x248f8d0) of type: BasicImage
14/05/2015 14:14:44 (Std) 	[ImageManager] Created image: 'TaharezLook/TabButtonMiddleNormal' (0x248a7e0) of type: BasicImage
14/05/2015 14:14:44 (Std) 	[ImageManager] Created image: 'TaharezLook/TabButtonLeftSelected' (0x248fc80) of type: BasicImage
14/05/2015 14:14:44 (Std) 	[ImageManager] Created image: 'TaharezLook/TabButtonRightSelected' (0x2490020) of type: BasicImage
14/05/2015 14:14:44 (Std) 	[ImageManager] Created image: 'TaharezLook/TabButtonUpperSelected' (0x2490370) of type: BasicImage
14/05/2015 14:14:44 (Std) 	[ImageManager] Created image: 'TaharezLook/TabButtonLowerSelected' (0x24906c0) of type: BasicImage
14/05/2015 14:14:44 (Std) 	[ImageManager] Created image: 'TaharezLook/TabButtonUpperLeftSelected' (0x2490ba0) of type: BasicImage
14/05/2015 14:14:44 (Std) 	[ImageManager] Created image: 'TaharezLook/TabButtonUpperRightSelected' (0x2490fc0) of type: BasicImage
14/05/2015 14:14:44 (Std) 	[ImageManager] Created image: 'TaharezLook/TabButtonLowerLeftSelected' (0x2491330) of type: BasicImage
14/05/2015 14:14:44 (Std) 	[ImageManager] Created image: 'TaharezLook/TabButtonLowerRightSelected' (0x24916a0) of type: BasicImage
14/05/2015 14:14:44 (Std) 	[ImageManager] Created image: 'TaharezLook/TabButtonMiddleSelected' (0x2491a10) of type: BasicImage
14/05/2015 14:14:44 (Std) 	[ImageManager] Created image: 'TaharezLook/TooltipTopLeft' (0x2491c20) of type: BasicImage
14/05/2015 14:14:44 (Std) 	[ImageManager] Created image: 'TaharezLook/TooltipTopRight' (0x2491e30) of type: BasicImage
14/05/2015 14:14:44 (Std) 	[ImageManager] Created image: 'TaharezLook/TooltipBottomLeft' (0x2492040) of type: BasicImage
14/05/2015 14:14:44 (Std) 	[ImageManager] Created image: 'TaharezLook/TooltipBottomRight' (0x2492250) of type: BasicImage
14/05/2015 14:14:44 (Std) 	[ImageManager] Created image: 'TaharezLook/TooltipLeftEdge' (0x2492460) of type: BasicImage
14/05/2015 14:14:44 (Std) 	[ImageManager] Created image: 'TaharezLook/TooltipRightEdge' (0x2492670) of type: BasicImage
14/05/2015 14:14:44 (Std) 	[ImageManager] Created image: 'TaharezLook/TooltipTopEdge' (0x2492880) of type: BasicImage
14/05/2015 14:14:44 (Std) 	[ImageManager] Created image: 'TaharezLook/TooltipBottomEdge' (0x2492a90) of type: BasicImage
14/05/2015 14:14:44 (Std) 	[ImageManager] Created image: 'TaharezLook/TooltipMiddle' (0x2492ca0) of type: BasicImage
14/05/2015 14:14:44 (Std) 	[ImageManager] Created image: 'TaharezLook/MenuTopLeft' (0x2492eb0) of type: BasicImage
14/05/2015 14:14:44 (Std) 	[ImageManager] Created image: 'TaharezLook/MenuTopRight' (0x24930c0) of type: BasicImage
14/05/2015 14:14:44 (Std) 	[ImageManager] Created image: 'TaharezLook/MenuBottomLeft' (0x24932d0) of type: BasicImage
14/05/2015 14:14:44 (Std) 	[ImageManager] Created image: 'TaharezLook/MenuBottomRight' (0x24934e0) of type: BasicImage
14/05/2015 14:14:44 (Std) 	[ImageManager] Created image: 'TaharezLook/MenuLeft' (0x24936f0) of type: BasicImage
14/05/2015 14:14:44 (Std) 	[ImageManager] Created image: 'TaharezLook/MenuRight' (0x2493900) of type: BasicImage
14/05/2015 14:14:44 (Std) 	[ImageManager] Created image: 'TaharezLook/MenuTop' (0x2493b10) of type: BasicImage
14/05/2015 14:14:44 (Std) 	[ImageManager] Created image: 'TaharezLook/MenuBottom' (0x2493d20) of type: BasicImage
14/05/2015 14:14:44 (Std) 	[ImageManager] Created image: 'TaharezLook/MenuMiddle' (0x2493f30) of type: BasicImage
14/05/2015 14:14:44 (Std) 	[ImageManager] Created image: 'TaharezLook/PopupMenuFrameTopLeft' (0x2494140) of type: BasicImage
14/05/2015 14:14:44 (Std) 	[ImageManager] Created image: 'TaharezLook/PopupMenuFrameTopRight' (0x2494350) of type: BasicImage
14/05/2015 14:14:44 (Std) 	[ImageManager] Created image: 'TaharezLook/PopupMenuFrameBottomLeft' (0x2494740) of type: BasicImage
14/05/2015 14:14:44 (Std) 	[ImageManager] Created image: 'TaharezLook/PopupMenuFrameBottomRight' (0x2494a90) of type: BasicImage
14/05/2015 14:14:44 (Std) 	[ImageManager] Created image: 'TaharezLook/PopupMenuFrameLeft' (0x2494de0) of type: BasicImage
14/05/2015 14:14:44 (Std) 	[ImageManager] Created image: 'TaharezLook/PopupMenuFrameRight' (0x2494ff0) of type: BasicImage
14/05/2015 14:14:44 (Std) 	[ImageManager] Created image: 'TaharezLook/PopupMenuFrameTop' (0x2495200) of type: BasicImage
14/05/2015 14:14:44 (Std) 	[ImageManager] Created image: 'TaharezLook/PopupMenuFrameBottom' (0x2495410) of type: BasicImage
14/05/2015 14:14:44 (Std) 	[ImageManager] Created image: 'TaharezLook/PopupMenuMiddle' (0x2495620) of type: BasicImage
14/05/2015 14:14:44 (Std) 	[ImageManager] Created image: 'TaharezLook/PopupMenuArrowRight' (0x2495830) of type: BasicImage
14/05/2015 14:14:44 (Std) 	[ImageManager] Created image: 'TaharezLook/PopupMenuArrowLeft' (0x2495a40) of type: BasicImage
14/05/2015 14:14:44 (Std) 	[ImageManager] Created image: 'TaharezLook/TreeListClosed' (0x2495c50) of type: BasicImage
14/05/2015 14:14:44 (Std) 	[ImageManager] Created image: 'TaharezLook/TreeListOpened' (0x2495e60) of type: BasicImage
14/05/2015 14:14:44 (Std) 	===== Falagard 'root' element: look and feel parsing begins =====
14/05/2015 14:14:44 (Std) 	===== Look and feel parsing completed =====
14/05/2015 14:14:44 (Std) 	No window renderer factories specified for module 'CEGUICoreWindowRendererSet' - adding all available factories...
14/05/2015 14:14:44 (Std) 	Created WindowRendererFactory for 'Core/Button' WindowRenderers.
14/05/2015 14:14:44 (Std) 	WindowRendererFactory 'Core/Button' added. (0x271f220)
14/05/2015 14:14:44 (Std) 	Created WindowRendererFactory for 'Core/Default' WindowRenderers.
14/05/2015 14:14:44 (Std) 	WindowRendererFactory 'Core/Default' added. (0x2714e90)
14/05/2015 14:14:44 (Std) 	Created WindowRendererFactory for 'Core/Editbox' WindowRenderers.
14/05/2015 14:14:44 (Std) 	WindowRendererFactory 'Core/Editbox' added. (0x2715030)
14/05/2015 14:14:44 (Std) 	Created WindowRendererFactory for 'Core/FrameWindow' WindowRenderers.
14/05/2015 14:14:44 (Std) 	WindowRendererFactory 'Core/FrameWindow' added. (0x271cde0)
14/05/2015 14:14:44 (Std) 	Created WindowRendererFactory for 'Core/ItemEntry' WindowRenderers.
14/05/2015 14:14:44 (Std) 	WindowRendererFactory 'Core/ItemEntry' added. (0x271cf80)
14/05/2015 14:14:44 (Std) 	Created WindowRendererFactory for 'Core/ListHeader' WindowRenderers.
14/05/2015 14:14:44 (Std) 	WindowRendererFactory 'Core/ListHeader' added. (0x266ed10)
14/05/2015 14:14:44 (Std) 	Created WindowRendererFactory for 'Core/ListHeaderSegment' WindowRenderers.
14/05/2015 14:14:44 (Std) 	WindowRendererFactory 'Core/ListHeaderSegment' added. (0x266eeb0)
14/05/2015 14:14:44 (Std) 	Created WindowRendererFactory for 'Core/Listbox' WindowRenderers.
14/05/2015 14:14:44 (Std) 	WindowRendererFactory 'Core/Listbox' added. (0x266ef70)
14/05/2015 14:14:44 (Std) 	Created WindowRendererFactory for 'Core/Menubar' WindowRenderers.
14/05/2015 14:14:44 (Std) 	WindowRendererFactory 'Core/Menubar' added. (0x26c8d30)
14/05/2015 14:14:44 (Std) 	Created WindowRendererFactory for 'Core/MenuItem' WindowRenderers.
14/05/2015 14:14:44 (Std) 	WindowRendererFactory 'Core/MenuItem' added. (0x26c8ed0)
14/05/2015 14:14:44 (Std) 	Created WindowRendererFactory for 'Core/MultiColumnList' WindowRenderers.
14/05/2015 14:14:44 (Std) 	WindowRendererFactory 'Core/MultiColumnList' added. (0x2712450)
14/05/2015 14:14:44 (Std) 	Created WindowRendererFactory for 'Core/MultiLineEditbox' WindowRenderers.
14/05/2015 14:14:44 (Std) 	WindowRendererFactory 'Core/MultiLineEditbox' added. (0x27125f0)
14/05/2015 14:14:44 (Std) 	Created WindowRendererFactory for 'Core/PopupMenu' WindowRenderers.
14/05/2015 14:14:44 (Std) 	WindowRendererFactory 'Core/PopupMenu' added. (0x2712790)
14/05/2015 14:14:44 (Std) 	Created WindowRendererFactory for 'Core/ProgressBar' WindowRenderers.
14/05/2015 14:14:44 (Std) 	WindowRendererFactory 'Core/ProgressBar' added. (0x23d5940)
14/05/2015 14:14:44 (Std) 	Created WindowRendererFactory for 'Core/ScrollablePane' WindowRenderers.
14/05/2015 14:14:44 (Std) 	WindowRendererFactory 'Core/ScrollablePane' added. (0x23d5ae0)
14/05/2015 14:14:44 (Std) 	Created WindowRendererFactory for 'Core/Scrollbar' WindowRenderers.
14/05/2015 14:14:44 (Std) 	WindowRendererFactory 'Core/Scrollbar' added. (0x23d5c80)
14/05/2015 14:14:44 (Std) 	Created WindowRendererFactory for 'Core/Slider' WindowRenderers.
14/05/2015 14:14:44 (Std) 	WindowRendererFactory 'Core/Slider' added. (0x23dc200)
14/05/2015 14:14:44 (Std) 	Created WindowRendererFactory for 'Core/Static' WindowRenderers.
14/05/2015 14:14:44 (Std) 	WindowRendererFactory 'Core/Static' added. (0x23dc4b0)
14/05/2015 14:14:44 (Std) 	Created WindowRendererFactory for 'Core/StaticImage' WindowRenderers.
14/05/2015 14:14:44 (Std) 	WindowRendererFactory 'Core/StaticImage' added. (0x23dc650)
14/05/2015 14:14:44 (Std) 	Created WindowRendererFactory for 'Core/StaticText' WindowRenderers.
14/05/2015 14:14:44 (Std) 	WindowRendererFactory 'Core/StaticText' added. (0x26f7290)
14/05/2015 14:14:44 (Std) 	Created WindowRendererFactory for 'Core/TabButton' WindowRenderers.
14/05/2015 14:14:44 (Std) 	WindowRendererFactory 'Core/TabButton' added. (0x26f7430)
14/05/2015 14:14:44 (Std) 	Created WindowRendererFactory for 'Core/TabControl' WindowRenderers.
14/05/2015 14:14:44 (Std) 	WindowRendererFactory 'Core/TabControl' added. (0x26f75d0)
14/05/2015 14:14:44 (Std) 	Created WindowRendererFactory for 'Core/Titlebar' WindowRenderers.
14/05/2015 14:14:44 (Std) 	WindowRendererFactory 'Core/Titlebar' added. (0x26f7770)
14/05/2015 14:14:44 (Std) 	Created WindowRendererFactory for 'Core/ToggleButton' WindowRenderers.
14/05/2015 14:14:44 (Std) 	WindowRendererFactory 'Core/ToggleButton' added. (0x271aef0)
14/05/2015 14:14:44 (Std) 	Created WindowRendererFactory for 'Core/Tooltip' WindowRenderers.
14/05/2015 14:14:44 (Std) 	WindowRendererFactory 'Core/Tooltip' added. (0x271b090)
14/05/2015 14:14:44 (Std) 	Created WindowRendererFactory for 'Core/ItemListbox' WindowRenderers.
14/05/2015 14:14:44 (Std) 	WindowRendererFactory 'Core/ItemListbox' added. (0x271b230)
14/05/2015 14:14:44 (Std) 	Created WindowRendererFactory for 'Core/Tree' WindowRenderers.
14/05/2015 14:14:44 (Std) 	WindowRendererFactory 'Core/Tree' added. (0x271b3d0)
14/05/2015 14:14:44 (Std) 	Creating falagard mapping for type 'TaharezLook/Label' using base type 'DefaultWindow', window renderer 'Core/Default' Look'N'Feel 'TaharezLook/Label' and RenderEffect ''. (0x7fffda5af370)
14/05/2015 14:14:44 (Std) 	Creating falagard mapping for type 'TaharezLook/Button' using base type 'CEGUI/PushButton', window renderer 'Core/Button' Look'N'Feel 'TaharezLook/Button' and RenderEffect ''. (0x7fffda5af370)
14/05/2015 14:14:44 (Std) 	Creating falagard mapping for type 'TaharezLook/Checkbox' using base type 'CEGUI/ToggleButton', window renderer 'Core/ToggleButton' Look'N'Feel 'TaharezLook/Checkbox' and RenderEffect ''. (0x7fffda5af370)
14/05/2015 14:14:44 (Std) 	Creating falagard mapping for type 'TaharezLook/ImageButton' using base type 'CEGUI/PushButton', window renderer 'Core/Button' Look'N'Feel 'TaharezLook/ImageButton' and RenderEffect ''. (0x7fffda5af370)
14/05/2015 14:14:44 (Std) 	Creating falagard mapping for type 'TaharezLook/RadioButton' using base type 'CEGUI/RadioButton', window renderer 'Core/ToggleButton' Look'N'Feel 'TaharezLook/RadioButton' and RenderEffect ''. (0x7fffda5af370)
14/05/2015 14:14:44 (Std) 	Creating falagard mapping for type 'TaharezLook/FrameWindow' using base type 'CEGUI/FrameWindow', window renderer 'Core/FrameWindow' Look'N'Feel 'TaharezLook/FrameWindow' and RenderEffect ''. (0x7fffda5af370)
14/05/2015 14:14:44 (Std) 	Creating falagard mapping for type 'TaharezLook/Titlebar' using base type 'CEGUI/Titlebar', window renderer 'Core/Titlebar' Look'N'Feel 'TaharezLook/Titlebar' and RenderEffect ''. (0x7fffda5af370)
14/05/2015 14:14:44 (Std) 	Creating falagard mapping for type 'TaharezLook/Editbox' using base type 'CEGUI/Editbox', window renderer 'Core/Editbox' Look'N'Feel 'TaharezLook/Editbox' and RenderEffect ''. (0x7fffda5af370)
14/05/2015 14:14:44 (Std) 	Creating falagard mapping for type 'TaharezLook/MultiLineEditbox' using base type 'CEGUI/MultiLineEditbox', window renderer 'Core/MultiLineEditbox' Look'N'Feel 'TaharezLook/MultiLineEditbox' and RenderEffect ''. (0x7fffda5af370)
14/05/2015 14:14:44 (Std) 	Creating falagard mapping for type 'TaharezLook/Menubar' using base type 'CEGUI/Menubar', window renderer 'Core/Menubar' Look'N'Feel 'TaharezLook/Menubar' and RenderEffect ''. (0x7fffda5af370)
14/05/2015 14:14:44 (Std) 	Creating falagard mapping for type 'TaharezLook/PopupMenu' using base type 'CEGUI/PopupMenu', window renderer 'Core/PopupMenu' Look'N'Feel 'TaharezLook/PopupMenu' and RenderEffect ''. (0x7fffda5af370)
14/05/2015 14:14:44 (Std) 	Creating falagard mapping for type 'TaharezLook/MenuItem' using base type 'CEGUI/MenuItem', window renderer 'Core/MenuItem' Look'N'Feel 'TaharezLook/MenuItem' and RenderEffect ''. (0x7fffda5af370)
14/05/2015 14:14:44 (Std) 	Creating falagard mapping for type 'TaharezLook/AlternateProgressBar' using base type 'CEGUI/ProgressBar', window renderer 'Core/ProgressBar' Look'N'Feel 'TaharezLook/AltProgressBar' and RenderEffect ''. (0x7fffda5af370)
14/05/2015 14:14:44 (Std) 	Creating falagard mapping for type 'TaharezLook/ProgressBar' using base type 'CEGUI/ProgressBar', window renderer 'Core/ProgressBar' Look'N'Feel 'TaharezLook/ProgressBar' and RenderEffect ''. (0x7fffda5af370)
14/05/2015 14:14:44 (Std) 	Creating falagard mapping for type 'TaharezLook/VUMeter' using base type 'CEGUI/ProgressBar', window renderer 'Core/ProgressBar' Look'N'Feel 'TaharezLook/VUMeter' and RenderEffect ''. (0x7fffda5af370)
14/05/2015 14:14:44 (Std) 	Creating falagard mapping for type 'TaharezLook/VerticalScrollbar' using base type 'CEGUI/Scrollbar', window renderer 'Core/Scrollbar' Look'N'Feel 'TaharezLook/VerticalScrollbar' and RenderEffect ''. (0x7fffda5af370)
14/05/2015 14:14:44 (Std) 	Creating falagard mapping for type 'TaharezLook/HorizontalScrollbar' using base type 'CEGUI/Scrollbar', window renderer 'Core/Scrollbar' Look'N'Feel 'TaharezLook/HorizontalScrollbar' and RenderEffect ''. (0x7fffda5af370)
14/05/2015 14:14:44 (Std) 	Creating falagard mapping for type 'TaharezLook/VerticalScrollbarThumb' using base type 'CEGUI/Thumb', window renderer 'Core/Button' Look'N'Feel 'TaharezLook/VerticalScrollbarThumb' and RenderEffect ''. (0x7fffda5af370)
14/05/2015 14:14:44 (Std) 	Creating falagard mapping for type 'TaharezLook/HorizontalScrollbarThumb' using base type 'CEGUI/Thumb', window renderer 'Core/Button' Look'N'Feel 'TaharezLook/HorizontalScrollbarThumb' and RenderEffect ''. (0x7fffda5af370)
14/05/2015 14:14:44 (Std) 	Creating falagard mapping for type 'TaharezLook/LargeVerticalScrollbar' using base type 'CEGUI/Scrollbar', window renderer 'Core/Scrollbar' Look'N'Feel 'TaharezLook/LargeVerticalScrollbar' and RenderEffect ''. (0x7fffda5af370)
14/05/2015 14:14:44 (Std) 	Creating falagard mapping for type 'TaharezLook/LargeVerticalScrollbarThumb' using base type 'CEGUI/Thumb', window renderer 'Core/Button' Look'N'Feel 'TaharezLook/LargeVerticalScrollbarThumb' and RenderEffect ''. (0x7fffda5af370)
14/05/2015 14:14:44 (Std) 	Creating falagard mapping for type 'TaharezLook/TabButton' using base type 'CEGUI/TabButton', window renderer 'Core/TabButton' Look'N'Feel 'TaharezLook/TabButton' and RenderEffect ''. (0x7fffda5af370)
14/05/2015 14:14:44 (Std) 	Creating falagard mapping for type 'TaharezLook/TabControl' using base type 'CEGUI/TabControl', window renderer 'Core/TabControl' Look'N'Feel 'TaharezLook/TabControl' and RenderEffect ''. (0x7fffda5af370)
14/05/2015 14:14:44 (Std) 	Creating falagard mapping for type 'TaharezLook/TabContentPane' using base type 'DefaultWindow', window renderer 'Core/Default' Look'N'Feel 'TaharezLook/TabContentPane' and RenderEffect ''. (0x7fffda5af370)
14/05/2015 14:14:44 (Std) 	Creating falagard mapping for type 'TaharezLook/TabButtonPane' using base type 'DefaultWindow', window renderer 'Core/Default' Look'N'Feel 'TaharezLook/TabButtonPane' and RenderEffect ''. (0x7fffda5af370)
14/05/2015 14:14:44 (Std) 	Creating falagard mapping for type 'TaharezLook/ComboDropList' using base type 'CEGUI/ComboDropList', window renderer 'Core/Listbox' Look'N'Feel 'TaharezLook/ComboDropList' and RenderEffect ''. (0x7fffda5af370)
14/05/2015 14:14:44 (Std) 	Creating falagard mapping for type 'TaharezLook/ComboEditbox' using base type 'CEGUI/Editbox', window renderer 'Core/Editbox' Look'N'Feel 'TaharezLook/ComboEditbox' and RenderEffect ''. (0x7fffda5af370)
14/05/2015 14:14:44 (Std) 	Creating falagard mapping for type 'TaharezLook/Combobox' using base type 'CEGUI/Combobox', window renderer 'Core/Default' Look'N'Feel 'TaharezLook/Combobox' and RenderEffect ''. (0x7fffda5af370)
14/05/2015 14:14:44 (Std) 	Creating falagard mapping for type 'TaharezLook/Listbox' using base type 'CEGUI/Listbox', window renderer 'Core/Listbox' Look'N'Feel 'TaharezLook/Listbox' and RenderEffect ''. (0x7fffda5af370)
14/05/2015 14:14:44 (Std) 	Creating falagard mapping for type 'TaharezLook/ListHeader' using base type 'CEGUI/ListHeader', window renderer 'Core/ListHeader' Look'N'Feel 'TaharezLook/ListHeader' and RenderEffect ''. (0x7fffda5af370)
14/05/2015 14:14:44 (Std) 	Creating falagard mapping for type 'TaharezLook/ListHeaderSegment' using base type 'CEGUI/ListHeaderSegment', window renderer 'Core/ListHeaderSegment' Look'N'Feel 'TaharezLook/ListHeaderSegment' and RenderEffect ''. (0x7fffda5af370)
14/05/2015 14:14:44 (Std) 	Creating falagard mapping for type 'TaharezLook/MultiColumnList' using base type 'CEGUI/MultiColumnList', window renderer 'Core/MultiColumnList' Look'N'Feel 'TaharezLook/MultiColumnList' and RenderEffect ''. (0x7fffda5af370)
14/05/2015 14:14:44 (Std) 	Creating falagard mapping for type 'TaharezLook/Slider' using base type 'CEGUI/Slider', window renderer 'Core/Slider' Look'N'Feel 'TaharezLook/Slider' and RenderEffect ''. (0x7fffda5af370)
14/05/2015 14:14:44 (Std) 	Creating falagard mapping for type 'TaharezLook/SliderThumb' using base type 'CEGUI/Thumb', window renderer 'Core/Button' Look'N'Feel 'TaharezLook/SliderThumb' and RenderEffect ''. (0x7fffda5af370)
14/05/2015 14:14:44 (Std) 	Creating falagard mapping for type 'TaharezLook/ScrollablePane' using base type 'CEGUI/ScrollablePane', window renderer 'Core/ScrollablePane' Look'N'Feel 'TaharezLook/ScrollablePane' and RenderEffect ''. (0x7fffda5af370)
14/05/2015 14:14:44 (Std) 	Creating falagard mapping for type 'TaharezLook/Spinner' using base type 'CEGUI/Spinner', window renderer 'Core/Default' Look'N'Feel 'TaharezLook/Spinner' and RenderEffect ''. (0x7fffda5af370)
14/05/2015 14:14:44 (Std) 	Creating falagard mapping for type 'TaharezLook/Tooltip' using base type 'CEGUI/Tooltip', window renderer 'Core/Tooltip' Look'N'Feel 'TaharezLook/Tooltip' and RenderEffect ''. (0x7fffda5af370)
14/05/2015 14:14:44 (Std) 	Creating falagard mapping for type 'TaharezLook/StaticImage' using base type 'DefaultWindow', window renderer 'Core/StaticImage' Look'N'Feel 'TaharezLook/StaticImage' and RenderEffect ''. (0x7fffda5af370)
14/05/2015 14:14:44 (Std) 	Creating falagard mapping for type 'TaharezLook/StaticText' using base type 'DefaultWindow', window renderer 'Core/StaticText' Look'N'Feel 'TaharezLook/StaticText' and RenderEffect ''. (0x7fffda5af370)
14/05/2015 14:14:44 (Std) 	Creating falagard mapping for type 'TaharezLook/ItemListbox' using base type 'CEGUI/ItemListbox', window renderer 'Core/ItemListbox' Look'N'Feel 'TaharezLook/ItemListbox' and RenderEffect ''. (0x7fffda5af370)
14/05/2015 14:14:44 (Std) 	Creating falagard mapping for type 'TaharezLook/ListboxItem' using base type 'CEGUI/ItemEntry', window renderer 'Core/ItemEntry' Look'N'Feel 'TaharezLook/ListboxItem' and RenderEffect ''. (0x7fffda5af370)
14/05/2015 14:14:44 (Std) 	Creating falagard mapping for type 'TaharezLook/GroupBox' using base type 'DefaultWindow', window renderer 'Core/Default' Look'N'Feel 'TaharezLook/GroupBox' and RenderEffect ''. (0x7fffda5af370)
14/05/2015 14:14:44 (Std) 	Creating falagard mapping for type 'TaharezLook/Tree' using base type 'CEGUI/Tree', window renderer 'Core/Tree' Look'N'Feel 'TaharezLook/Tree' and RenderEffect ''. (0x7fffda5af370)
14/05/2015 14:14:44 (Std) 	[OgreRenderer] Created texture: _ogre_tt_tex_0
14/05/2015 14:14:44 (Std) 	[OgreRenderer] Created texture: _ogre_tt_tex_1
14/05/2015 14:14:44 (Std) 	[OgreRenderer] Created texture: _ogre_tt_tex_2
14/05/2015 14:14:44 (Std) 	[OgreRenderer] Created texture: _ogre_tt_tex_3
14/05/2015 14:14:44 (Std) 	[OgreRenderer] Created texture: DejaVuSans-12_auto_glyph_images_32
14/05/2015 14:14:44 (Std) 	[OgreRenderer] Created texture: _ogre_tt_tex_4
14/05/2015 14:14:44 (Std) 	[OgreRenderer] Created texture: _ogre_tt_tex_5
14/05/2015 14:14:44 (Std) 	[OgreRenderer] Created texture: _ogre_tt_tex_6
