18:23:40: Creating resource group General
18:23:40: Creating resource group Internal
18:23:40: Creating resource group Autodetect
18:23:40: SceneManagerFactory for type 'DefaultSceneManager' registered.
18:23:40: Registering ResourceManager for type Material
18:23:40: Registering ResourceManager for type Mesh
18:23:40: Registering ResourceManager for type Skeleton
18:23:40: MovableObjectFactory for type 'ParticleSystem' registered.
18:23:40: ArchiveFactory for archive type FileSystem registered.
18:23:40: ArchiveFactory for archive type Zip registered.
18:23:40: ArchiveFactory for archive type EmbeddedZip registered.
18:23:40: DDS codec registering
18:23:40: FreeImage version: 3.15.4
18:23:40: This program uses FreeImage, a free, open source image library supporting all common bitmap formats. See http://freeimage.sourceforge.net for details
18:23:40: Supported formats: bmp,ico,jpg,jif,jpeg,jpe,jng,koa,iff,lbm,mng,pbm,pbm,pcd,pcx,pgm,pgm,png,ppm,ppm,ras,tga,targa,tif,tiff,wap,wbmp,wbm,psd,cut,xbm,xpm,gif,hdr,g3,sgi,exr,j2k,j2c,jp2,pfm,pct,pict,pic,3fr,arw,bay,bmq,cap,cine,cr2,crw,cs1,dc2,dcr,drf,dsc,dng,erf,fff,ia,iiq,k25,kc2,kdc,mdc,mef,mos,mrw,nef,nrw,orf,pef,ptx,pxn,qtk,raf,raw,rdc,rw2,rwl,rwz,sr2,srf,srw,sti
18:23:40: Registering ResourceManager for type HighLevelGpuProgram
18:23:40: Registering ResourceManager for type Compositor
18:23:40: MovableObjectFactory for type 'Entity' registered.
18:23:40: MovableObjectFactory for type 'Light' registered.
18:23:40: MovableObjectFactory for type 'BillboardSet' registered.
18:23:40: MovableObjectFactory for type 'ManualObject' registered.
18:23:40: MovableObjectFactory for type 'BillboardChain' registered.
18:23:40: MovableObjectFactory for type 'RibbonTrail' registered.
18:23:40: Loading library /usr/lib/x86_64-linux-gnu/OGRE-1.9.0/RenderSystem_GL
18:23:40: Installing plugin: GL RenderSystem
18:23:40: OpenGL Rendering Subsystem created.
18:23:40: Plugin successfully installed
18:23:40: Loading library /usr/lib/x86_64-linux-gnu/OGRE-1.9.0/Plugin_ParticleFX
18:23:40: Installing plugin: ParticleFX
18:23:40: Particle Emitter Type 'Point' registered
18:23:40: Particle Emitter Type 'Box' registered
18:23:40: Particle Emitter Type 'Ellipsoid' registered
18:23:40: Particle Emitter Type 'Cylinder' registered
18:23:40: Particle Emitter Type 'Ring' registered
18:23:40: Particle Emitter Type 'HollowEllipsoid' registered
18:23:40: Particle Affector Type 'LinearForce' registered
18:23:40: Particle Affector Type 'ColourFader' registered
18:23:40: Particle Affector Type 'ColourFader2' registered
18:23:40: Particle Affector Type 'ColourImage' registered
18:23:40: Particle Affector Type 'ColourInterpolator' registered
18:23:40: Particle Affector Type 'Scaler' registered
18:23:40: Particle Affector Type 'Rotator' registered
18:23:40: Particle Affector Type 'DirectionRandomiser' registered
18:23:40: Particle Affector Type 'DeflectorPlane' registered
18:23:40: Plugin successfully installed
18:23:40: Loading library /usr/lib/x86_64-linux-gnu/OGRE-1.9.0/Plugin_BSPSceneManager
18:23:40: Installing plugin: BSP Scene Manager
18:23:40: Plugin successfully installed
18:23:40: Loading library /usr/lib/x86_64-linux-gnu/OGRE-1.9.0/Plugin_PCZSceneManager
18:23:40: Installing plugin: Portal Connected Zone Scene Manager
18:23:40: PCZone Factory Type 'ZoneType_Default' registered
18:23:40: Plugin successfully installed
18:23:40: Loading library /usr/lib/x86_64-linux-gnu/OGRE-1.9.0/Plugin_OctreeZone
18:23:40: Installing plugin: Octree Zone Factory
18:23:40: Plugin successfully installed
18:23:40: Loading library /usr/lib/x86_64-linux-gnu/OGRE-1.9.0/Plugin_OctreeSceneManager
18:23:40: Installing plugin: Octree Scene Manager
18:23:40: Plugin successfully installed
18:23:40: *-*-* OGRE Initialising
18:23:40: *-*-* Version 1.9.0 (Ghadamon)
18:23:40: Creating resource group Assignment2
18:23:40: Added resource location 'media/models' of type 'FileSystem' to resource group 'Assignment2'
18:23:40: Added resource location 'media/materials/scripts' of type 'FileSystem' to resource group 'Assignment2'
18:23:40: Added resource location 'media/sounds' of type 'FileSystem' to resource group 'Assignment2'
18:23:40: Creating resource group Essential
18:23:40: Added resource location '/lusr/opt/ogre-1.9/share/OGRE/Media/thumbnails' of type 'FileSystem' to resource group 'Essential'
18:23:40: Added resource location '/lusr/opt/ogre-1.9/share/OGRE/Media/packs/SdkTrays.zip' of type 'Zip' to resource group 'Essential'
18:23:40: Added resource location '/lusr/opt/ogre-1.9/share/OGRE/Media/packs/profiler.zip' of type 'Zip' to resource group 'Essential'
18:23:40: Added resource location '/lusr/opt/ogre-1.9/share/OGRE/Media' of type 'FileSystem' to resource group 'General'
18:23:40: Creating resource group Popular
18:23:40: Added resource location '/lusr/opt/ogre-1.9/share/OGRE/Media/fonts' of type 'FileSystem' to resource group 'Popular'
18:23:40: Added resource location '/lusr/opt/ogre-1.9/share/OGRE/Media/materials/programs/GLSL' of type 'FileSystem' to resource group 'Popular'
18:23:40: Added resource location '/lusr/opt/ogre-1.9/share/OGRE/Media/materials/scripts' of type 'FileSystem' to resource group 'Popular'
18:23:40: Added resource location '/lusr/opt/ogre-1.9/share/OGRE/Media/materials/textures' of type 'FileSystem' to resource group 'Popular'
18:23:40: Added resource location '/lusr/opt/ogre-1.9/share/OGRE/Media/materials/textures/nvidia' of type 'FileSystem' to resource group 'Popular'
18:23:40: Added resource location '/lusr/opt/ogre-1.9/share/OGRE/Media/models' of type 'FileSystem' to resource group 'Popular'
18:23:40: Added resource location '/lusr/opt/ogre-1.9/share/OGRE/Media/particle' of type 'FileSystem' to resource group 'Popular'
18:23:40: Added resource location '/lusr/opt/ogre-1.9/share/OGRE/Media/DeferredShadingMedia' of type 'FileSystem' to resource group 'Popular'
18:23:40: Added resource location '/lusr/opt/ogre-1.9/share/OGRE/Media/PCZAppMedia' of type 'FileSystem' to resource group 'Popular'
18:23:40: Added resource location '/lusr/opt/ogre-1.9/share/OGRE/Media/RTShaderLib' of type 'FileSystem' to resource group 'Popular'
18:23:40: Added resource location '/lusr/opt/ogre-1.9/share/OGRE/Media/RTShaderLib/materials' of type 'FileSystem' to resource group 'Popular'
18:23:40: Added resource location '/lusr/opt/ogre-1.9/share/OGRE/Media/materials/scripts/SSAO' of type 'FileSystem' to resource group 'Popular'
18:23:40: Added resource location '/lusr/opt/ogre-1.9/share/OGRE/Media/materials/textures/SSAO' of type 'FileSystem' to resource group 'Popular'
18:23:40: Added resource location '/lusr/opt/ogre-1.9/share/OGRE/Media/volumeTerrain' of type 'FileSystem' to resource group 'Popular'
18:23:40: Added resource location '/lusr/opt/ogre-1.9/share/OGRE/Media/packs/cubemap.zip' of type 'Zip' to resource group 'Popular'
18:23:40: Added resource location '/lusr/opt/ogre-1.9/share/OGRE/Media/packs/cubemapsJS.zip' of type 'Zip' to resource group 'Popular'
18:23:40: Added resource location '/lusr/opt/ogre-1.9/share/OGRE/Media/packs/dragon.zip' of type 'Zip' to resource group 'Popular'
18:23:40: Added resource location '/lusr/opt/ogre-1.9/share/OGRE/Media/packs/fresneldemo.zip' of type 'Zip' to resource group 'Popular'
18:23:40: Added resource location '/lusr/opt/ogre-1.9/share/OGRE/Media/packs/ogretestmap.zip' of type 'Zip' to resource group 'Popular'
18:23:40: Added resource location '/lusr/opt/ogre-1.9/share/OGRE/Media/packs/ogredance.zip' of type 'Zip' to resource group 'Popular'
18:23:40: Added resource location '/lusr/opt/ogre-1.9/share/OGRE/Media/packs/Sinbad.zip' of type 'Zip' to resource group 'Popular'
18:23:40: Added resource location '/lusr/opt/ogre-1.9/share/OGRE/Media/packs/skybox.zip' of type 'Zip' to resource group 'Popular'
18:23:40: Added resource location '/lusr/opt/ogre-1.9/share/OGRE/Media/volumeTerrain/volumeTerrainBig.zip' of type 'Zip' to resource group 'Popular'
18:23:40: Creating resource group Tests
18:23:40: Added resource location '/lusr/opt/ogre-1.9/Tests/Media' of type 'FileSystem' to resource group 'Tests'
18:23:42: CPU Identifier & Features
18:23:42: -------------------------
18:23:42:  *   CPU ID: GenuineIntel: Intel(R) Xeon(R) CPU E31270 @ 3.40GHz
18:23:42:  *      SSE: yes
18:23:42:  *     SSE2: yes
18:23:42:  *     SSE3: yes
18:23:42:  *      MMX: yes
18:23:42:  *   MMXEXT: yes
18:23:42:  *    3DNOW: no
18:23:42:  * 3DNOWEXT: no
18:23:42:  *     CMOV: yes
18:23:42:  *      TSC: yes
18:23:42:  *      FPU: yes
18:23:42:  *      PRO: yes
18:23:42:  *       HT: no
18:23:42: -------------------------
18:23:42: ******************************
*** Starting GLX Subsystem ***
******************************
18:23:42: Registering ResourceManager for type Texture
18:23:42: GLRenderSystem::_createRenderWindow "TutorialApplication Render Window", 800x600 windowed  miscParams: FSAA=0 displayFrequency=60 Hz gamma=No vsync=No 
18:23:42: GLXWindow::create used FBConfigID = 309
18:23:42: GL_VERSION = 4.4.0 NVIDIA 331.113
18:23:42: GL_VENDOR = NVIDIA Corporation
18:23:42: GL_RENDERER = Quadro 600/PCIe/SSE2
18:23:42: GL_EXTENSIONS = GL_AMD_multi_draw_indirect GL_ARB_arrays_of_arrays GL_ARB_base_instance GL_ARB_blend_func_extended GL_ARB_buffer_storage GL_ARB_clear_buffer_object GL_ARB_clear_texture GL_ARB_color_buffer_float GL_ARB_compatibility GL_ARB_compressed_texture_pixel_storage GL_ARB_conservative_depth GL_ARB_compute_shader GL_ARB_compute_variable_group_size GL_ARB_copy_buffer GL_ARB_copy_image GL_ARB_debug_output GL_ARB_depth_buffer_float GL_ARB_depth_clamp GL_ARB_depth_texture GL_ARB_draw_buffers GL_ARB_draw_buffers_blend GL_ARB_draw_indirect GL_ARB_draw_elements_base_vertex GL_ARB_draw_instanced GL_ARB_enhanced_layouts GL_ARB_ES2_compatibility GL_ARB_ES3_compatibility GL_ARB_explicit_attrib_location GL_ARB_explicit_uniform_location GL_ARB_fragment_coord_conventions GL_ARB_fragment_layer_viewport GL_ARB_fragment_program GL_ARB_fragment_program_shadow GL_ARB_fragment_shader GL_ARB_framebuffer_no_attachments GL_ARB_framebuffer_object GL_ARB_framebuffer_sRGB GL_ARB_geometry_shader4 GL_ARB_get_program_binary GL_ARB_gpu_shader5 GL_ARB_gpu_shader_fp64 GL_ARB_half_float_pixel GL_ARB_half_float_vertex GL_ARB_imaging GL_ARB_indirect_parameters GL_ARB_instanced_arrays GL_ARB_internalformat_query GL_ARB_internalformat_query2 GL_ARB_invalidate_subdata GL_ARB_map_buffer_alignment GL_ARB_map_buffer_range GL_ARB_multi_bind GL_ARB_multi_draw_indirect GL_ARB_multisample GL_ARB_multitexture GL_ARB_occlusion_query GL_ARB_occlusion_query2 GL_ARB_pixel_buffer_object GL_ARB_point_parameters GL_ARB_point_sprite GL_ARB_program_interface_query GL_ARB_provoking_vertex GL_ARB_robust_buffer_access_behavior GL_ARB_robustness GL_ARB_sample_shading GL_ARB_sampler_objects GL_ARB_seamless_cube_map GL_ARB_separate_shader_objects GL_ARB_shader_atomic_counters GL_ARB_shader_bit_encoding GL_ARB_shader_draw_parameters GL_ARB_shader_group_vote GL_ARB_shader_image_load_store GL_ARB_shader_image_size GL_ARB_shader_objects GL_ARB_shader_precision GL_ARB_query_buffer_object GL_ARB_shader_storage_buffer_object GL_ARB_shader_subroutine GL_ARB_shader_texture_lod GL_ARB_shading_language_100 GL_ARB_shading_language_420pack GL_ARB_shading_language_include GL_ARB_shading_language_packing GL_ARB_shadow GL_ARB_stencil_texturing GL_ARB_sync GL_ARB_tessellation_shader GL_ARB_texture_border_clamp GL_ARB_texture_buffer_object GL_ARB_texture_buffer_object_rgb32 GL_ARB_texture_buffer_range GL_ARB_texture_compression GL_ARB_texture_compression_bptc GL_ARB_texture_compression_rgtc GL_ARB_texture_cube_map GL_ARB_texture_cube_map_array GL_ARB_texture_env_add GL_ARB_texture_env_combine GL_ARB_texture_env_crossbar GL_ARB_texture_env_dot3 GL_ARB_texture_float GL_ARB_texture_gather GL_ARB_texture_mirror_clamp_to_edge GL_ARB_texture_mirrored_repeat GL_ARB_texture_multisample GL_ARB_texture_non_power_of_two GL_ARB_texture_query_levels GL_ARB_texture_query_lod GL_ARB_texture_rectangle GL_ARB_texture_rg GL_ARB_texture_rgb10_a2ui GL_ARB_texture_stencil8 GL_ARB_texture_storage GL_ARB_texture_storage_multisample GL_ARB_texture_swizzle GL_ARB_texture_view GL_ARB_timer_query GL_ARB_transform_feedback2 GL_ARB_transform_feedback3 GL_ARB_transform_feedback_instanced GL_ARB_transpose_matrix GL_ARB_uniform_buffer_object GL_ARB_vertex_array_bgra GL_ARB_vertex_array_object GL_ARB_vertex_attrib_64bit GL_ARB_vertex_attrib_binding GL_ARB_vertex_buffer_object GL_ARB_vertex_program GL_ARB_vertex_shader GL_ARB_vertex_type_10f_11f_11f_rev GL_ARB_vertex_type_2_10_10_10_rev GL_ARB_viewport_array GL_ARB_window_pos GL_ATI_draw_buffers GL_ATI_texture_float GL_ATI_texture_mirror_once GL_S3_s3tc GL_EXT_texture_env_add GL_EXT_abgr GL_EXT_bgra GL_EXT_bindable_uniform GL_EXT_blend_color GL_EXT_blend_equation_separate GL_EXT_blend_func_separate GL_EXT_blend_minmax GL_EXT_blend_subtract GL_EXT_compiled_vertex_array GL_EXT_Cg_shader GL_EXT_depth_bounds_test GL_EXT_direct_state_access GL_EXT_draw_buffers2 GL_EXT_draw_instanced GL_EXT_draw_range_elements GL_EXT_fog_coord GL_EXT_framebuffer_blit GL_EXT_framebuffer_multisample GL_EXTX_framebuffer_mixed_formats GL_EXT_framebuffer_multisample_blit_scaled GL_EXT_framebuffer_object GL_EXT_framebuffer_sRGB GL_EXT_geometry_shader4 GL_EXT_gpu_program_parameters GL_EXT_gpu_shader4 GL_EXT_multi_draw_arrays GL_EXT_packed_depth_stencil GL_EXT_packed_float GL_EXT_packed_pixels GL_EXT_pixel_buffer_object GL_EXT_point_parameters GL_EXT_provoking_vertex GL_EXT_rescale_normal GL_EXT_secondary_color GL_EXT_separate_shader_objects GL_EXT_separate_specular_color GL_EXT_shader_image_load_store GL_EXT_shadow_funcs GL_EXT_stencil_two_side GL_EXT_stencil_wrap GL_EXT_texture3D GL_EXT_texture_array GL_EXT_texture_buffer_object GL_EXT_texture_compression_dxt1 GL_EXT_texture_compression_latc GL_EXT_texture_compression_rgtc GL_EXT_texture_compression_s3tc GL_EXT_texture_cube_map GL_EXT_texture_edge_clamp GL_EXT_texture_env_combine GL_EXT_texture_env_dot3 GL_EXT_texture_filter_anisotropic GL_EXT_texture_integer GL_EXT_texture_lod GL_EXT_texture_lod_bias GL_EXT_texture_mirror_clamp GL_EXT_texture_object GL_EXT_texture_shared_exponent GL_EXT_texture_sRGB GL_EXT_texture_sRGB_decode GL_EXT_texture_storage GL_EXT_texture_swizzle GL_EXT_timer_query GL_EXT_transform_feedback2 GL_EXT_vertex_array GL_EXT_vertex_array_bgra GL_EXT_vertex_attrib_64bit GL_EXT_x11_sync_object GL_EXT_import_sync_object GL_IBM_rasterpos_clip GL_IBM_texture_mirrored_repeat GL_KHR_debug GL_KTX_buffer_region GL_NV_bindless_multi_draw_indirect GL_NV_blend_equation_advanced GL_NV_blend_square GL_NV_compute_program5 GL_NV_conditional_render GL_NV_copy_depth_to_color GL_NV_copy_image GL_NV_depth_buffer_float GL_NV_depth_clamp GL_NV_draw_texture GL_NV_ES1_1_compatibility GL_NV_explicit_multisample GL_NV_fence GL_NV_float_buffer GL_NV_fog_distance GL_NV_fragment_program GL_NV_fragment_program_option GL_NV_fragment_program2 GL_NV_framebuffer_multisample_coverage GL_NV_geometry_shader4 GL_NV_gpu_program4 GL_NV_gpu_program4_1 GL_NV_gpu_program5 GL_NV_gpu_program5_mem_extended GL_NV_gpu_program_fp64 GL_NV_gpu_shader5 GL_NV_half_float GL_NV_light_max_exponent GL_NV_multisample_coverage GL_NV_multisample_filter_hint GL_NV_occlusion_query GL_NV_packed_depth_stencil GL_NV_parameter_buffer_object GL_NV_parameter_buffer_object2 GL_NV_path_rendering GL_NV_pixel_data_range GL_NV_point_sprite GL_NV_primitive_restart GL_NV_register_combiners GL_NV_register_combiners2 GL_NV_shader_atomic_counters GL_NV_shader_atomic_float GL_NV_shader_buffer_load GL_NV_shader_storage_buffer_object GL_ARB_sparse_texture GL_NV_texgen_reflection GL_NV_texture_barrier GL_NV_texture_compression_vtc GL_NV_texture_env_combine4 GL_NV_texture_expand_normal GL_NV_texture_multisample GL_NV_texture_rectangle GL_NV_texture_shader GL_NV_texture_shader2 GL_NV_texture_shader3 GL_NV_transform_feedback GL_NV_transform_feedback2 GL_NV_vdpau_interop GL_NV_vertex_array_range GL_NV_vertex_array_range2 GL_NV_vertex_attrib_integer_64bit GL_NV_vertex_buffer_unified_memory GL_NV_vertex_program GL_NV_vertex_program1_1 GL_NV_vertex_program2 GL_NV_vertex_program2_option GL_NV_vertex_program3 GL_NVX_conditional_render GL_NVX_gpu_memory_info GL_SGIS_generate_mipmap GL_SGIS_texture_lod GL_SGIX_depth_texture GL_SGIX_shadow GL_SUN_slice_accum 
18:23:42: Supported GLX extensions: GLX_EXT_visual_info GLX_EXT_visual_rating GLX_SGIX_fbconfig GLX_SGIX_pbuffer GLX_SGI_video_sync GLX_SGI_swap_control GLX_EXT_swap_control GLX_EXT_swap_control_tear GLX_EXT_texture_from_pixmap GLX_EXT_buffer_age GLX_ARB_create_context GLX_ARB_create_context_profile GLX_EXT_create_context_es_profile GLX_EXT_create_context_es2_profile GLX_ARB_create_context_robustness GLX_ARB_multisample GLX_NV_float_buffer GLX_ARB_fbconfig_float GLX_NV_swap_group GLX_EXT_framebuffer_sRGB GLX_NV_multisample_coverage GLX_NV_copy_image GLX_NV_video_capture GLX_ARB_get_proc_address 
18:23:42: ***************************
18:23:42: *** GL Renderer Started ***
18:23:42: ***************************
18:23:42: Registering ResourceManager for type GpuProgram
18:23:42: GLSL support detected
18:23:42: GL: Using GL_EXT_framebuffer_object for rendering to textures (best)
18:23:42: FBO PF_UNKNOWN depth/stencil support: D0S8 D16S0 D24S0 D32S0 Packed-D24S8 
18:23:42: FBO PF_L8 depth/stencil support: D0S0 D0S8 D16S0 D24S0 D32S0 Packed-D24S8 
18:23:42: FBO PF_A8 depth/stencil support: D0S0 D0S8 D16S0 D24S0 D32S0 Packed-D24S8 
18:23:42: FBO PF_A4L4 depth/stencil support: D0S0 D0S8 D16S0 D24S0 D32S0 Packed-D24S8 
18:23:42: FBO PF_BYTE_LA depth/stencil support: D0S0 D0S8 D16S0 D24S0 D32S0 Packed-D24S8 
18:23:42: FBO PF_R5G6B5 depth/stencil support: D0S0 D0S8 D16S0 D24S0 D32S0 Packed-D24S8 
18:23:42: FBO PF_B5G6R5 depth/stencil support: D0S0 D0S8 D16S0 D24S0 D32S0 Packed-D24S8 
18:23:42: FBO PF_A4R4G4B4 depth/stencil support: D0S0 D0S8 D16S0 D24S0 D32S0 Packed-D24S8 
18:23:42: FBO PF_A1R5G5B5 depth/stencil support: D0S0 D0S8 D16S0 D24S0 D32S0 Packed-D24S8 
18:23:42: FBO PF_R8G8B8 depth/stencil support: D0S0 D0S8 D16S0 D24S0 D32S0 Packed-D24S8 
18:23:42: FBO PF_B8G8R8 depth/stencil support: D0S0 D0S8 D16S0 D24S0 D32S0 Packed-D24S8 
18:23:43: FBO PF_A8R8G8B8 depth/stencil support: D0S0 D0S8 D16S0 D24S0 D32S0 Packed-D24S8 
18:23:43: FBO PF_B8G8R8A8 depth/stencil support: D0S0 D0S8 D16S0 D24S0 D32S0 Packed-D24S8 
18:23:43: FBO PF_A2R10G10B10 depth/stencil support: D0S0 D0S8 D16S0 D24S0 D32S0 Packed-D24S8 
18:23:43: FBO PF_A2B10G10R10 depth/stencil support: D0S0 D0S8 D16S0 D24S0 D32S0 Packed-D24S8 
18:23:43: FBO PF_FLOAT16_RGB depth/stencil support: D0S0 D0S8 D16S0 D24S0 D32S0 Packed-D24S8 
18:23:43: FBO PF_FLOAT16_RGBA depth/stencil support: D0S0 D0S8 D16S0 D24S0 D32S0 Packed-D24S8 
18:23:43: FBO PF_FLOAT32_RGB depth/stencil support: D0S0 D0S8 D16S0 D24S0 D32S0 Packed-D24S8 
18:23:43: FBO PF_FLOAT32_RGBA depth/stencil support: D0S0 D0S8 D16S0 D24S0 D32S0 Packed-D24S8 
18:23:43: FBO PF_X8R8G8B8 depth/stencil support: D0S0 D0S8 D16S0 D24S0 D32S0 Packed-D24S8 
18:23:43: FBO PF_X8B8G8R8 depth/stencil support: D0S0 D0S8 D16S0 D24S0 D32S0 Packed-D24S8 
18:23:43: FBO PF_SHORT_RGBA depth/stencil support: D0S0 D0S8 D16S0 D24S0 D32S0 Packed-D24S8 
18:23:43: FBO PF_R3G3B2 depth/stencil support: D0S0 D0S8 D16S0 D24S0 D32S0 Packed-D24S8 
18:23:43: FBO PF_FLOAT16_R depth/stencil support: D0S0 D0S8 D16S0 D24S0 D32S0 Packed-D24S8 
18:23:43: FBO PF_FLOAT32_R depth/stencil support: D0S0 D0S8 D16S0 D24S0 D32S0 Packed-D24S8 
18:23:43: FBO PF_FLOAT16_GR depth/stencil support: D0S0 D0S8 D16S0 D24S0 D32S0 Packed-D24S8 
18:23:43: FBO PF_FLOAT32_GR depth/stencil support: D0S0 D0S8 D16S0 D24S0 D32S0 Packed-D24S8 
18:23:43: FBO PF_SHORT_RGB depth/stencil support: D0S0 D0S8 D16S0 D24S0 D32S0 Packed-D24S8 
18:23:43: [GL] : Valid FBO targets PF_UNKNOWN PF_L8 PF_A8 PF_A4L4 PF_BYTE_LA PF_R5G6B5 PF_B5G6R5 PF_A4R4G4B4 PF_A1R5G5B5 PF_R8G8B8 PF_B8G8R8 PF_A8R8G8B8 PF_B8G8R8A8 PF_A2R10G10B10 PF_A2B10G10R10 PF_FLOAT16_RGB PF_FLOAT16_RGBA PF_FLOAT32_RGB PF_FLOAT32_RGBA PF_X8R8G8B8 PF_X8B8G8R8 PF_SHORT_RGBA PF_R3G3B2 PF_FLOAT16_R PF_FLOAT32_R PF_FLOAT16_GR PF_FLOAT32_GR PF_SHORT_RGB 
18:23:43: RenderSystem capabilities
18:23:43: -------------------------
18:23:43: RenderSystem Name: OpenGL Rendering Subsystem
18:23:43: GPU Vendor: nvidia
18:23:43: Device Name: Quadro 600/PCIe/SSE2
18:23:43: Driver Version: 4.4.0.0
18:23:43:  * Fixed function pipeline: yes
18:23:43:  * Hardware generation of mipmaps: yes
18:23:43:  * Texture blending: yes
18:23:43:  * Anisotropic texture filtering: yes
18:23:43:  * Dot product texture operation: yes
18:23:43:  * Cube mapping: yes
18:23:43:  * Hardware stencil buffer: yes
18:23:43:    - Stencil depth: 8
18:23:43:    - Two sided stencil support: yes
18:23:43:    - Wrap stencil values: yes
18:23:43:  * Hardware vertex / index buffers: yes
18:23:43:  * 32-bit index buffers: no
18:23:43:  * Vertex programs: yes
18:23:43:  * Number of floating-point constants for vertex programs: 1024
18:23:43:  * Number of integer constants for vertex programs: 0
18:23:43:  * Number of boolean constants for vertex programs: 0
18:23:43:  * Fragment programs: yes
18:23:43:  * Number of floating-point constants for fragment programs: 512
18:23:43:  * Number of integer constants for fragment programs: 0
18:23:43:  * Number of boolean constants for fragment programs: 0
18:23:43:  * Geometry programs: yes
18:23:43:  * Number of floating-point constants for geometry programs: 2048
18:23:43:  * Number of integer constants for geometry programs: 0
18:23:43:  * Number of boolean constants for geometry programs: 0
18:23:43:  * Tesselation Hull programs: no
18:23:43:  * Number of floating-point constants for tesselation hull programs: 25056
18:23:43:  * Number of integer constants for tesselation hull programs: 3300
18:23:43:  * Number of boolean constants for tesselation hull programs: 47928
18:23:43:  * Tesselation Domain programs: no
18:23:43:  * Number of floating-point constants for tesselation domain programs: 51643
18:23:43:  * Number of integer constants for tesselation domain programs: 19845
18:23:43:  * Number of boolean constants for tesselation domain programs: 44767
18:23:43:  * Compute programs: no
18:23:43:  * Number of floating-point constants for compute programs: 6008
18:23:43:  * Number of integer constants for compute programs: 54336
18:23:43:  * Number of boolean constants for compute programs: 7637
18:23:43:  * Supported Shader Profiles: arbfp1 arbvp1 fp20 fp30 fp40 glsl gp4fp gp4gp gp4vp gpu_fp gpu_gp gpu_vp nvgp4 vp30 vp40
18:23:43:  * Texture Compression: yes
18:23:43:    - DXT: yes
18:23:43:    - VTC: yes
18:23:43:    - PVRTC: no
18:23:43:    - ATC: no
18:23:43:    - ETC1: no
18:23:43:    - ETC2: no
18:23:43:    - BC4/BC5: no
18:23:43:    - BC6H/BC7: no
18:23:43:  * Scissor Rectangle: yes
18:23:43:  * Hardware Occlusion Query: yes
18:23:43:  * User clip planes: yes
18:23:43:  * VET_UBYTE4 vertex element type: yes
18:23:43:  * Infinite far plane projection: yes
18:23:43:  * Hardware render-to-texture: yes
18:23:43:  * Floating point textures: yes
18:23:43:  * Non-power-of-two textures: yes
18:23:43:  * 1d textures: yes
18:23:43:  * Volume textures: yes
18:23:43:  * Multiple Render Targets: 8
18:23:43:    - With different bit depths: yes
18:23:43:  * Point Sprites: yes
18:23:43:  * Extended point parameters: yes
18:23:43:  * Max Point Size: 2047
18:23:43:  * Vertex texture fetch: yes
18:23:43:  * Number of world matrices: 0
18:23:43:  * Number of texture units: 16
18:23:43:  * Stencil buffer depth: 8
18:23:43:  * Number of vertex blend matrices: 0
18:23:43:    - Max vertex textures: 32
18:23:43:    - Vertex textures shared: yes
18:23:43:  * Render to Vertex Buffer : yes
18:23:43:  * Hardware Atomic Counters: no
18:23:43:  * GL 1.5 without VBO workaround: no
18:23:43:  * Frame Buffer objects: yes
18:23:43:  * Frame Buffer objects (ARB extension): no
18:23:43:  * Frame Buffer objects (ATI extension): no
18:23:43:  * PBuffer support: yes
18:23:43:  * GL 1.5 without HW-occlusion workaround: no
18:23:43:  * Vertex Array Objects: no
18:23:43:  * Separate shader objects: no
18:23:43: DefaultWorkQueue('Root') initialising on thread 7ff6c5104840.
18:23:43: DefaultWorkQueue('Root')::WorkerFunc - thread 7ff6b6f1d700 starting.
18:23:43: DefaultWorkQueue('Root')::WorkerFunc - thread 7ff6b671c700 starting.
18:23:43: DefaultWorkQueue('Root')::WorkerFunc - thread 7ff6b571a700 starting.
18:23:43: DefaultWorkQueue('Root')::WorkerFunc - thread 7ff6affff700 starting.
18:23:43: DefaultWorkQueue('Root')::WorkerFunc - thread 7ff6b4f19700 starting.
18:23:43: DefaultWorkQueue('Root')::WorkerFunc - thread 7ff6b5f1b700 starting.
18:23:43: DefaultWorkQueue('Root')::WorkerFunc - thread 7ff6af7fe700 starting.
18:23:43: DefaultWorkQueue('Root')::WorkerFunc - thread 7ff6aeffd700 starting.
18:23:43: Particle Renderer Type 'billboard' registered
18:23:43: SceneManagerFactory for type 'BspSceneManager' registered.
18:23:43: Registering ResourceManager for type BspLevel
18:23:43: SceneManagerFactory for type 'PCZSceneManager' registered.
18:23:43: MovableObjectFactory for type 'PCZLight' registered.
18:23:43: MovableObjectFactory for type 'Portal' registered.
18:23:43: MovableObjectFactory for type 'AntiPortal' registered.
18:23:43: PCZone Factory Type 'ZoneType_Octree' registered
18:23:43: SceneManagerFactory for type 'OctreeSceneManager' registered.
18:23:43: OverlayElementFactory for type Panel registered.
18:23:43: OverlayElementFactory for type BorderPanel registered.
18:23:43: OverlayElementFactory for type TextArea registered.
18:23:43: Registering ResourceManager for type Font
18:23:43: Parsing scripts for resource group Assignment2
18:23:43: Parsing script coin.material
18:23:43: Parsing script obstacle.material
18:23:43: Finished parsing scripts for resource group Assignment2
18:23:43: Creating resources for group Assignment2
18:23:43: All done
18:23:43: Parsing scripts for resource group Autodetect
18:23:43: Finished parsing scripts for resource group Autodetect
18:23:43: Creating resources for group Autodetect
18:23:43: All done
18:23:43: Parsing scripts for resource group Essential
18:23:43: Parsing script SdkTrays.material
18:23:43: Parsing script OgreProfiler.material
18:23:43: Parsing script SdkTrays.fontdef
18:23:43: Parsing script SdkTrays.overlay
18:23:43: Texture: sdk_cursor.png: Loading 1 faces(PF_A8R8G8B8,32x32x1) with 5 hardware generated mipmaps from Image. Internal format is PF_A8R8G8B8,32x32x1.
18:23:43: Texture: sdk_tray.png: Loading 1 faces(PF_A8R8G8B8,64x64x1) with 5 hardware generated mipmaps from Image. Internal format is PF_A8R8G8B8,64x64x1.
18:23:43: Texture: sdk_button_up.png: Loading 1 faces(PF_A8R8G8B8,128x32x1) with 5 hardware generated mipmaps from Image. Internal format is PF_A8R8G8B8,128x32x1.
18:23:43: Texture: sdk_text_box.png: Loading 1 faces(PF_A8R8G8B8,32x32x1) with 5 hardware generated mipmaps from Image. Internal format is PF_A8R8G8B8,32x32x1.
18:23:43: Texture: sdk_mini_tray.png: Loading 1 faces(PF_A8R8G8B8,32x32x1) with 5 hardware generated mipmaps from Image. Internal format is PF_A8R8G8B8,32x32x1.
18:23:43: Texture: sdk_track.png: Loading 1 faces(PF_A8R8G8B8,16x32x1) with 5 hardware generated mipmaps from Image. Internal format is PF_A8R8G8B8,16x32x1.
18:23:43: Texture: sdk_handle.png: Loading 1 faces(PF_A8R8G8B8,16x16x1) with 4 hardware generated mipmaps from Image. Internal format is PF_A8R8G8B8,16x16x1.
18:23:43: Texture: sdk_mini_text_box.png: Loading 1 faces(PF_A8R8G8B8,32x32x1) with 5 hardware generated mipmaps from Image. Internal format is PF_A8R8G8B8,32x32x1.
18:23:43: Texture: sdk_label.png: Loading 1 faces(PF_A8R8G8B8,32x32x1) with 5 hardware generated mipmaps from Image. Internal format is PF_A8R8G8B8,32x32x1.
18:23:43: Texture: sdk_separator.png: Loading 1 faces(PF_A8R8G8B8,64x16x1) with 5 hardware generated mipmaps from Image. Internal format is PF_A8R8G8B8,64x16x1.
18:23:43: Texture: sdk_logo.png: Loading 1 faces(PF_A8R8G8B8,128x64x1) with 5 hardware generated mipmaps from Image. Internal format is PF_A8R8G8B8,128x64x1.
18:23:43: Texture: sdk_shade.png: Loading 1 faces(PF_A8R8G8B8,64x48x1) with 5 hardware generated mipmaps from Image. Internal format is PF_A8R8G8B8,64x48x1.
18:23:43: Texture: sdk_frame.png: Loading 1 faces(PF_A8R8G8B8,32x32x1) with 5 hardware generated mipmaps from Image. Internal format is PF_A8R8G8B8,32x32x1.
18:23:43: Texture: sdk_mini_text_box_over.png: Loading 1 faces(PF_A8R8G8B8,32x32x1) with 5 hardware generated mipmaps from Image. Internal format is PF_A8R8G8B8,32x32x1.
18:23:43: Texture: sdk_pulse.png: Loading 1 faces(PF_R8G8B8,8x1x1) with 3 hardware generated mipmaps from Image. Internal format is PF_X8R8G8B8,8x1x1.
18:23:43: Finished parsing scripts for resource group Essential
18:23:43: Creating resources for group Essential
18:23:43: All done
18:23:43: Parsing scripts for resource group General
18:23:43: Finished parsing scripts for resource group General
18:23:43: Creating resources for group General
18:23:43: All done
18:23:43: Parsing scripts for resource group Internal
18:23:43: Finished parsing scripts for resource group Internal
18:23:43: Creating resources for group Internal
18:23:43: All done
18:23:43: Parsing scripts for resource group Popular
18:23:43: Parsing script DualQuaternion.program
18:23:43: Parsing script Instancing.program
18:23:43: Parsing script Examples.program
18:23:43: Parsing script StdQuad_vp.program
18:23:43: Parsing script deferred_post.program
18:23:43: Parsing script ShadowCaster.program
18:23:43: Parsing script GBuffer.program
18:23:43: Parsing script triplanarReference.program
18:23:43: Parsing script pssm.material
18:23:43: Parsing script GLSLSwizzle.material
18:23:43: Parsing script HW_VTFInstancing.material
18:23:43: Parsing script CompositorDemo.material
18:23:43: Parsing script facial.material
18:23:43: Parsing script MRTtest.material
18:23:43: Parsing script OldMovie.material
18:23:43: Parsing script BlackAndWhite.material
18:23:43: Parsing script VTFInstancing.material
18:23:43: Parsing script Tesselation.material
18:23:43: Parsing script OldTV.material
18:23:43: Parsing script Tiling.material
18:23:43: Parsing script ShaderInstancing.material
18:23:43: Parsing script CGSwizzle.material
18:23:43: Parsing script HWInstancing.material
18:23:43: Parsing script smoke.material
18:23:43: Parsing script RadialBlur.material
18:23:43: Parsing script ASCII.material
18:23:43: Parsing script Bloom.material
18:23:43: Parsing script DualQuaternion.material
18:23:43: Parsing script Invert.material
18:23:43: Parsing script Ogre.material
18:23:43: Parsing script Examples-DynTex.material
18:23:43: Parsing script NightVision.material
18:23:43: Parsing script OffsetMapping.material
18:23:43: Compiler error: object unsupported by render system in OffsetMapping.material(35): , Shader name: Examples/OffsetMappingPSAsm
18:23:43: Parsing script HW_VTF_LUTInstancing.material
18:23:43: Parsing script Posterize.material
18:23:43: Parsing script Hurt.material
18:23:43: Parsing script MotionBlur.material
18:23:43: Parsing script RasterizationOrder.material
18:23:43: Parsing script Penguin.material
18:23:43: Parsing script DepthShadowmap.material
18:23:43: Parsing script Dither.material
18:23:43: Parsing script SharpenEdges.material
18:23:43: Parsing script VarianceShadowmap.material
18:23:43: Parsing script Halftone.material
18:23:43: Parsing script RZR-002.material
18:23:43: Parsing script Examples.material
18:23:43: Parsing script Ocean.material
18:23:43: Parsing script InstancingMisc.material
18:23:43: Parsing script Glass.material
18:23:43: Parsing script ASMSwizzle.material
18:23:43: Parsing script shadows.material
18:23:43: Parsing script hdr.material
18:23:43: Parsing script Bloom2.material
18:23:43: Parsing script instancing.material
18:23:43: Parsing script Embossed.material
18:23:43: Parsing script Laplace.material
18:23:43: Parsing script sibenik.material
18:23:43: Parsing script DOF.material
18:23:43: Parsing script ParticleGS.material
18:23:43: Parsing script Example-Water.material
18:23:43: Parsing script Examples-Water.material
18:23:43: Parsing script IsoSurf.material
18:23:43: Parsing script ShaderSystem.material
18:23:43: Parsing script AdaptivePNTrianglesTessellation.material
18:23:43: Parsing script Examples-Advanced.material
18:23:43: Compiler error: object unsupported by render system in Examples-Advanced.material(728): , Shader name: Examples/FresnelRefractReflectPS
18:23:43: Parsing script HeatVision.material
18:23:43: Parsing script ssao.material
18:23:43: Parsing script deferred_post_minilight.material
18:23:43: Parsing script ShadowCaster.material
18:23:43: Parsing script deferreddemo.material
18:23:43: Parsing script deferred_post.material
18:23:43: Parsing script ROOM.material
18:23:43: Parsing script DualQuaternionSkinning_Shadow.material
18:23:43: OGRE EXCEPTION(6:FileNotFoundException): Cannot locate resource DualQuaternionSkinning_ShadowOneWeight.glsl in resource group Popular or any other group. in ResourceGroupManager::openResource at /var/local/pkn/ogre/OgreMain/src/OgreResourceGroupManager.cpp (line 756)
18:23:43: High-level program Ogre/RTShader/shadow_caster_dq_skinning_1weight_vs_glsl encountered an error during loading and is thus not supported.
OGRE EXCEPTION(6:FileNotFoundException): Cannot locate resource DualQuaternionSkinning_ShadowOneWeight.glsl in resource group Popular or any other group. in ResourceGroupManager::openResource at /var/local/pkn/ogre/OgreMain/src/OgreResourceGroupManager.cpp (line 756)
18:23:43: OGRE EXCEPTION(2:InvalidParametersException): Named constants have not been initialised, perhaps a compile error. in GpuProgramParameters::_findNamedConstantDefinition at /var/local/pkn/ogre/OgreMain/src/OgreGpuProgramParams.cpp (line 1709)
18:23:43: Compiler error: invalid parameters in DualQuaternionSkinning_Shadow.material(121): setting of constant failed
18:23:43: OGRE EXCEPTION(2:InvalidParametersException): Named constants have not been initialised, perhaps a compile error. in GpuProgramParameters::_findNamedConstantDefinition at /var/local/pkn/ogre/OgreMain/src/OgreGpuProgramParams.cpp (line 1709)
18:23:43: Compiler error: invalid parameters in DualQuaternionSkinning_Shadow.material(122): setting of constant failed
18:23:43: OGRE EXCEPTION(2:InvalidParametersException): Named constants have not been initialised, perhaps a compile error. in GpuProgramParameters::_findNamedConstantDefinition at /var/local/pkn/ogre/OgreMain/src/OgreGpuProgramParams.cpp (line 1709)
18:23:43: Compiler error: invalid parameters in DualQuaternionSkinning_Shadow.material(123): setting of constant failed
18:23:43: OGRE EXCEPTION(6:FileNotFoundException): Cannot locate resource DualQuaternionSkinning_ShadowTwoWeights.glsl in resource group Popular or any other group. in ResourceGroupManager::openResource at /var/local/pkn/ogre/OgreMain/src/OgreResourceGroupManager.cpp (line 756)
18:23:43: High-level program Ogre/RTShader/shadow_caster_dq_skinning_2weight_vs_glsl encountered an error during loading and is thus not supported.
OGRE EXCEPTION(6:FileNotFoundException): Cannot locate resource DualQuaternionSkinning_ShadowTwoWeights.glsl in resource group Popular or any other group. in ResourceGroupManager::openResource at /var/local/pkn/ogre/OgreMain/src/OgreResourceGroupManager.cpp (line 756)
18:23:43: OGRE EXCEPTION(2:InvalidParametersException): Named constants have not been initialised, perhaps a compile error. in GpuProgramParameters::_findNamedConstantDefinition at /var/local/pkn/ogre/OgreMain/src/OgreGpuProgramParams.cpp (line 1709)
18:23:43: Compiler error: invalid parameters in DualQuaternionSkinning_Shadow.material(135): setting of constant failed
18:23:43: OGRE EXCEPTION(2:InvalidParametersException): Named constants have not been initialised, perhaps a compile error. in GpuProgramParameters::_findNamedConstantDefinition at /var/local/pkn/ogre/OgreMain/src/OgreGpuProgramParams.cpp (line 1709)
18:23:43: Compiler error: invalid parameters in DualQuaternionSkinning_Shadow.material(136): setting of constant failed
18:23:43: OGRE EXCEPTION(2:InvalidParametersException): Named constants have not been initialised, perhaps a compile error. in GpuProgramParameters::_findNamedConstantDefinition at /var/local/pkn/ogre/OgreMain/src/OgreGpuProgramParams.cpp (line 1709)
18:23:43: Compiler error: invalid parameters in DualQuaternionSkinning_Shadow.material(137): setting of constant failed
18:23:43: OGRE EXCEPTION(6:FileNotFoundException): Cannot locate resource DualQuaternionSkinning_ShadowThreeWeights.glsl in resource group Popular or any other group. in ResourceGroupManager::openResource at /var/local/pkn/ogre/OgreMain/src/OgreResourceGroupManager.cpp (line 756)
18:23:43: High-level program Ogre/RTShader/shadow_caster_dq_skinning_3weight_vs_glsl encountered an error during loading and is thus not supported.
OGRE EXCEPTION(6:FileNotFoundException): Cannot locate resource DualQuaternionSkinning_ShadowThreeWeights.glsl in resource group Popular or any other group. in ResourceGroupManager::openResource at /var/local/pkn/ogre/OgreMain/src/OgreResourceGroupManager.cpp (line 756)
18:23:43: OGRE EXCEPTION(2:InvalidParametersException): Named constants have not been initialised, perhaps a compile error. in GpuProgramParameters::_findNamedConstantDefinition at /var/local/pkn/ogre/OgreMain/src/OgreGpuProgramParams.cpp (line 1709)
18:23:43: Compiler error: invalid parameters in DualQuaternionSkinning_Shadow.material(149): setting of constant failed
18:23:43: OGRE EXCEPTION(2:InvalidParametersException): Named constants have not been initialised, perhaps a compile error. in GpuProgramParameters::_findNamedConstantDefinition at /var/local/pkn/ogre/OgreMain/src/OgreGpuProgramParams.cpp (line 1709)
18:23:43: Compiler error: invalid parameters in DualQuaternionSkinning_Shadow.material(150): setting of constant failed
18:23:43: OGRE EXCEPTION(2:InvalidParametersException): Named constants have not been initialised, perhaps a compile error. in GpuProgramParameters::_findNamedConstantDefinition at /var/local/pkn/ogre/OgreMain/src/OgreGpuProgramParams.cpp (line 1709)
18:23:43: Compiler error: invalid parameters in DualQuaternionSkinning_Shadow.material(151): setting of constant failed
18:23:43: OGRE EXCEPTION(6:FileNotFoundException): Cannot locate resource DualQuaternionSkinning_ShadowFourWeights.glsl in resource group Popular or any other group. in ResourceGroupManager::openResource at /var/local/pkn/ogre/OgreMain/src/OgreResourceGroupManager.cpp (line 756)
18:23:43: High-level program Ogre/RTShader/shadow_caster_dq_skinning_4weight_vs_glsl encountered an error during loading and is thus not supported.
OGRE EXCEPTION(6:FileNotFoundException): Cannot locate resource DualQuaternionSkinning_ShadowFourWeights.glsl in resource group Popular or any other group. in ResourceGroupManager::openResource at /var/local/pkn/ogre/OgreMain/src/OgreResourceGroupManager.cpp (line 756)
18:23:43: OGRE EXCEPTION(2:InvalidParametersException): Named constants have not been initialised, perhaps a compile error. in GpuProgramParameters::_findNamedConstantDefinition at /var/local/pkn/ogre/OgreMain/src/OgreGpuProgramParams.cpp (line 1709)
18:23:43: Compiler error: invalid parameters in DualQuaternionSkinning_Shadow.material(163): setting of constant failed
18:23:43: OGRE EXCEPTION(2:InvalidParametersException): Named constants have not been initialised, perhaps a compile error. in GpuProgramParameters::_findNamedConstantDefinition at /var/local/pkn/ogre/OgreMain/src/OgreGpuProgramParams.cpp (line 1709)
18:23:43: Compiler error: invalid parameters in DualQuaternionSkinning_Shadow.material(164): setting of constant failed
18:23:43: OGRE EXCEPTION(2:InvalidParametersException): Named constants have not been initialised, perhaps a compile error. in GpuProgramParameters::_findNamedConstantDefinition at /var/local/pkn/ogre/OgreMain/src/OgreGpuProgramParams.cpp (line 1709)
18:23:43: Compiler error: invalid parameters in DualQuaternionSkinning_Shadow.material(165): setting of constant failed
18:23:43: OGRE EXCEPTION(6:FileNotFoundException): Cannot locate resource DualQuaternionSkinning_ShadowCasterTwoPhaseTwoWeights.glsl in resource group Popular or any other group. in ResourceGroupManager::openResource at /var/local/pkn/ogre/OgreMain/src/OgreResourceGroupManager.cpp (line 756)
18:23:43: High-level program Ogre/RTShader/shadow_caster_dq_skinning_2weight_twophase_vs_glsl encountered an error during loading and is thus not supported.
OGRE EXCEPTION(6:FileNotFoundException): Cannot locate resource DualQuaternionSkinning_ShadowCasterTwoPhaseTwoWeights.glsl in resource group Popular or any other group. in ResourceGroupManager::openResource at /var/local/pkn/ogre/OgreMain/src/OgreResourceGroupManager.cpp (line 756)
18:23:43: OGRE EXCEPTION(2:InvalidParametersException): Named constants have not been initialised, perhaps a compile error. in GpuProgramParameters::_findNamedConstantDefinition at /var/local/pkn/ogre/OgreMain/src/OgreGpuProgramParams.cpp (line 1709)
18:23:43: Compiler error: invalid parameters in DualQuaternionSkinning_Shadow.material(374): setting of constant failed
18:23:43: OGRE EXCEPTION(2:InvalidParametersException): Named constants have not been initialised, perhaps a compile error. in GpuProgramParameters::_findNamedConstantDefinition at /var/local/pkn/ogre/OgreMain/src/OgreGpuProgramParams.cpp (line 1709)
18:23:43: Compiler error: invalid parameters in DualQuaternionSkinning_Shadow.material(375): setting of constant failed
18:23:43: OGRE EXCEPTION(2:InvalidParametersException): Named constants have not been initialised, perhaps a compile error. in GpuProgramParameters::_findNamedConstantDefinition at /var/local/pkn/ogre/OgreMain/src/OgreGpuProgramParams.cpp (line 1709)
18:23:43: Compiler error: invalid parameters in DualQuaternionSkinning_Shadow.material(376): setting of constant failed
18:23:43: OGRE EXCEPTION(2:InvalidParametersException): Named constants have not been initialised, perhaps a compile error. in GpuProgramParameters::_findNamedConstantDefinition at /var/local/pkn/ogre/OgreMain/src/OgreGpuProgramParams.cpp (line 1709)
18:23:43: Compiler error: invalid parameters in DualQuaternionSkinning_Shadow.material(377): setting of constant failed
18:23:43: OGRE EXCEPTION(6:FileNotFoundException): Cannot locate resource DualQuaternionSkinning_ShadowPassThrough_ps.glsl in resource group Popular or any other group. in ResourceGroupManager::openResource at /var/local/pkn/ogre/OgreMain/src/OgreResourceGroupManager.cpp (line 756)
18:23:43: High-level program Ogre/RTShader/shadow_caster_dq_ps_glsl encountered an error during loading and is thus not supported.
OGRE EXCEPTION(6:FileNotFoundException): Cannot locate resource DualQuaternionSkinning_ShadowPassThrough_ps.glsl in resource group Popular or any other group. in ResourceGroupManager::openResource at /var/local/pkn/ogre/OgreMain/src/OgreResourceGroupManager.cpp (line 756)
18:23:43: Parsing script RTShaderSystem.material
18:23:43: Compiler error: unknown error in RTShaderSystem.material(23): token "rtshader_system" is not recognized
18:23:43: Compiler error: unknown error in RTShaderSystem.material(52): token "rtshader_system" is not recognized
18:23:43: Compiler error: unknown error in RTShaderSystem.material(81): token "rtshader_system" is not recognized
18:23:43: Compiler error: unknown error in RTShaderSystem.material(110): token "rtshader_system" is not recognized
18:23:43: Compiler error: unknown error in RTShaderSystem.material(146): token "rtshader_system" is not recognized
18:23:43: Compiler error: unknown error in RTShaderSystem.material(81): token "rtshader_system" is not recognized
18:23:43: Compiler error: unknown error in RTShaderSystem.material(162): token "rtshader_system" is not recognized
18:23:43: Compiler error: unknown error in RTShaderSystem.material(81): token "rtshader_system" is not recognized
18:23:43: Compiler error: unknown error in RTShaderSystem.material(110): token "rtshader_system" is not recognized
18:23:43: Compiler error: unknown error in RTShaderSystem.material(211): token "rtshader_system" is not recognized
18:23:43: Parsing script TriplanarTexturing.material
18:23:43: Compiler error: unknown error in TriplanarTexturing.material(9): token "rtshader_system" is not recognized
18:23:43: Parsing script HardwareSkinningShadow.material
18:23:43: OGRE EXCEPTION(6:FileNotFoundException): Cannot locate resource HardwareSkinningShadow_TwoWeights.glsl in resource group Popular or any other group. in ResourceGroupManager::openResource at /var/local/pkn/ogre/OgreMain/src/OgreResourceGroupManager.cpp (line 756)
18:23:43: High-level program Ogre/RTShader/shadow_caster_skinning_2weight_vs_glsl encountered an error during loading and is thus not supported.
OGRE EXCEPTION(6:FileNotFoundException): Cannot locate resource HardwareSkinningShadow_TwoWeights.glsl in resource group Popular or any other group. in ResourceGroupManager::openResource at /var/local/pkn/ogre/OgreMain/src/OgreResourceGroupManager.cpp (line 756)
18:23:43: OGRE EXCEPTION(2:InvalidParametersException): Named constants have not been initialised, perhaps a compile error. in GpuProgramParameters::_findNamedConstantDefinition at /var/local/pkn/ogre/OgreMain/src/OgreGpuProgramParams.cpp (line 1709)
18:23:43: Compiler error: invalid parameters in HardwareSkinningShadow.material(169): setting of constant failed
18:23:43: OGRE EXCEPTION(2:InvalidParametersException): Named constants have not been initialised, perhaps a compile error. in GpuProgramParameters::_findNamedConstantDefinition at /var/local/pkn/ogre/OgreMain/src/OgreGpuProgramParams.cpp (line 1709)
18:23:43: Compiler error: invalid parameters in HardwareSkinningShadow.material(170): setting of constant failed
18:23:43: OGRE EXCEPTION(2:InvalidParametersException): Named constants have not been initialised, perhaps a compile error. in GpuProgramParameters::_findNamedConstantDefinition at /var/local/pkn/ogre/OgreMain/src/OgreGpuProgramParams.cpp (line 1709)
18:23:43: Compiler error: invalid parameters in HardwareSkinningShadow.material(171): setting of constant failed
18:23:43: OGRE EXCEPTION(6:FileNotFoundException): Cannot locate resource HardwareSkinningShadow_Fragment.glsl in resource group Popular or any other group. in ResourceGroupManager::openResource at /var/local/pkn/ogre/OgreMain/src/OgreResourceGroupManager.cpp (line 756)
18:23:43: High-level program Ogre/RTShader/shadow_caster_ps_glsl encountered an error during loading and is thus not supported.
OGRE EXCEPTION(6:FileNotFoundException): Cannot locate resource HardwareSkinningShadow_Fragment.glsl in resource group Popular or any other group. in ResourceGroupManager::openResource at /var/local/pkn/ogre/OgreMain/src/OgreResourceGroupManager.cpp (line 756)
18:23:43: Parsing script CreaseShading.material
18:23:43: Parsing script ShowDepth.material
18:23:43: Parsing script Volumetric.material
18:23:43: Parsing script Modulate.material
18:23:43: Parsing script GBuffer.material
18:23:43: Parsing script ShowNormals.material
18:23:43: Parsing script HemisphereMC.material
18:23:43: Parsing script HorizonBased.material
18:23:43: Parsing script ShowViewPos.material
18:23:43: Parsing script SSAOPost.material
18:23:43: Parsing script Crytek.material
18:23:43: Parsing script UnsharpMask.material
18:23:43: Parsing script triplanarReference.material
18:23:43: Parsing script RomanBath.material
18:23:43: Parsing script Sinbad.material
18:23:43: Parsing script smoke.particle
18:23:43: Parsing script Examples-Water.particle
18:23:43: Parsing script Examples.particle
18:23:43: Parsing script emitted_emitter.particle
18:23:43: Parsing script Examples.compositor
18:23:43: Parsing script ssao.compositor
18:23:43: Parsing script deferred.compositor
18:23:43: Parsing script SSAO.compositor
18:23:43: Parsing script SSAOPost.compositor
18:23:43: Finished parsing scripts for resource group Popular
18:23:43: Creating resources for group Popular
18:23:43: All done
18:23:43: Parsing scripts for resource group Tests
18:23:43: Finished parsing scripts for resource group Tests
18:23:43: Creating resources for group Tests
18:23:43: All done
18:23:44: Installing plugin: OgreOggSound
18:23:44: MovableObjectFactory for type 'OgreOggISound' registered.
18:23:44: Plugin successfully installed
18:23:44: *****************************************
18:23:44: *** --- Initialising OgreOggSound --- ***
18:23:44: *** ---     OgreOggSound v1.26    --- ***
18:23:44: *****************************************
18:23:44: *** --- OpenAL version 1.1
18:23:44: *** --- AVAILABLE DEVICES --- ***
18:23:44: *** --- OpenAL Soft
18:23:44: *** --- OpenAL Soft
18:23:44: *** --- Choosing: OpenAL Soft (Default device)
18:23:44: *** --- OpenAL Device successfully created
18:23:44: *** --- OpenAL Context successfully created
18:23:44: *** --- SUPPORTED FORMATS
18:23:44: *** --- Created 100 sources for simultaneous sounds
18:23:44: *** --- Using BOOST threads for streaming
18:23:44: *****************************************
18:23:44: *** ---  OgreOggSound Initialised --- ***
18:23:44: *****************************************
18:23:44: Mesh: Loading cube.mesh.
18:23:44: Mesh: Loading ogrehead.mesh.
18:23:44: Texture: GreenSkin.jpg: Loading 1 faces(PF_R8G8B8,256x256x1) with 5 hardware generated mipmaps from Image. Internal format is PF_X8R8G8B8,256x256x1.
18:23:44: Texture: spheremap.png: Loading 1 faces(PF_R8G8B8,256x256x1) with 5 hardware generated mipmaps from Image. Internal format is PF_X8R8G8B8,256x256x1.
18:23:44: Texture: tusk.jpg: Loading 1 faces(PF_R8G8B8,128x128x1) with 5 hardware generated mipmaps from Image. Internal format is PF_X8R8G8B8,128x128x1.
18:23:44: Texture: rockwall.tga: Loading 1 faces(PF_R8G8B8,256x256x1) with 5 hardware generated mipmaps from Image. Internal format is PF_X8R8G8B8,256x256x1.
18:23:44: Mesh: Loading disc.mesh.
18:23:44: WARNING: disc.mesh is an older format ([MeshSerializer_v1.40]); you should upgrade it as soon as possible using the OgreMeshUpgrade tool.
18:23:44: Can't assign material disc to SubEntity of etCoin@9 because this Material does not exist. Have you forgotten to define it in a .material script?
18:23:44: Can't assign material disc to SubEntity of etCoin@10 because this Material does not exist. Have you forgotten to define it in a .material script?
18:23:44: Can't assign material disc to SubEntity of etCoin@11 because this Material does not exist. Have you forgotten to define it in a .material script?
18:23:44: Can't assign material disc to SubEntity of etCoin@12 because this Material does not exist. Have you forgotten to define it in a .material script?
18:23:44: Can't assign material disc to SubEntity of etCoin@13 because this Material does not exist. Have you forgotten to define it in a .material script?
18:23:44: Can't assign material disc to SubEntity of etCoin@14 because this Material does not exist. Have you forgotten to define it in a .material script?
18:23:44: Can't assign material disc to SubEntity of etCoin@15 because this Material does not exist. Have you forgotten to define it in a .material script?
18:23:44: Can't assign material disc to SubEntity of etCoin@16 because this Material does not exist. Have you forgotten to define it in a .material script?
18:23:44: Can't assign material disc to SubEntity of etCoin@17 because this Material does not exist. Have you forgotten to define it in a .material script?
18:23:44: Can't assign material disc to SubEntity of etCoin@18 because this Material does not exist. Have you forgotten to define it in a .material script?
18:23:44: Can't assign material disc to SubEntity of etCoin@19 because this Material does not exist. Have you forgotten to define it in a .material script?
18:23:44: Can't assign material disc to SubEntity of etCoin@20 because this Material does not exist. Have you forgotten to define it in a .material script?
18:23:44: Can't assign material disc to SubEntity of etCoin@21 because this Material does not exist. Have you forgotten to define it in a .material script?
18:23:44: *** Initializing OIS ***
18:23:44: OGRE EXCEPTION(7:InternalErrorException): Cannot load GL vertex program Ogre/ShadowExtrudeDirLightFiniteDebug.  Line 295:
line 12, column 5:  error: invalid destination variable
line 13, column 5:  error: invalid destination variable
line 14, column 13:  error: invalid operand variable
 in Ogre/ShadowExtrudeDirLightFiniteDebug at /build/buildd/ogre-1.9-1.9.0+dfsg1/RenderSystems/GL/src/OgreGLGpuProgram.cpp (line 251)
18:23:44: Gpu program Ogre/ShadowExtrudeDirLightFiniteDebug encountered an error during loading and is thus not supported.
18:23:44: Texture: spot_shadow_fade.png: Loading 1 faces(PF_R8G8B8,128x128x1) with 5 hardware generated mipmaps from Image. Internal format is PF_X8R8G8B8,128x128x1.
18:23:44: Font SdkTrays/Value using texture size 512x256
18:23:44: Info: Freetype returned null for character 127 in font SdkTrays/Value
18:23:44: Info: Freetype returned null for character 128 in font SdkTrays/Value
18:23:44: Info: Freetype returned null for character 129 in font SdkTrays/Value
18:23:44: Info: Freetype returned null for character 130 in font SdkTrays/Value
18:23:44: Info: Freetype returned null for character 131 in font SdkTrays/Value
18:23:12: Info: Freetype returned null for character 132 in font SdkTrays/Value
18:23:12: Info: Freetype returned null for character 133 in font SdkTrays/Value
18:23:12: Info: Freetype returned null for character 134 in font SdkTrays/Value
18:23:12: Info: Freetype returned null for character 135 in font SdkTrays/Value
18:23:12: Info: Freetype returned null for character 136 in font SdkTrays/Value
18:23:12: Info: Freetype returned null for character 137 in font SdkTrays/Value
18:23:12: Info: Freetype returned null for character 138 in font SdkTrays/Value
18:23:12: Info: Freetype returned null for character 139 in font SdkTrays/Value
18:23:12: Info: Freetype returned null for character 140 in font SdkTrays/Value
18:23:12: Info: Freetype returned null for character 141 in font SdkTrays/Value
18:23:12: Info: Freetype returned null for character 142 in font SdkTrays/Value
18:23:12: Info: Freetype returned null for character 143 in font SdkTrays/Value
18:23:12: Info: Freetype returned null for character 144 in font SdkTrays/Value
18:23:12: Info: Freetype returned null for character 145 in font SdkTrays/Value
18:23:12: Info: Freetype returned null for character 146 in font SdkTrays/Value
18:23:12: Info: Freetype returned null for character 147 in font SdkTrays/Value
18:23:12: Info: Freetype returned null for character 148 in font SdkTrays/Value
18:23:12: Info: Freetype returned null for character 149 in font SdkTrays/Value
18:23:12: Info: Freetype returned null for character 150 in font SdkTrays/Value
18:23:12: Info: Freetype returned null for character 151 in font SdkTrays/Value
18:23:12: Info: Freetype returned null for character 152 in font SdkTrays/Value
18:23:12: Info: Freetype returned null for character 153 in font SdkTrays/Value
18:23:12: Info: Freetype returned null for character 154 in font SdkTrays/Value
18:23:12: Info: Freetype returned null for character 155 in font SdkTrays/Value
18:23:12: Info: Freetype returned null for character 156 in font SdkTrays/Value
18:23:12: Info: Freetype returned null for character 157 in font SdkTrays/Value
18:23:12: Info: Freetype returned null for character 158 in font SdkTrays/Value
18:23:12: Info: Freetype returned null for character 159 in font SdkTrays/Value
18:23:12: Info: Freetype returned null for character 160 in font SdkTrays/Value
18:23:12: Texture: SdkTrays/ValueTexture: Loading 1 faces(PF_BYTE_LA,512x256x1) Internal format is PF_BYTE_LA,512x256x1.
18:23:12: Font SdkTrays/Caption using texture size 512x256
18:23:12: Info: Freetype returned null for character 160 in font SdkTrays/Caption
18:23:12: Texture: SdkTrays/CaptionTexture: Loading 1 faces(PF_BYTE_LA,512x256x1) Internal format is PF_BYTE_LA,512x256x1.
18:24:17: Unregistering ResourceManager for type Font
18:24:17: DefaultWorkQueue('Root') shutting down on thread 7ffbdf034840.
18:24:17: DefaultWorkQueue('Root')::WorkerFunc - thread 7ffbd0e4d700 stopped.
18:24:17: DefaultWorkQueue('Root')::WorkerFunc - thread 7ffbce648700 stopped.
18:24:17: DefaultWorkQueue('Root')::WorkerFunc - thread 7ffbcfe4b700 stopped.
18:24:17: DefaultWorkQueue('Root')::WorkerFunc - thread 7ffbcee49700 stopped.
18:24:17: DefaultWorkQueue('Root')::WorkerFunc - thread 7ffbcf64a700 stopped.
18:24:17: DefaultWorkQueue('Root')::WorkerFunc - thread 7ffbcde47700 stopped.
18:24:17: DefaultWorkQueue('Root')::WorkerFunc - thread 7ffbd064c700 stopped.
18:24:17: DefaultWorkQueue('Root')::WorkerFunc - thread 7ffbcd636700 stopped.
18:24:17: PCZone Factory Type 'ZoneType_Octree' unregistered
18:24:17: Unregistering ResourceManager for type BspLevel
18:24:17: *-*-* OGRE Shutdown
18:24:17: Unregistering ResourceManager for type Compositor
18:24:17: Unregistering ResourceManager for type Skeleton
18:24:17: Unregistering ResourceManager for type Mesh
18:24:17: Unregistering ResourceManager for type HighLevelGpuProgram
18:24:17: Uninstalling plugin: Octree Scene Manager
18:24:17: Plugin successfully uninstalled
18:24:17: Unloading library /usr/lib/x86_64-linux-gnu/OGRE-1.9.0/Plugin_OctreeSceneManager
18:24:17: Uninstalling plugin: Octree Zone Factory
18:24:17: Plugin successfully uninstalled
18:24:17: Unloading library /usr/lib/x86_64-linux-gnu/OGRE-1.9.0/Plugin_OctreeZone
18:24:17: Uninstalling plugin: Portal Connected Zone Scene Manager
18:24:17: Plugin successfully uninstalled
18:24:17: Unloading library /usr/lib/x86_64-linux-gnu/OGRE-1.9.0/Plugin_PCZSceneManager
18:24:17: Uninstalling plugin: BSP Scene Manager
18:24:17: Plugin successfully uninstalled
18:24:17: Unloading library /usr/lib/x86_64-linux-gnu/OGRE-1.9.0/Plugin_BSPSceneManager
18:24:17: Uninstalling plugin: ParticleFX
18:24:17: Plugin successfully uninstalled
18:24:17: Unloading library /usr/lib/x86_64-linux-gnu/OGRE-1.9.0/Plugin_ParticleFX
18:24:17: Uninstalling plugin: GL RenderSystem
18:24:17: Unregistering ResourceManager for type GpuProgram
18:24:17: ******************************
*** Stopping GLX Subsystem ***
******************************
18:24:17: Unregistering ResourceManager for type Texture
18:24:17: Plugin successfully uninstalled
18:24:17: Unloading library /usr/lib/x86_64-linux-gnu/OGRE-1.9.0/RenderSystem_GL
18:24:17: Unregistering ResourceManager for type Material
