10:46:02: Creating resource group General
10:46:02: Creating resource group Internal
10:46:02: Creating resource group Autodetect
10:46:02: SceneManagerFactory for type 'DefaultSceneManager' registered.
10:46:02: Registering ResourceManager for type Material
10:46:02: Registering ResourceManager for type Mesh
10:46:02: Registering ResourceManager for type Skeleton
10:46:02: MovableObjectFactory for type 'ParticleSystem' registered.
10:46:02: ArchiveFactory for archive type FileSystem registered.
10:46:02: ArchiveFactory for archive type Zip registered.
10:46:02: ArchiveFactory for archive type EmbeddedZip registered.
10:46:02: DDS codec registering
10:46:02: FreeImage version: 3.15.4
10:46:02: This program uses FreeImage, a free, open source image library supporting all common bitmap formats. See http://freeimage.sourceforge.net for details
10:46:02: Supported formats: bmp,ico,jpg,jif,jpeg,jpe,jng,koa,iff,lbm,mng,pbm,pbm,pcd,pcx,pgm,pgm,png,ppm,ppm,ras,tga,targa,tif,tiff,wap,wbmp,wbm,psd,cut,xbm,xpm,gif,hdr,g3,sgi,exr,j2k,j2c,jp2,pfm,pct,pict,pic,3fr,arw,bay,bmq,cap,cine,cr2,crw,cs1,dc2,dcr,drf,dsc,dng,erf,fff,ia,iiq,k25,kc2,kdc,mdc,mef,mos,mrw,nef,nrw,orf,pef,ptx,pxn,qtk,raf,raw,rdc,rw2,rwl,rwz,sr2,srf,srw,sti
10:46:02: Registering ResourceManager for type HighLevelGpuProgram
10:46:02: Registering ResourceManager for type Compositor
10:46:02: MovableObjectFactory for type 'Entity' registered.
10:46:02: MovableObjectFactory for type 'Light' registered.
10:46:02: MovableObjectFactory for type 'BillboardSet' registered.
10:46:02: MovableObjectFactory for type 'ManualObject' registered.
10:46:02: MovableObjectFactory for type 'BillboardChain' registered.
10:46:02: MovableObjectFactory for type 'RibbonTrail' registered.
10:46:02: Loading library /usr/lib/x86_64-linux-gnu/OGRE-1.9.0/RenderSystem_GL
10:46:02: Installing plugin: GL RenderSystem
10:46:02: OpenGL Rendering Subsystem created.
10:46:03: Plugin successfully installed
10:46:03: Loading library /usr/lib/x86_64-linux-gnu/OGRE-1.9.0/Plugin_ParticleFX
10:46:03: Installing plugin: ParticleFX
10:46:03: Particle Emitter Type 'Point' registered
10:46:03: Particle Emitter Type 'Box' registered
10:46:03: Particle Emitter Type 'Ellipsoid' registered
10:46:03: Particle Emitter Type 'Cylinder' registered
10:46:03: Particle Emitter Type 'Ring' registered
10:46:03: Particle Emitter Type 'HollowEllipsoid' registered
10:46:03: Particle Affector Type 'LinearForce' registered
10:46:03: Particle Affector Type 'ColourFader' registered
10:46:03: Particle Affector Type 'ColourFader2' registered
10:46:03: Particle Affector Type 'ColourImage' registered
10:46:03: Particle Affector Type 'ColourInterpolator' registered
10:46:03: Particle Affector Type 'Scaler' registered
10:46:03: Particle Affector Type 'Rotator' registered
10:46:03: Particle Affector Type 'DirectionRandomiser' registered
10:46:03: Particle Affector Type 'DeflectorPlane' registered
10:46:03: Plugin successfully installed
10:46:03: Loading library /usr/lib/x86_64-linux-gnu/OGRE-1.9.0/Plugin_BSPSceneManager
10:46:03: Installing plugin: BSP Scene Manager
10:46:03: Plugin successfully installed
10:46:03: Loading library /usr/lib/x86_64-linux-gnu/OGRE-1.9.0/Plugin_PCZSceneManager
10:46:03: Installing plugin: Portal Connected Zone Scene Manager
10:46:03: PCZone Factory Type 'ZoneType_Default' registered
10:46:03: Plugin successfully installed
10:46:03: Loading library /usr/lib/x86_64-linux-gnu/OGRE-1.9.0/Plugin_OctreeZone
10:46:03: Installing plugin: Octree Zone Factory
10:46:03: Plugin successfully installed
10:46:03: Loading library /usr/lib/x86_64-linux-gnu/OGRE-1.9.0/Plugin_OctreeSceneManager
10:46:03: Installing plugin: Octree Scene Manager
10:46:03: Plugin successfully installed
10:46:03: *-*-* OGRE Initialising
10:46:03: *-*-* Version 1.9.0 (Ghadamon)
10:46:03: Creating resource group Essential
10:46:03: Added resource location '/lusr/opt/ogre-1.9/share/OGRE/Media/thumbnails' of type 'FileSystem' to resource group 'Essential'
10:46:03: Added resource location '/lusr/opt/ogre-1.9/share/OGRE/Media/packs/SdkTrays.zip' of type 'Zip' to resource group 'Essential'
10:46:03: Added resource location '/lusr/opt/ogre-1.9/share/OGRE/Media/packs/profiler.zip' of type 'Zip' to resource group 'Essential'
10:46:03: Added resource location '/lusr/opt/ogre-1.9/share/OGRE/Media' of type 'FileSystem' to resource group 'General'
10:46:03: Creating resource group Popular
10:46:03: Added resource location '/lusr/opt/ogre-1.9/share/OGRE/Media/fonts' of type 'FileSystem' to resource group 'Popular'
10:46:03: Added resource location '/lusr/opt/ogre-1.9/share/OGRE/Media/materials/programs/GLSL' of type 'FileSystem' to resource group 'Popular'
10:46:03: Added resource location '/lusr/opt/ogre-1.9/share/OGRE/Media/materials/scripts' of type 'FileSystem' to resource group 'Popular'
10:46:03: Added resource location '/lusr/opt/ogre-1.9/share/OGRE/Media/materials/textures' of type 'FileSystem' to resource group 'Popular'
10:46:03: Added resource location '/lusr/opt/ogre-1.9/share/OGRE/Media/materials/textures/nvidia' of type 'FileSystem' to resource group 'Popular'
10:46:03: Added resource location '/lusr/opt/ogre-1.9/share/OGRE/Media/models' of type 'FileSystem' to resource group 'Popular'
10:46:03: Added resource location '/lusr/opt/ogre-1.9/share/OGRE/Media/particle' of type 'FileSystem' to resource group 'Popular'
10:46:03: Added resource location '/lusr/opt/ogre-1.9/share/OGRE/Media/DeferredShadingMedia' of type 'FileSystem' to resource group 'Popular'
10:46:03: Added resource location '/lusr/opt/ogre-1.9/share/OGRE/Media/PCZAppMedia' of type 'FileSystem' to resource group 'Popular'
10:46:03: Added resource location '/lusr/opt/ogre-1.9/share/OGRE/Media/RTShaderLib' of type 'FileSystem' to resource group 'Popular'
10:46:03: Added resource location '/lusr/opt/ogre-1.9/share/OGRE/Media/RTShaderLib/materials' of type 'FileSystem' to resource group 'Popular'
10:46:03: Added resource location '/lusr/opt/ogre-1.9/share/OGRE/Media/materials/scripts/SSAO' of type 'FileSystem' to resource group 'Popular'
10:46:03: Added resource location '/lusr/opt/ogre-1.9/share/OGRE/Media/materials/textures/SSAO' of type 'FileSystem' to resource group 'Popular'
10:46:03: Added resource location '/lusr/opt/ogre-1.9/share/OGRE/Media/volumeTerrain' of type 'FileSystem' to resource group 'Popular'
10:46:03: Added resource location '/lusr/opt/ogre-1.9/share/OGRE/Media/packs/cubemap.zip' of type 'Zip' to resource group 'Popular'
10:46:03: Added resource location '/lusr/opt/ogre-1.9/share/OGRE/Media/packs/cubemapsJS.zip' of type 'Zip' to resource group 'Popular'
10:46:03: Added resource location '/lusr/opt/ogre-1.9/share/OGRE/Media/packs/dragon.zip' of type 'Zip' to resource group 'Popular'
10:46:03: Added resource location '/lusr/opt/ogre-1.9/share/OGRE/Media/packs/fresneldemo.zip' of type 'Zip' to resource group 'Popular'
10:46:03: Added resource location '/lusr/opt/ogre-1.9/share/OGRE/Media/packs/ogretestmap.zip' of type 'Zip' to resource group 'Popular'
10:46:03: Added resource location '/lusr/opt/ogre-1.9/share/OGRE/Media/packs/ogredance.zip' of type 'Zip' to resource group 'Popular'
10:46:03: Added resource location '/lusr/opt/ogre-1.9/share/OGRE/Media/packs/Sinbad.zip' of type 'Zip' to resource group 'Popular'
10:46:03: Added resource location '/lusr/opt/ogre-1.9/share/OGRE/Media/packs/skybox.zip' of type 'Zip' to resource group 'Popular'
10:46:03: Added resource location '/lusr/opt/ogre-1.9/share/OGRE/Media/volumeTerrain/volumeTerrainBig.zip' of type 'Zip' to resource group 'Popular'
10:46:03: Creating resource group Tests
10:46:03: Added resource location '/lusr/opt/ogre-1.9/Tests/Media' of type 'FileSystem' to resource group 'Tests'
10:46:05: CPU Identifier & Features
10:46:05: -------------------------
10:46:05:  *   CPU ID: GenuineIntel: Intel(R) Xeon(R) CPU E3-1270 V2 @ 3.50GHz
10:46:05:  *      SSE: yes
10:46:05:  *     SSE2: yes
10:46:05:  *     SSE3: yes
10:46:05:  *      MMX: yes
10:46:05:  *   MMXEXT: yes
10:46:05:  *    3DNOW: no
10:46:05:  * 3DNOWEXT: no
10:46:05:  *     CMOV: yes
10:46:05:  *      TSC: yes
10:46:05:  *      FPU: yes
10:46:05:  *      PRO: yes
10:46:05:  *       HT: no
10:46:05: -------------------------
10:46:05: ******************************
*** Starting GLX Subsystem ***
******************************
10:46:05: Registering ResourceManager for type Texture
10:46:05: GLRenderSystem::_createRenderWindow "TutorialApplication Render Window", 1680x1050 fullscreen  miscParams: FSAA=0 displayFrequency=52 Hz gamma=No vsync=No 
10:46:05: Entered video mode 1680x1050 @ 52Hz
10:46:05: GLXWindow::create used FBConfigID = 309
10:46:05: GL_VERSION = 4.4.0 NVIDIA 331.113
10:46:05: GL_VENDOR = NVIDIA Corporation
10:46:05: GL_RENDERER = Quadro 600/PCIe/SSE2
10:46:05: GL_EXTENSIONS = GL_AMD_multi_draw_indirect GL_ARB_arrays_of_arrays GL_ARB_base_instance GL_ARB_blend_func_extended GL_ARB_buffer_storage GL_ARB_clear_buffer_object GL_ARB_clear_texture GL_ARB_color_buffer_float GL_ARB_compatibility GL_ARB_compressed_texture_pixel_storage GL_ARB_conservative_depth GL_ARB_compute_shader GL_ARB_compute_variable_group_size GL_ARB_copy_buffer GL_ARB_copy_image GL_ARB_debug_output GL_ARB_depth_buffer_float GL_ARB_depth_clamp GL_ARB_depth_texture GL_ARB_draw_buffers GL_ARB_draw_buffers_blend GL_ARB_draw_indirect GL_ARB_draw_elements_base_vertex GL_ARB_draw_instanced GL_ARB_enhanced_layouts GL_ARB_ES2_compatibility GL_ARB_ES3_compatibility GL_ARB_explicit_attrib_location GL_ARB_explicit_uniform_location GL_ARB_fragment_coord_conventions GL_ARB_fragment_layer_viewport GL_ARB_fragment_program GL_ARB_fragment_program_shadow GL_ARB_fragment_shader GL_ARB_framebuffer_no_attachments GL_ARB_framebuffer_object GL_ARB_framebuffer_sRGB GL_ARB_geometry_shader4 GL_ARB_get_program_binary GL_ARB_gpu_shader5 GL_ARB_gpu_shader_fp64 GL_ARB_half_float_pixel GL_ARB_half_float_vertex GL_ARB_imaging GL_ARB_indirect_parameters GL_ARB_instanced_arrays GL_ARB_internalformat_query GL_ARB_internalformat_query2 GL_ARB_invalidate_subdata GL_ARB_map_buffer_alignment GL_ARB_map_buffer_range GL_ARB_multi_bind GL_ARB_multi_draw_indirect GL_ARB_multisample GL_ARB_multitexture GL_ARB_occlusion_query GL_ARB_occlusion_query2 GL_ARB_pixel_buffer_object GL_ARB_point_parameters GL_ARB_point_sprite GL_ARB_program_interface_query GL_ARB_provoking_vertex GL_ARB_robust_buffer_access_behavior GL_ARB_robustness GL_ARB_sample_shading GL_ARB_sampler_objects GL_ARB_seamless_cube_map GL_ARB_separate_shader_objects GL_ARB_shader_atomic_counters GL_ARB_shader_bit_encoding GL_ARB_shader_draw_parameters GL_ARB_shader_group_vote GL_ARB_shader_image_load_store GL_ARB_shader_image_size GL_ARB_shader_objects GL_ARB_shader_precision GL_ARB_query_buffer_object GL_ARB_shader_storage_buffer_object GL_ARB_shader_subroutine GL_ARB_shader_texture_lod GL_ARB_shading_language_100 GL_ARB_shading_language_420pack GL_ARB_shading_language_include GL_ARB_shading_language_packing GL_ARB_shadow GL_ARB_stencil_texturing GL_ARB_sync GL_ARB_tessellation_shader GL_ARB_texture_border_clamp GL_ARB_texture_buffer_object GL_ARB_texture_buffer_object_rgb32 GL_ARB_texture_buffer_range GL_ARB_texture_compression GL_ARB_texture_compression_bptc GL_ARB_texture_compression_rgtc GL_ARB_texture_cube_map GL_ARB_texture_cube_map_array GL_ARB_texture_env_add GL_ARB_texture_env_combine GL_ARB_texture_env_crossbar GL_ARB_texture_env_dot3 GL_ARB_texture_float GL_ARB_texture_gather GL_ARB_texture_mirror_clamp_to_edge GL_ARB_texture_mirrored_repeat GL_ARB_texture_multisample GL_ARB_texture_non_power_of_two GL_ARB_texture_query_levels GL_ARB_texture_query_lod GL_ARB_texture_rectangle GL_ARB_texture_rg GL_ARB_texture_rgb10_a2ui GL_ARB_texture_stencil8 GL_ARB_texture_storage GL_ARB_texture_storage_multisample GL_ARB_texture_swizzle GL_ARB_texture_view GL_ARB_timer_query GL_ARB_transform_feedback2 GL_ARB_transform_feedback3 GL_ARB_transform_feedback_instanced GL_ARB_transpose_matrix GL_ARB_uniform_buffer_object GL_ARB_vertex_array_bgra GL_ARB_vertex_array_object GL_ARB_vertex_attrib_64bit GL_ARB_vertex_attrib_binding GL_ARB_vertex_buffer_object GL_ARB_vertex_program GL_ARB_vertex_shader GL_ARB_vertex_type_10f_11f_11f_rev GL_ARB_vertex_type_2_10_10_10_rev GL_ARB_viewport_array GL_ARB_window_pos GL_ATI_draw_buffers GL_ATI_texture_float GL_ATI_texture_mirror_once GL_S3_s3tc GL_EXT_texture_env_add GL_EXT_abgr GL_EXT_bgra GL_EXT_bindable_uniform GL_EXT_blend_color GL_EXT_blend_equation_separate GL_EXT_blend_func_separate GL_EXT_blend_minmax GL_EXT_blend_subtract GL_EXT_compiled_vertex_array GL_EXT_Cg_shader GL_EXT_depth_bounds_test GL_EXT_direct_state_access GL_EXT_draw_buffers2 GL_EXT_draw_instanced GL_EXT_draw_range_elements GL_EXT_fog_coord GL_EXT_framebuffer_blit GL_EXT_framebuffer_multisample GL_EXTX_framebuffer_mixed_formats GL_EXT_framebuffer_multisample_blit_scaled GL_EXT_framebuffer_object GL_EXT_framebuffer_sRGB GL_EXT_geometry_shader4 GL_EXT_gpu_program_parameters GL_EXT_gpu_shader4 GL_EXT_multi_draw_arrays GL_EXT_packed_depth_stencil GL_EXT_packed_float GL_EXT_packed_pixels GL_EXT_pixel_buffer_object GL_EXT_point_parameters GL_EXT_provoking_vertex GL_EXT_rescale_normal GL_EXT_secondary_color GL_EXT_separate_shader_objects GL_EXT_separate_specular_color GL_EXT_shader_image_load_store GL_EXT_shadow_funcs GL_EXT_stencil_two_side GL_EXT_stencil_wrap GL_EXT_texture3D GL_EXT_texture_array GL_EXT_texture_buffer_object GL_EXT_texture_compression_dxt1 GL_EXT_texture_compression_latc GL_EXT_texture_compression_rgtc GL_EXT_texture_compression_s3tc GL_EXT_texture_cube_map GL_EXT_texture_edge_clamp GL_EXT_texture_env_combine GL_EXT_texture_env_dot3 GL_EXT_texture_filter_anisotropic GL_EXT_texture_integer GL_EXT_texture_lod GL_EXT_texture_lod_bias GL_EXT_texture_mirror_clamp GL_EXT_texture_object GL_EXT_texture_shared_exponent GL_EXT_texture_sRGB GL_EXT_texture_sRGB_decode GL_EXT_texture_storage GL_EXT_texture_swizzle GL_EXT_timer_query GL_EXT_transform_feedback2 GL_EXT_vertex_array GL_EXT_vertex_array_bgra GL_EXT_vertex_attrib_64bit GL_EXT_x11_sync_object GL_EXT_import_sync_object GL_IBM_rasterpos_clip GL_IBM_texture_mirrored_repeat GL_KHR_debug GL_KTX_buffer_region GL_NV_bindless_multi_draw_indirect GL_NV_blend_equation_advanced GL_NV_blend_square GL_NV_compute_program5 GL_NV_conditional_render GL_NV_copy_depth_to_color GL_NV_copy_image GL_NV_depth_buffer_float GL_NV_depth_clamp GL_NV_draw_texture GL_NV_ES1_1_compatibility GL_NV_explicit_multisample GL_NV_fence GL_NV_float_buffer GL_NV_fog_distance GL_NV_fragment_program GL_NV_fragment_program_option GL_NV_fragment_program2 GL_NV_framebuffer_multisample_coverage GL_NV_geometry_shader4 GL_NV_gpu_program4 GL_NV_gpu_program4_1 GL_NV_gpu_program5 GL_NV_gpu_program5_mem_extended GL_NV_gpu_program_fp64 GL_NV_gpu_shader5 GL_NV_half_float GL_NV_light_max_exponent GL_NV_multisample_coverage GL_NV_multisample_filter_hint GL_NV_occlusion_query GL_NV_packed_depth_stencil GL_NV_parameter_buffer_object GL_NV_parameter_buffer_object2 GL_NV_path_rendering GL_NV_pixel_data_range GL_NV_point_sprite GL_NV_primitive_restart GL_NV_register_combiners GL_NV_register_combiners2 GL_NV_shader_atomic_counters GL_NV_shader_atomic_float GL_NV_shader_buffer_load GL_NV_shader_storage_buffer_object GL_ARB_sparse_texture GL_NV_texgen_reflection GL_NV_texture_barrier GL_NV_texture_compression_vtc GL_NV_texture_env_combine4 GL_NV_texture_expand_normal GL_NV_texture_multisample GL_NV_texture_rectangle GL_NV_texture_shader GL_NV_texture_shader2 GL_NV_texture_shader3 GL_NV_transform_feedback GL_NV_transform_feedback2 GL_NV_vdpau_interop GL_NV_vertex_array_range GL_NV_vertex_array_range2 GL_NV_vertex_attrib_integer_64bit GL_NV_vertex_buffer_unified_memory GL_NV_vertex_program GL_NV_vertex_program1_1 GL_NV_vertex_program2 GL_NV_vertex_program2_option GL_NV_vertex_program3 GL_NVX_conditional_render GL_NVX_gpu_memory_info GL_SGIS_generate_mipmap GL_SGIS_texture_lod GL_SGIX_depth_texture GL_SGIX_shadow GL_SUN_slice_accum 
10:46:05: Supported GLX extensions: GLX_EXT_visual_info GLX_EXT_visual_rating GLX_SGIX_fbconfig GLX_SGIX_pbuffer GLX_SGI_video_sync GLX_SGI_swap_control GLX_EXT_swap_control GLX_EXT_swap_control_tear GLX_EXT_texture_from_pixmap GLX_EXT_buffer_age GLX_ARB_create_context GLX_ARB_create_context_profile GLX_EXT_create_context_es_profile GLX_EXT_create_context_es2_profile GLX_ARB_create_context_robustness GLX_ARB_multisample GLX_NV_float_buffer GLX_ARB_fbconfig_float GLX_NV_swap_group GLX_EXT_framebuffer_sRGB GLX_NV_multisample_coverage GLX_NV_copy_image GLX_NV_video_capture GLX_ARB_get_proc_address 
10:46:05: ***************************
10:46:05: *** GL Renderer Started ***
10:46:05: ***************************
10:46:05: Registering ResourceManager for type GpuProgram
10:46:05: GLSL support detected
10:46:05: GL: Using GL_EXT_framebuffer_object for rendering to textures (best)
10:46:06: FBO PF_UNKNOWN depth/stencil support: D0S8 D16S0 D24S0 D32S0 Packed-D24S8 
10:46:06: FBO PF_L8 depth/stencil support: D0S0 D0S8 D16S0 D24S0 D32S0 Packed-D24S8 
10:46:06: FBO PF_A8 depth/stencil support: D0S0 D0S8 D16S0 D24S0 D32S0 Packed-D24S8 
10:46:06: FBO PF_A4L4 depth/stencil support: D0S0 D0S8 D16S0 D24S0 D32S0 Packed-D24S8 
10:46:06: FBO PF_BYTE_LA depth/stencil support: D0S0 D0S8 D16S0 D24S0 D32S0 Packed-D24S8 
10:46:06: FBO PF_R5G6B5 depth/stencil support: D0S0 D0S8 D16S0 D24S0 D32S0 Packed-D24S8 
10:46:06: FBO PF_B5G6R5 depth/stencil support: D0S0 D0S8 D16S0 D24S0 D32S0 Packed-D24S8 
10:46:06: FBO PF_A4R4G4B4 depth/stencil support: D0S0 D0S8 D16S0 D24S0 D32S0 Packed-D24S8 
10:46:06: FBO PF_A1R5G5B5 depth/stencil support: D0S0 D0S8 D16S0 D24S0 D32S0 Packed-D24S8 
10:46:06: FBO PF_R8G8B8 depth/stencil support: D0S0 D0S8 D16S0 D24S0 D32S0 Packed-D24S8 
10:46:06: FBO PF_B8G8R8 depth/stencil support: D0S0 D0S8 D16S0 D24S0 D32S0 Packed-D24S8 
10:46:06: FBO PF_A8R8G8B8 depth/stencil support: D0S0 D0S8 D16S0 D24S0 D32S0 Packed-D24S8 
10:46:06: FBO PF_B8G8R8A8 depth/stencil support: D0S0 D0S8 D16S0 D24S0 D32S0 Packed-D24S8 
10:46:06: FBO PF_A2R10G10B10 depth/stencil support: D0S0 D0S8 D16S0 D24S0 D32S0 Packed-D24S8 
10:46:06: FBO PF_A2B10G10R10 depth/stencil support: D0S0 D0S8 D16S0 D24S0 D32S0 Packed-D24S8 
10:46:06: FBO PF_FLOAT16_RGB depth/stencil support: D0S0 D0S8 D16S0 D24S0 D32S0 Packed-D24S8 
10:46:07: FBO PF_FLOAT16_RGBA depth/stencil support: D0S0 D0S8 D16S0 D24S0 D32S0 Packed-D24S8 
10:46:07: FBO PF_FLOAT32_RGB depth/stencil support: D0S0 D0S8 D16S0 D24S0 D32S0 Packed-D24S8 
10:46:07: FBO PF_FLOAT32_RGBA depth/stencil support: D0S0 D0S8 D16S0 D24S0 D32S0 Packed-D24S8 
10:46:07: FBO PF_X8R8G8B8 depth/stencil support: D0S0 D0S8 D16S0 D24S0 D32S0 Packed-D24S8 
10:46:07: FBO PF_X8B8G8R8 depth/stencil support: D0S0 D0S8 D16S0 D24S0 D32S0 Packed-D24S8 
10:46:07: FBO PF_SHORT_RGBA depth/stencil support: D0S0 D0S8 D16S0 D24S0 D32S0 Packed-D24S8 
10:46:07: FBO PF_R3G3B2 depth/stencil support: D0S0 D0S8 D16S0 D24S0 D32S0 Packed-D24S8 
10:46:07: FBO PF_FLOAT16_R depth/stencil support: D0S0 D0S8 D16S0 D24S0 D32S0 Packed-D24S8 
10:46:07: FBO PF_FLOAT32_R depth/stencil support: D0S0 D0S8 D16S0 D24S0 D32S0 Packed-D24S8 
10:46:07: FBO PF_FLOAT16_GR depth/stencil support: D0S0 D0S8 D16S0 D24S0 D32S0 Packed-D24S8 
10:46:07: FBO PF_FLOAT32_GR depth/stencil support: D0S0 D0S8 D16S0 D24S0 D32S0 Packed-D24S8 
10:46:07: FBO PF_SHORT_RGB depth/stencil support: D0S0 D0S8 D16S0 D24S0 D32S0 Packed-D24S8 
10:46:07: [GL] : Valid FBO targets PF_UNKNOWN PF_L8 PF_A8 PF_A4L4 PF_BYTE_LA PF_R5G6B5 PF_B5G6R5 PF_A4R4G4B4 PF_A1R5G5B5 PF_R8G8B8 PF_B8G8R8 PF_A8R8G8B8 PF_B8G8R8A8 PF_A2R10G10B10 PF_A2B10G10R10 PF_FLOAT16_RGB PF_FLOAT16_RGBA PF_FLOAT32_RGB PF_FLOAT32_RGBA PF_X8R8G8B8 PF_X8B8G8R8 PF_SHORT_RGBA PF_R3G3B2 PF_FLOAT16_R PF_FLOAT32_R PF_FLOAT16_GR PF_FLOAT32_GR PF_SHORT_RGB 
10:46:07: RenderSystem capabilities
10:46:07: -------------------------
10:46:07: RenderSystem Name: OpenGL Rendering Subsystem
10:46:07: GPU Vendor: nvidia
10:46:07: Device Name: Quadro 600/PCIe/SSE2
10:46:07: Driver Version: 4.4.0.0
10:46:07:  * Fixed function pipeline: yes
10:46:07:  * Hardware generation of mipmaps: yes
10:46:07:  * Texture blending: yes
10:46:07:  * Anisotropic texture filtering: yes
10:46:07:  * Dot product texture operation: yes
10:46:07:  * Cube mapping: yes
10:46:07:  * Hardware stencil buffer: yes
10:46:07:    - Stencil depth: 8
10:46:07:    - Two sided stencil support: yes
10:46:07:    - Wrap stencil values: yes
10:46:07:  * Hardware vertex / index buffers: yes
10:46:07:  * Vertex programs: yes
10:46:07:  * Number of floating-point constants for vertex programs: 1024
10:46:07:  * Number of integer constants for vertex programs: 0
10:46:07:  * Number of boolean constants for vertex programs: 0
10:46:07:  * Fragment programs: yes
10:46:07:  * Number of floating-point constants for fragment programs: 512
10:46:07:  * Number of integer constants for fragment programs: 0
10:46:07:  * Number of boolean constants for fragment programs: 0
10:46:07:  * Geometry programs: yes
10:46:07:  * Number of floating-point constants for geometry programs: 2048
10:46:07:  * Number of integer constants for geometry programs: 0
10:46:07:  * Number of boolean constants for geometry programs: 0
10:46:07:  * Tesselation Hull programs: no
10:46:07:  * Number of floating-point constants for tesselation hull programs: 25056
10:46:07:  * Number of integer constants for tesselation hull programs: 3300
10:46:07:  * Number of boolean constants for tesselation hull programs: 47928
10:46:07:  * Tesselation Domain programs: no
10:46:07:  * Number of floating-point constants for tesselation domain programs: 51643
10:46:07:  * Number of integer constants for tesselation domain programs: 19845
10:46:07:  * Number of boolean constants for tesselation domain programs: 44767
10:46:07:  * Compute programs: no
10:46:07:  * Number of floating-point constants for compute programs: 6008
10:46:07:  * Number of integer constants for compute programs: 54336
10:46:07:  * Number of boolean constants for compute programs: 7637
10:46:07:  * Supported Shader Profiles: arbfp1 arbvp1 fp20 fp30 fp40 glsl gp4fp gp4gp gp4vp gpu_fp gpu_gp gpu_vp nvgp4 vp30 vp40
10:46:07:  * Texture Compression: yes
10:46:07:    - DXT: yes
10:46:07:    - VTC: yes
10:46:07:    - PVRTC: no
10:46:07:    - ATC: no
10:46:07:    - ETC1: no
10:46:07:    - ETC2: no
10:46:07:    - BC4/BC5: no
10:46:07:    - BC6H/BC7: no
10:46:07:  * Scissor Rectangle: yes
10:46:07:  * Hardware Occlusion Query: yes
10:46:07:  * User clip planes: yes
10:46:07:  * VET_UBYTE4 vertex element type: yes
10:46:07:  * Infinite far plane projection: yes
10:46:07:  * Hardware render-to-texture: yes
10:46:07:  * Floating point textures: yes
10:46:07:  * Non-power-of-two textures: yes
10:46:07:  * 1d textures: yes
10:46:07:  * Volume textures: yes
10:46:07:  * Multiple Render Targets: 8
10:46:07:    - With different bit depths: yes
10:46:07:  * Point Sprites: yes
10:46:07:  * Extended point parameters: yes
10:46:07:  * Max Point Size: 2047
10:46:07:  * Vertex texture fetch: yes
10:46:07:  * Number of world matrices: 0
10:46:07:  * Number of texture units: 16
10:46:07:  * Stencil buffer depth: 8
10:46:07:  * Number of vertex blend matrices: 0
10:46:07:    - Max vertex textures: 32
10:46:07:    - Vertex textures shared: yes
10:46:07:  * Render to Vertex Buffer : yes
10:46:07:  * Hardware Atomic Counters: no
10:46:07:  * GL 1.5 without VBO workaround: no
10:46:07:  * Frame Buffer objects: yes
10:46:07:  * Frame Buffer objects (ARB extension): no
10:46:07:  * Frame Buffer objects (ATI extension): no
10:46:07:  * PBuffer support: yes
10:46:07:  * GL 1.5 without HW-occlusion workaround: no
10:46:07:  * Vertex Array Objects: no
10:46:07:  * Separate shader objects: no
10:46:07: DefaultWorkQueue('Root') initialising on thread 7f29a5fdc840.
10:46:07: DefaultWorkQueue('Root')::WorkerFunc - thread 7f2999780700 starting.
10:46:07: DefaultWorkQueue('Root')::WorkerFunc - thread 7f2998f7f700 starting.
10:46:07: DefaultWorkQueue('Root')::WorkerFunc - thread 7f2993fff700 starting.
10:46:07: DefaultWorkQueue('Root')::WorkerFunc - thread 7f29937fe700 starting.
10:46:07: DefaultWorkQueue('Root')::WorkerFunc - thread 7f2991ffb700 starting.
10:46:07: DefaultWorkQueue('Root')::WorkerFunc - thread 7f2992ffd700 starting.
10:46:07: DefaultWorkQueue('Root')::WorkerFunc - thread 7f29927fc700 starting.
10:46:07: DefaultWorkQueue('Root')::WorkerFunc - thread 7f29917fa700 starting.
10:46:07: Particle Renderer Type 'billboard' registered
10:46:07: SceneManagerFactory for type 'BspSceneManager' registered.
10:46:07: Registering ResourceManager for type BspLevel
10:46:07: SceneManagerFactory for type 'PCZSceneManager' registered.
10:46:07: MovableObjectFactory for type 'PCZLight' registered.
10:46:07: MovableObjectFactory for type 'Portal' registered.
10:46:07: MovableObjectFactory for type 'AntiPortal' registered.
10:46:07: PCZone Factory Type 'ZoneType_Octree' registered
10:46:07: SceneManagerFactory for type 'OctreeSceneManager' registered.
10:46:07: OverlayElementFactory for type Panel registered.
10:46:07: OverlayElementFactory for type BorderPanel registered.
10:46:07: OverlayElementFactory for type TextArea registered.
10:46:07: Registering ResourceManager for type Font
10:46:07: Parsing scripts for resource group Autodetect
10:46:07: Finished parsing scripts for resource group Autodetect
10:46:07: Creating resources for group Autodetect
10:46:07: All done
10:46:07: Parsing scripts for resource group Essential
10:46:07: Parsing script SdkTrays.material
10:46:07: Parsing script OgreProfiler.material
10:46:07: Parsing script SdkTrays.fontdef
10:46:07: Parsing script SdkTrays.overlay
10:46:07: Texture: sdk_cursor.png: Loading 1 faces(PF_A8R8G8B8,32x32x1) with 5 hardware generated mipmaps from Image. Internal format is PF_A8R8G8B8,32x32x1.
10:46:07: Texture: sdk_tray.png: Loading 1 faces(PF_A8R8G8B8,64x64x1) with 5 hardware generated mipmaps from Image. Internal format is PF_A8R8G8B8,64x64x1.
10:46:07: Texture: sdk_button_up.png: Loading 1 faces(PF_A8R8G8B8,128x32x1) with 5 hardware generated mipmaps from Image. Internal format is PF_A8R8G8B8,128x32x1.
10:46:07: Texture: sdk_text_box.png: Loading 1 faces(PF_A8R8G8B8,32x32x1) with 5 hardware generated mipmaps from Image. Internal format is PF_A8R8G8B8,32x32x1.
10:46:07: Texture: sdk_mini_tray.png: Loading 1 faces(PF_A8R8G8B8,32x32x1) with 5 hardware generated mipmaps from Image. Internal format is PF_A8R8G8B8,32x32x1.
10:46:07: Texture: sdk_track.png: Loading 1 faces(PF_A8R8G8B8,16x32x1) with 5 hardware generated mipmaps from Image. Internal format is PF_A8R8G8B8,16x32x1.
10:46:07: Texture: sdk_handle.png: Loading 1 faces(PF_A8R8G8B8,16x16x1) with 4 hardware generated mipmaps from Image. Internal format is PF_A8R8G8B8,16x16x1.
10:46:07: Texture: sdk_mini_text_box.png: Loading 1 faces(PF_A8R8G8B8,32x32x1) with 5 hardware generated mipmaps from Image. Internal format is PF_A8R8G8B8,32x32x1.
10:46:07: Texture: sdk_label.png: Loading 1 faces(PF_A8R8G8B8,32x32x1) with 5 hardware generated mipmaps from Image. Internal format is PF_A8R8G8B8,32x32x1.
10:46:07: Texture: sdk_separator.png: Loading 1 faces(PF_A8R8G8B8,64x16x1) with 5 hardware generated mipmaps from Image. Internal format is PF_A8R8G8B8,64x16x1.
10:46:07: Texture: sdk_logo.png: Loading 1 faces(PF_A8R8G8B8,128x64x1) with 5 hardware generated mipmaps from Image. Internal format is PF_A8R8G8B8,128x64x1.
10:46:07: Texture: sdk_shade.png: Loading 1 faces(PF_A8R8G8B8,64x48x1) with 5 hardware generated mipmaps from Image. Internal format is PF_A8R8G8B8,64x48x1.
10:46:07: Texture: sdk_frame.png: Loading 1 faces(PF_A8R8G8B8,32x32x1) with 5 hardware generated mipmaps from Image. Internal format is PF_A8R8G8B8,32x32x1.
10:46:07: Texture: sdk_mini_text_box_over.png: Loading 1 faces(PF_A8R8G8B8,32x32x1) with 5 hardware generated mipmaps from Image. Internal format is PF_A8R8G8B8,32x32x1.
10:46:07: Texture: sdk_pulse.png: Loading 1 faces(PF_R8G8B8,8x1x1) with 3 hardware generated mipmaps from Image. Internal format is PF_X8R8G8B8,8x1x1.
10:46:07: Finished parsing scripts for resource group Essential
10:46:07: Creating resources for group Essential
10:46:07: All done
10:46:07: Parsing scripts for resource group General
10:46:07: Finished parsing scripts for resource group General
10:46:07: Creating resources for group General
10:46:07: All done
10:46:07: Parsing scripts for resource group Internal
10:46:07: Finished parsing scripts for resource group Internal
10:46:07: Creating resources for group Internal
10:46:07: All done
10:46:07: Parsing scripts for resource group Popular
10:46:07: Parsing script DualQuaternion.program
10:46:07: Parsing script Instancing.program
10:46:07: Parsing script Examples.program
10:46:07: Parsing script StdQuad_vp.program
10:46:07: Parsing script deferred_post.program
10:46:07: Parsing script ShadowCaster.program
10:46:07: Parsing script GBuffer.program
10:46:07: Parsing script triplanarReference.program
10:46:07: Parsing script pssm.material
10:46:07: Parsing script GLSLSwizzle.material
10:46:07: Parsing script HW_VTFInstancing.material
10:46:07: Parsing script CompositorDemo.material
10:46:07: Parsing script facial.material
10:46:07: Parsing script MRTtest.material
10:46:07: Parsing script OldMovie.material
10:46:07: Parsing script BlackAndWhite.material
10:46:07: Parsing script VTFInstancing.material
10:46:07: Parsing script Tesselation.material
10:46:07: Parsing script OldTV.material
10:46:07: Parsing script Tiling.material
10:46:07: Parsing script ShaderInstancing.material
10:46:07: Parsing script CGSwizzle.material
10:46:07: Parsing script HWInstancing.material
10:46:07: Parsing script smoke.material
10:46:07: Parsing script RadialBlur.material
10:46:07: Parsing script ASCII.material
10:46:07: Parsing script Bloom.material
10:46:07: Parsing script DualQuaternion.material
10:46:07: Parsing script Invert.material
10:46:07: Parsing script Ogre.material
10:46:07: Parsing script Examples-DynTex.material
10:46:07: Parsing script NightVision.material
10:46:07: Parsing script OffsetMapping.material
10:46:07: Compiler error: object unsupported by render system in OffsetMapping.material(35): , Shader name: Examples/OffsetMappingPSAsm
10:46:07: Parsing script HW_VTF_LUTInstancing.material
10:46:07: Parsing script Posterize.material
10:46:07: Parsing script Hurt.material
10:46:07: Parsing script MotionBlur.material
10:46:07: Parsing script RasterizationOrder.material
10:46:07: Parsing script Penguin.material
10:46:07: Parsing script DepthShadowmap.material
10:46:07: Parsing script Dither.material
10:46:07: Parsing script SharpenEdges.material
10:46:07: Parsing script VarianceShadowmap.material
10:46:07: Parsing script Halftone.material
10:46:07: Parsing script RZR-002.material
10:46:07: Parsing script Examples.material
10:46:07: Parsing script Ocean.material
10:46:07: Parsing script InstancingMisc.material
10:46:07: Parsing script Glass.material
10:46:07: Parsing script ASMSwizzle.material
10:46:07: Parsing script shadows.material
10:46:07: Parsing script hdr.material
10:46:07: Parsing script Bloom2.material
10:46:07: Parsing script instancing.material
10:46:07: Parsing script Embossed.material
10:46:07: Parsing script Laplace.material
10:46:07: Parsing script sibenik.material
10:46:07: Parsing script DOF.material
10:46:07: Parsing script ParticleGS.material
10:46:07: Parsing script Example-Water.material
10:46:07: Parsing script Examples-Water.material
10:46:07: Parsing script IsoSurf.material
10:46:07: Parsing script ShaderSystem.material
10:46:07: Parsing script AdaptivePNTrianglesTessellation.material
10:46:07: Parsing script Examples-Advanced.material
10:46:07: Compiler error: object unsupported by render system in Examples-Advanced.material(728): , Shader name: Examples/FresnelRefractReflectPS
10:46:07: Parsing script HeatVision.material
10:46:07: Parsing script ssao.material
10:46:07: Parsing script deferred_post_minilight.material
10:46:07: Parsing script ShadowCaster.material
10:46:07: Parsing script deferreddemo.material
10:46:07: Parsing script deferred_post.material
10:46:07: Parsing script ROOM.material
10:46:07: Parsing script DualQuaternionSkinning_Shadow.material
10:46:07: OGRE EXCEPTION(6:FileNotFoundException): Cannot locate resource DualQuaternionSkinning_ShadowOneWeight.glsl in resource group Popular or any other group. in ResourceGroupManager::openResource at /build/buildd/ogre-1.9-1.9.0+dfsg1/OgreMain/src/OgreResourceGroupManager.cpp (line 756)
10:46:07: High-level program Ogre/RTShader/shadow_caster_dq_skinning_1weight_vs_glsl encountered an error during loading and is thus not supported.
OGRE EXCEPTION(6:FileNotFoundException): Cannot locate resource DualQuaternionSkinning_ShadowOneWeight.glsl in resource group Popular or any other group. in ResourceGroupManager::openResource at /build/buildd/ogre-1.9-1.9.0+dfsg1/OgreMain/src/OgreResourceGroupManager.cpp (line 756)
10:46:07: OGRE EXCEPTION(2:InvalidParametersException): Named constants have not been initialised, perhaps a compile error. in GpuProgramParameters::_findNamedConstantDefinition at /build/buildd/ogre-1.9-1.9.0+dfsg1/OgreMain/src/OgreGpuProgramParams.cpp (line 1709)
10:46:07: Compiler error: invalid parameters in DualQuaternionSkinning_Shadow.material(121): setting of constant failed
10:46:07: OGRE EXCEPTION(2:InvalidParametersException): Named constants have not been initialised, perhaps a compile error. in GpuProgramParameters::_findNamedConstantDefinition at /build/buildd/ogre-1.9-1.9.0+dfsg1/OgreMain/src/OgreGpuProgramParams.cpp (line 1709)
10:46:07: Compiler error: invalid parameters in DualQuaternionSkinning_Shadow.material(122): setting of constant failed
10:46:07: OGRE EXCEPTION(2:InvalidParametersException): Named constants have not been initialised, perhaps a compile error. in GpuProgramParameters::_findNamedConstantDefinition at /build/buildd/ogre-1.9-1.9.0+dfsg1/OgreMain/src/OgreGpuProgramParams.cpp (line 1709)
10:46:07: Compiler error: invalid parameters in DualQuaternionSkinning_Shadow.material(123): setting of constant failed
10:46:07: OGRE EXCEPTION(6:FileNotFoundException): Cannot locate resource DualQuaternionSkinning_ShadowTwoWeights.glsl in resource group Popular or any other group. in ResourceGroupManager::openResource at /build/buildd/ogre-1.9-1.9.0+dfsg1/OgreMain/src/OgreResourceGroupManager.cpp (line 756)
10:46:07: High-level program Ogre/RTShader/shadow_caster_dq_skinning_2weight_vs_glsl encountered an error during loading and is thus not supported.
OGRE EXCEPTION(6:FileNotFoundException): Cannot locate resource DualQuaternionSkinning_ShadowTwoWeights.glsl in resource group Popular or any other group. in ResourceGroupManager::openResource at /build/buildd/ogre-1.9-1.9.0+dfsg1/OgreMain/src/OgreResourceGroupManager.cpp (line 756)
10:46:07: OGRE EXCEPTION(2:InvalidParametersException): Named constants have not been initialised, perhaps a compile error. in GpuProgramParameters::_findNamedConstantDefinition at /build/buildd/ogre-1.9-1.9.0+dfsg1/OgreMain/src/OgreGpuProgramParams.cpp (line 1709)
10:46:07: Compiler error: invalid parameters in DualQuaternionSkinning_Shadow.material(135): setting of constant failed
10:46:07: OGRE EXCEPTION(2:InvalidParametersException): Named constants have not been initialised, perhaps a compile error. in GpuProgramParameters::_findNamedConstantDefinition at /build/buildd/ogre-1.9-1.9.0+dfsg1/OgreMain/src/OgreGpuProgramParams.cpp (line 1709)
10:46:07: Compiler error: invalid parameters in DualQuaternionSkinning_Shadow.material(136): setting of constant failed
10:46:07: OGRE EXCEPTION(2:InvalidParametersException): Named constants have not been initialised, perhaps a compile error. in GpuProgramParameters::_findNamedConstantDefinition at /build/buildd/ogre-1.9-1.9.0+dfsg1/OgreMain/src/OgreGpuProgramParams.cpp (line 1709)
10:46:07: Compiler error: invalid parameters in DualQuaternionSkinning_Shadow.material(137): setting of constant failed
10:46:07: OGRE EXCEPTION(6:FileNotFoundException): Cannot locate resource DualQuaternionSkinning_ShadowThreeWeights.glsl in resource group Popular or any other group. in ResourceGroupManager::openResource at /build/buildd/ogre-1.9-1.9.0+dfsg1/OgreMain/src/OgreResourceGroupManager.cpp (line 756)
10:46:07: High-level program Ogre/RTShader/shadow_caster_dq_skinning_3weight_vs_glsl encountered an error during loading and is thus not supported.
OGRE EXCEPTION(6:FileNotFoundException): Cannot locate resource DualQuaternionSkinning_ShadowThreeWeights.glsl in resource group Popular or any other group. in ResourceGroupManager::openResource at /build/buildd/ogre-1.9-1.9.0+dfsg1/OgreMain/src/OgreResourceGroupManager.cpp (line 756)
10:46:07: OGRE EXCEPTION(2:InvalidParametersException): Named constants have not been initialised, perhaps a compile error. in GpuProgramParameters::_findNamedConstantDefinition at /build/buildd/ogre-1.9-1.9.0+dfsg1/OgreMain/src/OgreGpuProgramParams.cpp (line 1709)
10:46:07: Compiler error: invalid parameters in DualQuaternionSkinning_Shadow.material(149): setting of constant failed
10:46:07: OGRE EXCEPTION(2:InvalidParametersException): Named constants have not been initialised, perhaps a compile error. in GpuProgramParameters::_findNamedConstantDefinition at /build/buildd/ogre-1.9-1.9.0+dfsg1/OgreMain/src/OgreGpuProgramParams.cpp (line 1709)
10:46:07: Compiler error: invalid parameters in DualQuaternionSkinning_Shadow.material(150): setting of constant failed
10:46:07: OGRE EXCEPTION(2:InvalidParametersException): Named constants have not been initialised, perhaps a compile error. in GpuProgramParameters::_findNamedConstantDefinition at /build/buildd/ogre-1.9-1.9.0+dfsg1/OgreMain/src/OgreGpuProgramParams.cpp (line 1709)
10:46:07: Compiler error: invalid parameters in DualQuaternionSkinning_Shadow.material(151): setting of constant failed
10:46:07: OGRE EXCEPTION(6:FileNotFoundException): Cannot locate resource DualQuaternionSkinning_ShadowFourWeights.glsl in resource group Popular or any other group. in ResourceGroupManager::openResource at /build/buildd/ogre-1.9-1.9.0+dfsg1/OgreMain/src/OgreResourceGroupManager.cpp (line 756)
10:46:07: High-level program Ogre/RTShader/shadow_caster_dq_skinning_4weight_vs_glsl encountered an error during loading and is thus not supported.
OGRE EXCEPTION(6:FileNotFoundException): Cannot locate resource DualQuaternionSkinning_ShadowFourWeights.glsl in resource group Popular or any other group. in ResourceGroupManager::openResource at /build/buildd/ogre-1.9-1.9.0+dfsg1/OgreMain/src/OgreResourceGroupManager.cpp (line 756)
10:46:07: OGRE EXCEPTION(2:InvalidParametersException): Named constants have not been initialised, perhaps a compile error. in GpuProgramParameters::_findNamedConstantDefinition at /build/buildd/ogre-1.9-1.9.0+dfsg1/OgreMain/src/OgreGpuProgramParams.cpp (line 1709)
10:46:07: Compiler error: invalid parameters in DualQuaternionSkinning_Shadow.material(163): setting of constant failed
10:46:07: OGRE EXCEPTION(2:InvalidParametersException): Named constants have not been initialised, perhaps a compile error. in GpuProgramParameters::_findNamedConstantDefinition at /build/buildd/ogre-1.9-1.9.0+dfsg1/OgreMain/src/OgreGpuProgramParams.cpp (line 1709)
10:46:07: Compiler error: invalid parameters in DualQuaternionSkinning_Shadow.material(164): setting of constant failed
10:46:07: OGRE EXCEPTION(2:InvalidParametersException): Named constants have not been initialised, perhaps a compile error. in GpuProgramParameters::_findNamedConstantDefinition at /build/buildd/ogre-1.9-1.9.0+dfsg1/OgreMain/src/OgreGpuProgramParams.cpp (line 1709)
10:46:07: Compiler error: invalid parameters in DualQuaternionSkinning_Shadow.material(165): setting of constant failed
10:46:07: OGRE EXCEPTION(6:FileNotFoundException): Cannot locate resource DualQuaternionSkinning_ShadowCasterTwoPhaseTwoWeights.glsl in resource group Popular or any other group. in ResourceGroupManager::openResource at /build/buildd/ogre-1.9-1.9.0+dfsg1/OgreMain/src/OgreResourceGroupManager.cpp (line 756)
10:46:07: High-level program Ogre/RTShader/shadow_caster_dq_skinning_2weight_twophase_vs_glsl encountered an error during loading and is thus not supported.
OGRE EXCEPTION(6:FileNotFoundException): Cannot locate resource DualQuaternionSkinning_ShadowCasterTwoPhaseTwoWeights.glsl in resource group Popular or any other group. in ResourceGroupManager::openResource at /build/buildd/ogre-1.9-1.9.0+dfsg1/OgreMain/src/OgreResourceGroupManager.cpp (line 756)
10:46:07: OGRE EXCEPTION(2:InvalidParametersException): Named constants have not been initialised, perhaps a compile error. in GpuProgramParameters::_findNamedConstantDefinition at /build/buildd/ogre-1.9-1.9.0+dfsg1/OgreMain/src/OgreGpuProgramParams.cpp (line 1709)
10:46:07: Compiler error: invalid parameters in DualQuaternionSkinning_Shadow.material(374): setting of constant failed
10:46:07: OGRE EXCEPTION(2:InvalidParametersException): Named constants have not been initialised, perhaps a compile error. in GpuProgramParameters::_findNamedConstantDefinition at /build/buildd/ogre-1.9-1.9.0+dfsg1/OgreMain/src/OgreGpuProgramParams.cpp (line 1709)
10:46:07: Compiler error: invalid parameters in DualQuaternionSkinning_Shadow.material(375): setting of constant failed
10:46:07: OGRE EXCEPTION(2:InvalidParametersException): Named constants have not been initialised, perhaps a compile error. in GpuProgramParameters::_findNamedConstantDefinition at /build/buildd/ogre-1.9-1.9.0+dfsg1/OgreMain/src/OgreGpuProgramParams.cpp (line 1709)
10:46:07: Compiler error: invalid parameters in DualQuaternionSkinning_Shadow.material(376): setting of constant failed
10:46:07: OGRE EXCEPTION(2:InvalidParametersException): Named constants have not been initialised, perhaps a compile error. in GpuProgramParameters::_findNamedConstantDefinition at /build/buildd/ogre-1.9-1.9.0+dfsg1/OgreMain/src/OgreGpuProgramParams.cpp (line 1709)
10:46:07: Compiler error: invalid parameters in DualQuaternionSkinning_Shadow.material(377): setting of constant failed
10:46:07: OGRE EXCEPTION(6:FileNotFoundException): Cannot locate resource DualQuaternionSkinning_ShadowPassThrough_ps.glsl in resource group Popular or any other group. in ResourceGroupManager::openResource at /build/buildd/ogre-1.9-1.9.0+dfsg1/OgreMain/src/OgreResourceGroupManager.cpp (line 756)
10:46:07: High-level program Ogre/RTShader/shadow_caster_dq_ps_glsl encountered an error during loading and is thus not supported.
OGRE EXCEPTION(6:FileNotFoundException): Cannot locate resource DualQuaternionSkinning_ShadowPassThrough_ps.glsl in resource group Popular or any other group. in ResourceGroupManager::openResource at /build/buildd/ogre-1.9-1.9.0+dfsg1/OgreMain/src/OgreResourceGroupManager.cpp (line 756)
10:46:07: Parsing script RTShaderSystem.material
10:46:07: Compiler error: unknown error in RTShaderSystem.material(23): token "rtshader_system" is not recognized
10:46:07: Compiler error: unknown error in RTShaderSystem.material(52): token "rtshader_system" is not recognized
10:46:07: Compiler error: unknown error in RTShaderSystem.material(81): token "rtshader_system" is not recognized
10:46:07: Compiler error: unknown error in RTShaderSystem.material(110): token "rtshader_system" is not recognized
10:46:07: Compiler error: unknown error in RTShaderSystem.material(146): token "rtshader_system" is not recognized
10:46:07: Compiler error: unknown error in RTShaderSystem.material(81): token "rtshader_system" is not recognized
10:46:07: Compiler error: unknown error in RTShaderSystem.material(162): token "rtshader_system" is not recognized
10:46:07: Compiler error: unknown error in RTShaderSystem.material(81): token "rtshader_system" is not recognized
10:46:07: Compiler error: unknown error in RTShaderSystem.material(110): token "rtshader_system" is not recognized
10:46:07: Compiler error: unknown error in RTShaderSystem.material(211): token "rtshader_system" is not recognized
10:46:07: Parsing script TriplanarTexturing.material
10:46:07: Compiler error: unknown error in TriplanarTexturing.material(9): token "rtshader_system" is not recognized
10:46:07: Parsing script HardwareSkinningShadow.material
10:46:07: OGRE EXCEPTION(6:FileNotFoundException): Cannot locate resource HardwareSkinningShadow_TwoWeights.glsl in resource group Popular or any other group. in ResourceGroupManager::openResource at /build/buildd/ogre-1.9-1.9.0+dfsg1/OgreMain/src/OgreResourceGroupManager.cpp (line 756)
10:46:07: High-level program Ogre/RTShader/shadow_caster_skinning_2weight_vs_glsl encountered an error during loading and is thus not supported.
OGRE EXCEPTION(6:FileNotFoundException): Cannot locate resource HardwareSkinningShadow_TwoWeights.glsl in resource group Popular or any other group. in ResourceGroupManager::openResource at /build/buildd/ogre-1.9-1.9.0+dfsg1/OgreMain/src/OgreResourceGroupManager.cpp (line 756)
10:46:07: OGRE EXCEPTION(2:InvalidParametersException): Named constants have not been initialised, perhaps a compile error. in GpuProgramParameters::_findNamedConstantDefinition at /build/buildd/ogre-1.9-1.9.0+dfsg1/OgreMain/src/OgreGpuProgramParams.cpp (line 1709)
10:46:07: Compiler error: invalid parameters in HardwareSkinningShadow.material(169): setting of constant failed
10:46:07: OGRE EXCEPTION(2:InvalidParametersException): Named constants have not been initialised, perhaps a compile error. in GpuProgramParameters::_findNamedConstantDefinition at /build/buildd/ogre-1.9-1.9.0+dfsg1/OgreMain/src/OgreGpuProgramParams.cpp (line 1709)
10:46:07: Compiler error: invalid parameters in HardwareSkinningShadow.material(170): setting of constant failed
10:46:07: OGRE EXCEPTION(2:InvalidParametersException): Named constants have not been initialised, perhaps a compile error. in GpuProgramParameters::_findNamedConstantDefinition at /build/buildd/ogre-1.9-1.9.0+dfsg1/OgreMain/src/OgreGpuProgramParams.cpp (line 1709)
10:46:07: Compiler error: invalid parameters in HardwareSkinningShadow.material(171): setting of constant failed
10:46:07: OGRE EXCEPTION(6:FileNotFoundException): Cannot locate resource HardwareSkinningShadow_Fragment.glsl in resource group Popular or any other group. in ResourceGroupManager::openResource at /build/buildd/ogre-1.9-1.9.0+dfsg1/OgreMain/src/OgreResourceGroupManager.cpp (line 756)
10:46:07: High-level program Ogre/RTShader/shadow_caster_ps_glsl encountered an error during loading and is thus not supported.
OGRE EXCEPTION(6:FileNotFoundException): Cannot locate resource HardwareSkinningShadow_Fragment.glsl in resource group Popular or any other group. in ResourceGroupManager::openResource at /build/buildd/ogre-1.9-1.9.0+dfsg1/OgreMain/src/OgreResourceGroupManager.cpp (line 756)
10:46:07: Parsing script CreaseShading.material
10:46:07: Parsing script ShowDepth.material
10:46:07: Parsing script Volumetric.material
10:46:07: Parsing script Modulate.material
10:46:07: Parsing script GBuffer.material
10:46:07: Parsing script ShowNormals.material
10:46:07: Parsing script HemisphereMC.material
10:46:07: Parsing script HorizonBased.material
10:46:07: Parsing script ShowViewPos.material
10:46:07: Parsing script SSAOPost.material
10:46:07: Parsing script Crytek.material
10:46:07: Parsing script UnsharpMask.material
10:46:07: Parsing script triplanarReference.material
10:46:07: Parsing script RomanBath.material
10:46:07: Parsing script Sinbad.material
10:46:07: Parsing script smoke.particle
10:46:07: Parsing script Examples-Water.particle
10:46:07: Parsing script Examples.particle
10:46:07: Parsing script emitted_emitter.particle
10:46:07: Parsing script Examples.compositor
10:46:07: Parsing script ssao.compositor
10:46:07: Parsing script deferred.compositor
10:46:07: Parsing script SSAO.compositor
10:46:07: Parsing script SSAOPost.compositor
10:46:07: Finished parsing scripts for resource group Popular
10:46:07: Creating resources for group Popular
10:46:07: All done
10:46:07: Parsing scripts for resource group Tests
10:46:07: Finished parsing scripts for resource group Tests
10:46:07: Creating resources for group Tests
10:46:07: All done
10:46:08: Texture: rockwall.tga: Loading 1 faces(PF_R8G8B8,256x256x1) with 5 hardware generated mipmaps from Image. Internal format is PF_X8R8G8B8,256x256x1.
10:46:08: *** Initializing OIS ***
10:46:08: Texture: spot_shadow_fade.png: Loading 1 faces(PF_R8G8B8,128x128x1) with 5 hardware generated mipmaps from Image. Internal format is PF_X8R8G8B8,128x128x1.
10:46:08: Font SdkTrays/Caption using texture size 512x256
10:46:08: Info: Freetype returned null for character 160 in font SdkTrays/Caption
10:46:08: Texture: SdkTrays/CaptionTexture: Loading 1 faces(PF_BYTE_LA,512x256x1) Internal format is PF_BYTE_LA,512x256x1.
10:46:08: Font SdkTrays/Value using texture size 512x256
10:46:08: Info: Freetype returned null for character 127 in font SdkTrays/Value
10:46:08: Info: Freetype returned null for character 128 in font SdkTrays/Value
10:46:08: Info: Freetype returned null for character 129 in font SdkTrays/Value
10:46:08: Info: Freetype returned null for character 130 in font SdkTrays/Value
10:46:08: Info: Freetype returned null for character 131 in font SdkTrays/Value
10:46:08: Info: Freetype returned null for character 132 in font SdkTrays/Value
10:46:08: Info: Freetype returned null for character 133 in font SdkTrays/Value
10:46:08: Info: Freetype returned null for character 134 in font SdkTrays/Value
10:46:08: Info: Freetype returned null for character 135 in font SdkTrays/Value
10:46:08: Info: Freetype returned null for character 136 in font SdkTrays/Value
10:46:08: Info: Freetype returned null for character 137 in font SdkTrays/Value
10:46:08: Info: Freetype returned null for character 138 in font SdkTrays/Value
10:46:08: Info: Freetype returned null for character 139 in font SdkTrays/Value
10:46:08: Info: Freetype returned null for character 140 in font SdkTrays/Value
10:46:08: Info: Freetype returned null for character 141 in font SdkTrays/Value
10:46:08: Info: Freetype returned null for character 142 in font SdkTrays/Value
10:46:08: Info: Freetype returned null for character 143 in font SdkTrays/Value
10:46:08: Info: Freetype returned null for character 144 in font SdkTrays/Value
10:46:08: Info: Freetype returned null for character 145 in font SdkTrays/Value
10:46:08: Info: Freetype returned null for character 146 in font SdkTrays/Value
10:46:08: Info: Freetype returned null for character 147 in font SdkTrays/Value
10:46:08: Info: Freetype returned null for character 148 in font SdkTrays/Value
10:46:08: Info: Freetype returned null for character 149 in font SdkTrays/Value
10:46:08: Info: Freetype returned null for character 150 in font SdkTrays/Value
10:46:08: Info: Freetype returned null for character 151 in font SdkTrays/Value
10:46:08: Info: Freetype returned null for character 152 in font SdkTrays/Value
10:46:08: Info: Freetype returned null for character 153 in font SdkTrays/Value
10:46:08: Info: Freetype returned null for character 154 in font SdkTrays/Value
10:46:08: Info: Freetype returned null for character 155 in font SdkTrays/Value
10:46:08: Info: Freetype returned null for character 156 in font SdkTrays/Value
10:46:08: Info: Freetype returned null for character 157 in font SdkTrays/Value
10:46:08: Info: Freetype returned null for character 158 in font SdkTrays/Value
10:46:08: Info: Freetype returned null for character 159 in font SdkTrays/Value
10:46:08: Info: Freetype returned null for character 160 in font SdkTrays/Value
10:46:08: Texture: SdkTrays/ValueTexture: Loading 1 faces(PF_BYTE_LA,512x256x1) Internal format is PF_BYTE_LA,512x256x1.
10:46:14: Unregistering ResourceManager for type Font
10:46:14: DefaultWorkQueue('Root') shutting down on thread 7f29a5fdc840.
10:46:14: DefaultWorkQueue('Root')::WorkerFunc - thread 7f2999780700 stopped.
10:46:14: DefaultWorkQueue('Root')::WorkerFunc - thread 7f2992ffd700 stopped.
10:46:14: DefaultWorkQueue('Root')::WorkerFunc - thread 7f2993fff700 stopped.
10:46:14: DefaultWorkQueue('Root')::WorkerFunc - thread 7f29937fe700 stopped.
10:46:14: DefaultWorkQueue('Root')::WorkerFunc - thread 7f2991ffb700 stopped.
10:46:14: DefaultWorkQueue('Root')::WorkerFunc - thread 7f2998f7f700 stopped.
10:46:14: DefaultWorkQueue('Root')::WorkerFunc - thread 7f29927fc700 stopped.
10:46:14: DefaultWorkQueue('Root')::WorkerFunc - thread 7f29917fa700 stopped.
10:46:14: PCZone Factory Type 'ZoneType_Octree' unregistered
10:46:14: Unregistering ResourceManager for type BspLevel
10:46:14: *-*-* OGRE Shutdown
10:46:14: Unregistering ResourceManager for type Compositor
10:46:14: Unregistering ResourceManager for type Skeleton
10:46:14: Unregistering ResourceManager for type Mesh
10:46:14: Unregistering ResourceManager for type HighLevelGpuProgram
10:46:14: Uninstalling plugin: Octree Scene Manager
10:46:14: Plugin successfully uninstalled
10:46:14: Unloading library /usr/lib/x86_64-linux-gnu/OGRE-1.9.0/Plugin_OctreeSceneManager
10:46:14: Uninstalling plugin: Octree Zone Factory
10:46:14: Plugin successfully uninstalled
10:46:14: Unloading library /usr/lib/x86_64-linux-gnu/OGRE-1.9.0/Plugin_OctreeZone
10:46:14: Uninstalling plugin: Portal Connected Zone Scene Manager
10:46:14: Plugin successfully uninstalled
10:46:14: Unloading library /usr/lib/x86_64-linux-gnu/OGRE-1.9.0/Plugin_PCZSceneManager
10:46:14: Uninstalling plugin: BSP Scene Manager
10:46:14: Plugin successfully uninstalled
10:46:14: Unloading library /usr/lib/x86_64-linux-gnu/OGRE-1.9.0/Plugin_BSPSceneManager
10:46:14: Uninstalling plugin: ParticleFX
10:46:14: Plugin successfully uninstalled
10:46:14: Unloading library /usr/lib/x86_64-linux-gnu/OGRE-1.9.0/Plugin_ParticleFX
10:46:14: Uninstalling plugin: GL RenderSystem
10:46:15: Entered video mode 1920x1200 @ 50Hz
10:46:15: Unregistering ResourceManager for type GpuProgram
10:46:15: ******************************
*** Stopping GLX Subsystem ***
******************************
10:46:15: Unregistering ResourceManager for type Texture
10:46:15: Plugin successfully uninstalled
10:46:15: Unloading library /usr/lib/x86_64-linux-gnu/OGRE-1.9.0/RenderSystem_GL
10:46:15: Unregistering ResourceManager for type Material
